<?xml version="1.0" encoding="UTF-8"?>
<robot generator="Robot 7.2.2 (Python 3.12.8 on win32)" generated="2025-05-19T13:10:27.004561" rpa="false" schemaversion="5">
<suite id="s1" name="Broker SelfService Automation" source="C:\Users\e087261\VS_Code\Broker_SelfService_Automation">
<suite id="s1-s1" name="Tests" source="C:\Users\e087261\VS_Code\Broker_SelfService_Automation\tests">
<suite id="s1-s1-s1" name="BrokerSelfService Cancellation" source="C:\Users\e087261\VS_Code\Broker_SelfService_Automation\tests\BrokerSelfService_Cancellation.robot">
<kw name="BrokerSelfService Test Setup" owner="master" type="SETUP">
<kw name="Get Checkin Checkout Date" owner="GET_API_Requests">
<kw name="Get Current Date" owner="DateTime">
<msg time="2025-05-19T13:10:28.505198" level="INFO">${checkIn_date} = 2025-05-19</msg>
<var>${checkIn_date}</var>
<arg>result_format=%Y-%m-%d</arg>
<doc>Returns current local or UTC time with an optional increment.</doc>
<status status="PASS" start="2025-05-19T13:10:28.505198" elapsed="0.000000"/>
</kw>
<kw name="Add Time To Date" owner="DateTime">
<msg time="2025-05-19T13:10:28.521200" level="INFO">${checkIn_date} = 2025-05-26</msg>
<var>${checkIn_date}</var>
<arg>${checkIn_date}</arg>
<arg>7 days</arg>
<arg>result_format=%Y-%m-%d</arg>
<doc>Adds time to date and returns the resulting date.</doc>
<status status="PASS" start="2025-05-19T13:10:28.505198" elapsed="0.016002"/>
</kw>
<kw name="Add Time To Date" owner="DateTime">
<msg time="2025-05-19T13:10:28.529480" level="INFO">${checkOut_date} = 2025-05-31</msg>
<var>${checkOut_date}</var>
<arg>${checkIn_date}</arg>
<arg>${lengthOfStay} days</arg>
<arg>result_format=%Y-%m-%d</arg>
<doc>Adds time to date and returns the resulting date.</doc>
<status status="PASS" start="2025-05-19T13:10:28.521200" elapsed="0.008280"/>
</kw>
<kw name="Set Suite Variable" owner="BuiltIn">
<msg time="2025-05-19T13:10:28.530501" level="INFO">${checkIn_date} = 2025-05-26</msg>
<arg>${checkIn_date}</arg>
<doc>Makes a variable available everywhere within the scope of the current suite.</doc>
<status status="PASS" start="2025-05-19T13:10:28.530501" elapsed="0.000000"/>
</kw>
<kw name="Set Suite Variable" owner="BuiltIn">
<msg time="2025-05-19T13:10:28.530501" level="INFO">${checkOut_date} = 2025-05-31</msg>
<arg>${checkOut_date}</arg>
<doc>Makes a variable available everywhere within the scope of the current suite.</doc>
<status status="PASS" start="2025-05-19T13:10:28.530501" elapsed="0.000000"/>
</kw>
<doc>Get checkin date</doc>
<status status="PASS" start="2025-05-19T13:10:28.505198" elapsed="0.025303"/>
</kw>
<kw name="GET Tour Allotments" owner="GET_API_Requests">
<kw name="GET Access Token" owner="GetAuth">
<kw name="Create Dictionary" owner="BuiltIn">
<msg time="2025-05-19T13:10:28.530501" level="INFO">${headers} = {'Content-Type': 'application/x-www-form-urlencoded'}</msg>
<var>${headers}</var>
<arg>${CONTENT_TYPE_ID}=${CONTENT_TYPE_VALUE}</arg>
<doc>Creates and returns a dictionary based on the given ``items``.</doc>
<status status="PASS" start="2025-05-19T13:10:28.530501" elapsed="0.000000"/>
</kw>
<kw name="Create Dictionary" owner="BuiltIn">
<msg time="2025-05-19T13:10:28.537797" level="INFO">${query_params} = {'scope': 'Client_Credential', 'grant_type': 'client_credentials', 'client_id': '0oa11ab355wq2nMAq2p8', 'client_secret': '5NAlkO5t1gduRsNj4bzhIa6QAjeF0bxkuRnucMaP2YQa53hOPbi3H5qI36N2QqGY'}</msg>
<var>${query_params}</var>
<arg>${SCOPE_ID}=${SCOPE_VALUE}</arg>
<arg>${GRANT_TYPE_ID}=${GRANT_TYPE_VALUE}</arg>
<arg>${CLIENT_ID}=${CLIENT_VALUE}</arg>
<arg>${CLIENT_SECRET_ID}=${CLIENT_SECRET_VALUE}</arg>
<doc>Creates and returns a dictionary based on the given ``items``.</doc>
<status status="PASS" start="2025-05-19T13:10:28.530501" elapsed="0.007296"/>
</kw>
<kw name="Create Session" owner="RequestsLibrary">
<msg time="2025-05-19T13:10:28.537797" level="INFO">Creating Session using : alias=Session, url=https://orangelake.okta.com, headers={'Content-Type': 'application/x-www-form-urlencoded'},                     cookies={}, auth=None, timeout=None, proxies=None, verify=True,                     debug=0 </msg>
<arg>Session</arg>
<arg>${BASE_AUTH_URL}</arg>
<arg>headers=${headers}</arg>
<arg>verify=true</arg>
<doc>Create Session: create a HTTP session to a server</doc>
<status status="PASS" start="2025-05-19T13:10:28.537797" elapsed="0.000000"/>
</kw>
<kw name="POST On Session" owner="RequestsLibrary">
<msg time="2025-05-19T13:10:30.640767" level="INFO">POST Request : url=https://orangelake.okta.com/oauth2/aus62qhmnrywYgNdu2p7/v1/token?scope=Client_Credential&amp;grant_type=client_credentials&amp;client_id=0oa11ab355wq2nMAq2p8&amp;client_secret=5NAlkO5t1gduRsNj4bzhIa6QAjeF0bxkuRnucMaP2YQa53hOPbi3H5qI36N2QqGY 
 path_url=/oauth2/aus62qhmnrywYgNdu2p7/v1/token?scope=Client_Credential&amp;grant_type=client_credentials&amp;client_id=0oa11ab355wq2nMAq2p8&amp;client_secret=5NAlkO5t1gduRsNj4bzhIa6QAjeF0bxkuRnucMaP2YQa53hOPbi3H5qI36N2QqGY 
 headers={'User-Agent': 'python-requests/2.32.3', 'Accept-Encoding': 'gzip, deflate', 'Accept': '*/*', 'Connection': 'keep-alive', 'Content-Type': 'application/x-www-form-urlencoded', 'Content-Length': '0'} 
 body=None 
 </msg>
<msg time="2025-05-19T13:10:30.640767" level="INFO">POST Response : url=https://orangelake.okta.com/oauth2/aus62qhmnrywYgNdu2p7/v1/token?scope=Client_Credential&amp;grant_type=client_credentials&amp;client_id=0oa11ab355wq2nMAq2p8&amp;client_secret=5NAlkO5t1gduRsNj4bzhIa6QAjeF0bxkuRnucMaP2YQa53hOPbi3H5qI36N2QqGY 
 status=200, reason=OK 
 headers={'Date': 'Mon, 19 May 2025 07:40:30 GMT', 'Content-Type': 'application/json', 'Transfer-Encoding': 'chunked', 'Connection': 'keep-alive', 'Server': 'nginx', 'x-okta-request-id': 'f62ca5eb382438335b2c13695899f653', 'x-xss-protection': '0', 'p3p': 'CP="HONK"', 'set-cookie': 'sid="";Version=1;Path=/;Max-Age=0, xids="";Version=1;Path=/;Max-Age=0, autolaunch_triggered=""; Expires=Thu, 01 Jan 1970 00:00:10 GMT; Path=/, activate_ca_modal_triggered=""; Expires=Thu, 01 Jan 1970 00:00:10 GMT; Path=/, JSESSIONID=4E2C74998C73A72EA95E003A4EF370B5; Path=/; Secure; HttpOnly', 'content-security-policy-report-only': "default-src 'self' orangelake.okta.com *.oktacdn.com; connect-src 'self' orangelake.okta.com orangelake-admin.okta.com *.oktacdn.com *.mixpanel.com *.mapbox.com *.mtls.okta.com orangelake.kerberos.okta.com orangelake.mtls.okta.com https://oinmanager.okta.com data: *.ingest.sentry.io data.pendo.io pendo-static-5634101834153984.storage.googleapis.com pendo-static-5391521872216064.storage.googleapis.com; script-src 'unsafe-inline' 'unsafe-eval' 'self' 'report-sample' orangelake.okta.com *.oktacdn.com; style-src 'unsafe-inline' 'self' 'report-sample' orangelake.okta.com *.oktacdn.com; frame-src 'self' orangelake.okta.com orangelake-admin.okta.com login.okta.com *.vidyard.com; img-src 'self' orangelake.okta.com *.oktacdn.com *.tiles.mapbox.com *.mapbox.com *.vidyard.com data: data.pendo.io pendo-static-5634101834153984.storage.googleapis.com pendo-static-5391521872216064.storage.googleapis.com blob:; font-src 'self' orangelake.okta.com data: *.oktacdn.com fonts.gstatic.com; frame-ancestors 'self'", 'content-security-policy': "default-src 'self' orangelake.okta.com *.oktacdn.com; connect-src 'self' orangelake.okta.com orangelake-admin.okta.com *.oktacdn.com *.mixpanel.com *.mapbox.com *.mtls.okta.com orangelake.kerberos.okta.com orangelake.mtls.okta.com https://oinmanager.okta.com data: *.ingest.sentry.io data.pendo.io pendo-static-5634101834153984.storage.googleapis.com pendo-static-5391521872216064.storage.googleapis.com; script-src 'unsafe-inline' 'unsafe-eval' 'self' 'report-sample' orangelake.okta.com *.oktacdn.com; style-src 'unsafe-inline' 'self' 'report-sample' orangelake.okta.com *.oktacdn.com; frame-src 'self' orangelake.okta.com orangelake-admin.okta.com login.okta.com *.vidyard.com; img-src 'self' orangelake.okta.com *.oktacdn.com *.tiles.mapbox.com *.mapbox.com *.vidyard.com data: data.pendo.io pendo-static-5634101834153984.storage.googleapis.com pendo-static-5391521872216064.storage.googleapis.com blob:; font-src 'self' orangelake.okta.com data: *.oktacdn.com fonts.gstatic.com", 'x-rate-limit-limit': '1000', 'x-rate-limit-remaining': '999', 'x-rate-limit-reset': '1747640466', 'cache-control': 'no-cache, no-store', 'pragma': 'no-cache', 'expires': '0', 'referrer-policy': 'strict-origin-when-cross-origin', 'accept-ch': 'Sec-CH-UA-Platform-Version', 'x-content-type-options': 'nosniff', 'Strict-Transport-Security': 'max-age=315360000; includeSubDomains', 'X-Robots-Tag': 'noindex,nofollow'} 
 body={"token_type":"Bearer","expires_in":3600,"access_token":"eyJraWQiOiJ0OTdvMEtxR2s4X0gwSUFicjZST1NtaDdBZEl4MGtfVFFtRHdiZnY2R2ljIiwiYWxnIjoiUlMyNTYifQ.eyJ2ZXIiOjEsImp0aSI6IkFULkRVYVE0UmxFcllweE9vUTByWmFOQVlualY3aGRtZURaeXg5cUh6cUtJdDgiLCJpc3MiOiJodHRwczovL29yYW5nZWxha2Uub2t0YS5jb20vb2F1dGgyL2F1czYycWhtbnJ5d1lnTmR1MnA3IiwiYXVkIjoiMG9hNjJ2ZTZ4bkRlQnhqMksycDciLCJpYXQiOjE3NDc2NDA0MzAsImV4cCI6MTc0NzY0NDAzMCwiY2lkIjoiMG9hMTFhYjM1NXdxMm5NQXEycDgiLCJzY3AiOlsiQ2xpZW50X0NyZWRlbnRpYWwiXSwic3ViIjoiMG9hMTFhYjM1NXdxMm5NQXEycDgiLCJJc093bmVyIjpmYWxzZX0.YRQJ9JYp4TOy2ePFC2JCQWdStpHTgIjs71C0gszKoKb-QbUiSNRyqPjvtwOn2bRgNXdhleu4uxOC2pZ3ziB2e0vfkL2Y412VLD0aMtflc2vdYp-dmR6fUqOrlbYxFhB0ldEV1kJ1hfC-_koxoSDwaIEIKwSe0wa6DcL2xHhaKcHUtbuQXcO8EMYBTnT1QlSbwqUeRzBt031bi4o-RyLaWDOEZU_remI_zSTVW6tR3e_-wv_kyPK_fM1SgRFnTv38Q6TPgmeX0deBwoQxum0ZXErRGjLCKkwjMYeiNKgI3gYJCYw0n7edIdncDlOL3PlcC2Mlw6L0ncLvDO8uVH237g","scope":"Client_Credential"} 
 </msg>
<msg time="2025-05-19T13:10:30.640767" level="INFO">${RESPONSE} = &lt;Response [200]&gt;</msg>
<var>${RESPONSE}</var>
<arg>Session</arg>
<arg>${AUTH_URL}</arg>
<arg>params=${query_params}</arg>
<doc>Sends a POST request on a previously created HTTP Session.</doc>
<status status="PASS" start="2025-05-19T13:10:28.537797" elapsed="2.102970"/>
</kw>
<kw name="Get Value From Json" owner="JSONLibrary">
<msg time="2025-05-19T13:10:30.665077" level="INFO">${access_token} = ['eyJraWQiOiJ0OTdvMEtxR2s4X0gwSUFicjZST1NtaDdBZEl4MGtfVFFtRHdiZnY2R2ljIiwiYWxnIjoiUlMyNTYifQ.eyJ2ZXIiOjEsImp0aSI6IkFULkRVYVE0UmxFcllweE9vUTByWmFOQVlualY3aGRtZURaeXg5cUh6cUtJdDgiLCJpc3MiOiJodHRwczovL29...</msg>
<var>${access_token}</var>
<arg>${RESPONSE.json()}</arg>
<arg>access_token</arg>
<doc>Get Value From JSON using JSONPath</doc>
<status status="PASS" start="2025-05-19T13:10:30.640767" elapsed="0.024310"/>
</kw>
<return>
<value>${access_token}[0]</value>
<status status="PASS" start="2025-05-19T13:10:30.665077" elapsed="0.000000"/>
</return>
<msg time="2025-05-19T13:10:30.665077" level="INFO">${ACCESS_TOKEN} = eyJraWQiOiJ0OTdvMEtxR2s4X0gwSUFicjZST1NtaDdBZEl4MGtfVFFtRHdiZnY2R2ljIiwiYWxnIjoiUlMyNTYifQ.eyJ2ZXIiOjEsImp0aSI6IkFULkRVYVE0UmxFcllweE9vUTByWmFOQVlualY3aGRtZURaeXg5cUh6cUtJdDgiLCJpc3MiOiJodHRwczovL29yY...</msg>
<var>${ACCESS_TOKEN}</var>
<status status="PASS" start="2025-05-19T13:10:28.530501" elapsed="2.134576"/>
</kw>
<kw name="Create Dictionary" owner="BuiltIn">
<msg time="2025-05-19T13:10:30.665077" level="INFO">${headers} = {'X-Env': 'qa', 'Authorization': 'Bearer eyJraWQiOiJ0OTdvMEtxR2s4X0gwSUFicjZST1NtaDdBZEl4MGtfVFFtRHdiZnY2R2ljIiwiYWxnIjoiUlMyNTYifQ.eyJ2ZXIiOjEsImp0aSI6IkFULkRVYVE0UmxFcllweE9vUTByWmFOQVlualY3aGRtZURa...</msg>
<var>${headers}</var>
<arg>${X_ENV_NAME}=${X_ENV_VALUE}</arg>
<arg>${AUTHORIZATION_NAME}=Bearer ${ACCESS_TOKEN}</arg>
<doc>Creates and returns a dictionary based on the given ``items``.</doc>
<status status="PASS" start="2025-05-19T13:10:30.665077" elapsed="0.000000"/>
</kw>
<kw name="Create Dictionary" owner="BuiltIn">
<msg time="2025-05-19T13:10:30.665077" level="INFO">${query_params} = {'campaignId': '701WD000006YmphYAC', 'destination': 'CENTRAL FLORIDA', 'checkIn': '2025-05-26', 'checkOut': '2025-05-31'}</msg>
<var>${query_params}</var>
<arg>campaignId=${campaignId}</arg>
<arg>destination=${destination}</arg>
<arg>checkIn=${checkIn_date}</arg>
<arg>checkOut=${checkOut_date}</arg>
<doc>Creates and returns a dictionary based on the given ``items``.</doc>
<status status="PASS" start="2025-05-19T13:10:30.665077" elapsed="0.000000"/>
</kw>
<kw name="Create Session" owner="RequestsLibrary">
<msg time="2025-05-19T13:10:30.665077" level="INFO">Creating Session using : alias=Session, url=https://internal-test-apis.orangelake.com, headers={'X-Env': 'qa', 'Authorization': 'Bearer eyJraWQiOiJ0OTdvMEtxR2s4X0gwSUFicjZST1NtaDdBZEl4MGtfVFFtRHdiZnY2R2ljIiwiYWxnIjoiUlMyNTYifQ.eyJ2ZXIiOjEsImp0aSI6IkFULkRVYVE0UmxFcllweE9vUTByWmFOQVlualY3aGRtZURaeXg5cUh6cUtJdDgiLCJpc3MiOiJodHRwczovL29yYW5nZWxha2Uub2t0YS5jb20vb2F1dGgyL2F1czYycWhtbnJ5d1lnTmR1MnA3IiwiYXVkIjoiMG9hNjJ2ZTZ4bkRlQnhqMksycDciLCJpYXQiOjE3NDc2NDA0MzAsImV4cCI6MTc0NzY0NDAzMCwiY2lkIjoiMG9hMTFhYjM1NXdxMm5NQXEycDgiLCJzY3AiOlsiQ2xpZW50X0NyZWRlbnRpYWwiXSwic3ViIjoiMG9hMTFhYjM1NXdxMm5NQXEycDgiLCJJc093bmVyIjpmYWxzZX0.YRQJ9JYp4TOy2ePFC2JCQWdStpHTgIjs71C0gszKoKb-QbUiSNRyqPjvtwOn2bRgNXdhleu4uxOC2pZ3ziB2e0vfkL2Y412VLD0aMtflc2vdYp-dmR6fUqOrlbYxFhB0ldEV1kJ1hfC-_koxoSDwaIEIKwSe0wa6DcL2xHhaKcHUtbuQXcO8EMYBTnT1QlSbwqUeRzBt031bi4o-RyLaWDOEZU_remI_zSTVW6tR3e_-wv_kyPK_fM1SgRFnTv38Q6TPgmeX0deBwoQxum0ZXErRGjLCKkwjMYeiNKgI3gYJCYw0n7edIdncDlOL3PlcC2Mlw6L0ncLvDO8uVH237g'},                     cookies={}, auth=None, timeout=None, proxies=None, verify=True,                     debug=0 </msg>
<arg>Session</arg>
<arg>${BASE_URL}</arg>
<arg>headers=${headers}</arg>
<arg>verify=true</arg>
<doc>Create Session: create a HTTP session to a server</doc>
<status status="PASS" start="2025-05-19T13:10:30.665077" elapsed="0.000000"/>
</kw>
<kw name="GET On Session" owner="RequestsLibrary">
<msg time="2025-05-19T13:10:39.848942" level="INFO">GET Request : url=https://internal-test-apis.orangelake.com/hicv-partners-exp/tours/allotments?campaignId=701WD000006YmphYAC&amp;destination=CENTRAL+FLORIDA&amp;checkIn=2025-05-26&amp;checkOut=2025-05-31 
 path_url=/hicv-partners-exp/tours/allotments?campaignId=701WD000006YmphYAC&amp;destination=CENTRAL+FLORIDA&amp;checkIn=2025-05-26&amp;checkOut=2025-05-31 
 headers={'User-Agent': 'python-requests/2.32.3', 'Accept-Encoding': 'gzip, deflate', 'Accept': '*/*', 'Connection': 'keep-alive', 'X-Env': 'qa', 'Authorization': 'Bearer eyJraWQiOiJ0OTdvMEtxR2s4X0gwSUFicjZST1NtaDdBZEl4MGtfVFFtRHdiZnY2R2ljIiwiYWxnIjoiUlMyNTYifQ.eyJ2ZXIiOjEsImp0aSI6IkFULkRVYVE0UmxFcllweE9vUTByWmFOQVlualY3aGRtZURaeXg5cUh6cUtJdDgiLCJpc3MiOiJodHRwczovL29yYW5nZWxha2Uub2t0YS5jb20vb2F1dGgyL2F1czYycWhtbnJ5d1lnTmR1MnA3IiwiYXVkIjoiMG9hNjJ2ZTZ4bkRlQnhqMksycDciLCJpYXQiOjE3NDc2NDA0MzAsImV4cCI6MTc0NzY0NDAzMCwiY2lkIjoiMG9hMTFhYjM1NXdxMm5NQXEycDgiLCJzY3AiOlsiQ2xpZW50X0NyZWRlbnRpYWwiXSwic3ViIjoiMG9hMTFhYjM1NXdxMm5NQXEycDgiLCJJc093bmVyIjpmYWxzZX0.YRQJ9JYp4TOy2ePFC2JCQWdStpHTgIjs71C0gszKoKb-QbUiSNRyqPjvtwOn2bRgNXdhleu4uxOC2pZ3ziB2e0vfkL2Y412VLD0aMtflc2vdYp-dmR6fUqOrlbYxFhB0ldEV1kJ1hfC-_koxoSDwaIEIKwSe0wa6DcL2xHhaKcHUtbuQXcO8EMYBTnT1QlSbwqUeRzBt031bi4o-RyLaWDOEZU_remI_zSTVW6tR3e_-wv_kyPK_fM1SgRFnTv38Q6TPgmeX0deBwoQxum0ZXErRGjLCKkwjMYeiNKgI3gYJCYw0n7edIdncDlOL3PlcC2Mlw6L0ncLvDO8uVH237g'} 
 body=None 
 </msg>
<msg time="2025-05-19T13:10:39.856473" level="INFO">GET Response : url=https://internal-test-apis.orangelake.com/hicv-partners-exp/tours/allotments?campaignId=701WD000006YmphYAC&amp;destination=CENTRAL+FLORIDA&amp;checkIn=2025-05-26&amp;checkOut=2025-05-31 
 status=200, reason=OK 
 headers={'Content-Type': 'application/json; charset=UTF-8', 'Content-Length': '56962', 'Date': 'Mon, 19 May 2025 07:40:39 GMT', 'x-correlation-id': '5e32dc7b-8af8-49d9-aade-ccbab68762b8', 'Strict-Transport-Security': 'max-age=31536000; includeSubdomains', 'Connection': 'Keep-Alive'} 
 body=[
  {
    "date": "2025-05-27",
    "allotments": [
      {
        "tourWaveAllotmentId": 2138694,
        "tourLocation": "OL ACTION",
        "resortLocation": "ORANGE LAKE",
        "resortLocationAbbreviation": "OLCC",
        "resortDestination": "CENTRAL FLORIDA",
        "locationCode": "discv",
        "actualAvailability": 96,
        "resortLocationId": 1,
        "tourLocationId": 286,
        "tourTime": "07:45:00",
        "waveAllotmentGroup": "MINIVAC"
      },
      {
        "tourWaveAllotmentId": 2138880,
        "tourLocation": "OL ACTION",
        "resortLocation": "ORANGE LAKE",
        "resortLocationAbbreviation": "OLCC",
        "resortDestination": "CENTRAL FLORIDA",
        "locationCode": "discv",
        "actualAvailability": 84,
        "resortLocationId": 1,
        "tourLocationId": 286,
        "tourTime": "10:00:00",
        "waveAllotmentGroup": "MINIVAC"
      },
      {
        "tourWaveAllotmentId": 2139477,
        "tourLocation": "OL ACTION",
        "resortLocation": "ORANGE LAKE",
        "resortLocationAbbreviation": "OLCC",
        "resortDestination": "CENTRAL FLORIDA",
        "locationCode": "discv",
        "actualAvailability": 88,
        "resortLocationId": 1,
        "tourLocationId": 286,
        "tourTime": "12:00:00",
        "waveAllotmentGroup": "MINIVAC"
      },
      {
        "tourWaveAllotmentId": 2139902,
        "tourLocation": "OL ACTION",
        "resortLocation": "ORANGE LAKE",
        "resortLocationAbbreviation": "OLCC",
        "resortDestination": "CENTRAL FLORIDA",
        "locationCode": "discv",
        "actualAvailability": 88,
        "resortLocationId": 1,
        "tourLocationId": 286,
        "tourTime": "12:45:00",
        "waveAllotmentGroup": "MINIVAC"
      }
    ]
  },
  {
    "date": "2025-05-28",
    "allotments": [
      {
        "tourWaveAllotmentId": 2138695,
        "tourLocation": "OL ACTION",
        "resortLocation": "ORANGE LAKE",
        "resortLocationAbbreviation": "OLCC",
        "resortDestination": "CENTRAL FLORIDA",
        "locationCode": "discv",
        "actualAvailability": 99,
        "resortLocationId": 1,
        "tourLocationId": 286,
        "tourTime": "07:45:00",
        "waveAllotmentGroup": "MINIVAC"
      },
      {
        "tourWaveAllotmentId": 2138883,
        "tourLocation": "OL ACTION",
        "resortLocation": "ORANGE LAKE",
        "resortLocationAbbreviation": "OLCC",
        "resortDestination": "CENTRAL FLORIDA",
        "locationCode": "discv",
        "actualAvailability": 83,
        "resortLocationId": 1,
        "tourLocationId": 286,
        "tourTime": "10:00:00",
        "waveAllotmentGroup": "MINIVAC"
      },
      {
        "tourWaveAllotmentId": 2139479,
        "tourLocation": "OL ACTION",
        "resortLocation": "ORANGE LAKE",
        "resortLocationAbbreviation": "OLCC",
        "resortDestination": "CENTRAL FLORIDA",
        "locationCode": "discv",
        "actualAvailability": 88,
        "resortLocationId": 1,
        "tourLocationId": 286,
        "tourTime": "12:00:00",
        "waveAllotmentGroup": "MINIVAC"
      },
      {
        "tourWaveAllotmentId": 2139903,
        "tourLocation": "OL ACTION",
        "resortLocation": "ORANGE LAKE",
        "resortLocationAbbreviation": "OLCC",
        "resortDestination": "CENTRAL FLORIDA",
        "locationCode": "discv",
        "actualAvailability": 88,
        "resortLocationId": 1,
        "tourLocationId": 286,
        "tourTime": "12:45:00",
        "waveAllotmentGroup": "MINIVAC"
      }
    ]
  },
  {
    "date": "2025-05-29",
    "allotments": [
      {
        "tourWaveAllotmentId": 2138696,
        "tourLocation": "OL ACTION",
        "resortLocation": "ORANGE LAKE",
        "resortLocationAbbreviation": "OLCC",
        "resortDestination": "CENTRAL FLORIDA",
        "locationCode": "discv",
        "actualAvailability": 95,
        "resortLocationId": 1,
        "tourLocationId": 286,
        "tourTime": "07:45:00",
        "waveAllotmentGroup": "MINIVAC"
      },
      {
        "tourWaveAllotmentId": 2138886,
        "tourLocation": "OL ACTION",
        "resortLocation": "ORANGE LAKE",
        "resortLocationAbbreviation": "OLCC",
        "resortDestination": "CENTRAL FLORIDA",
        "locationCode": "discv",
        "actualAvailability": 82,
        "resortLocationId": 1,
        "tourLocationId": 286,
        "tourTime": "10:00:00",
        "waveAllotmentGroup": "MINIVAC"
      },
      {
        "tourWaveAllotmentId": 2139481,
        "tourLocation": "OL ACTION",
        "resortLocation": "ORANGE LAKE",
        "resortLocationAbbreviation": "OLCC",
        "resortDestination": "CENTRAL FLORIDA",
        "locationCode": "discv",
        "actualAvailability": 86,
        "resortLocationId": 1,
        "tourLocationId": 286,
        "tourTime": "12:00:00",
        "waveAllotmentGroup": "MINIVAC"
      },
      {
        "tourWaveAllotmentId": 2139904,
        "tourLocation": "OL ACTION",
        "resortLocation": "ORANGE LAKE",
        "resortLocationAbbreviation": "OLCC",
        "resortDestination": "CENTRAL FLORIDA",
        "locationCode": "discv",
        "actualAvailability": 86,
        "resortLocationId": 1,
        "tourLocationId": 286,
        "tourTime": "12:45:00",
        "waveAllotmentGroup": "MINIVAC"
      }
    ]
  },
  {
    "date": "2025-05-30",
    "allotments": [
      {
        "tourWaveAllotmentId": 2138697,
        "tourLocation": "OL ACTION",
        "resortLocation": "ORANGE LAKE",
        "resortLocationAbbreviation": "OLCC",
        "resortDestination": "CENTRAL FLORIDA",
        "locationCode": "discv",
        "actualAvailability": 79,
        "resortLocationId": 1,
        "tourLocationId": 286,
        "tourTime": "07:45:00",
        "waveAllotmentGroup": "MINIVAC"
      },
      {
        "tourWaveAllotmentId": 2138889,
        "tourLocation": "OL ACTION",
        "resortLocation": "ORANGE LAKE",
        "resortLocationAbbreviation": "OLCC",
        "resortDestination": "CENTRAL FLORIDA",
        "locationCode": "discv",
        "actualAvailability": 64,
        "resortLocationId": 1,
        "tourLocationId": 286,
        "tourTime": "10:00:00",
        "waveAllotmentGroup": "MINIVAC"
      },
      {
        "tourWaveAllotmentId": 2139483,
        "tourLocation": "OL ACTION",
        "resortLocation": "ORANGE LAKE",
        "resortLocationAbbreviation": "OLCC",
        "resortDestination": "CENTRAL FLORIDA",
        "locationCode": "discv",
        "actualAvailability": 68,
        "resortLocationId": 1,
        "tourLocationId": 286,
        "tourTime": "12:00:00",
        "waveAllotmentGroup": "MINIVAC"
      },
      {
        "tourWaveAllotmentId": 2139905,
        "tourLocation": "OL ACTION",
        "resortLocation": "ORANGE LAKE",
        "resortLocationAbbreviation": "OLCC",
        "resortDestination": "CENTRAL FLORIDA",
        "locationCode": "discv",
        "actualAvailability": 68,
        "resortLocationId": 1,
        "tourLocationId": 286,
        "tourTime": "12:45:00",
        "waveAllotmentGroup": "MINIVAC"
      }
    ]
  },
  {
    "date": "2025-05-31",
    "allotments": [
      {
        "tourWaveAllotmentId": 2138698,
        "tourLocation": "OL ACTION",
        "resortLocation": "ORANGE LAKE",
        "resortLocationAbbreviation": "OLCC",
        "resortDestination": "CENTRAL FLORIDA",
        "locationCode": "discv",
        "actualAvailability": 79,
        "resortLocationId": 1,
        "tourLocationId": 286,
        "tourTime": "07:45:00",
        "waveAllotmentGroup": "MINIVAC"
      },
      {
        "tourWaveAllotmentId": 2138892,
        "tourLocation": "OL ACTION",
        "resortLocation": "ORANGE LAKE",
        "resortLocationAbbreviation": "OLCC",
        "resortDestination": "CENTRAL FLORIDA",
        "locationCode": "discv",
        "actualAvailability": 64,
        "resortLocationId": 1,
        "tourLocationId": 286,
        "tourTime": "10:00:00",
        "waveAllotmentGroup": "MINIVAC"
      },
      {
        "tourWaveAllotmentId": 2139485,
        "tourLocation": "OL ACTION",
        "resortLocation": "ORANGE LAKE",
        "resortLocationAbbreviation": "OLCC",
        "resortDestination": "CENTRAL FLORIDA",
        "locationCode": "discv",
        "actualAvailability": 69,
        "resortLocationId": 1,
        "tourLocationId": 286,
        "tourTime": "12:00:00",
        "waveAllotmentGroup": "MINIVAC"
      },
      {
        "tourWaveAllotmentId": 2139906,
        "tourLocation": "OL ACTION",
        "resortLocation": "ORANGE LAKE",
        "resortLocationAbbreviation": "OLCC",
        "resortDestination": "CENTRAL FLORIDA",
        "locationCode": "discv",
        "actualAvailability": 69,
        "resortLocationId": 1,
        "tourLocationId": 286,
        "tourTime": "12:45:00",
        "waveAllotmentGroup": "MINIVAC"
      }
    ]
  },
  {
    "date": "2025-06-01",
    "allotments": [
      {
        "tourWaveAllotmentId": 2141161,
        "tourLocation": "OL ACTION",
        "resortLocation": "ORANGE LAKE",
        "resortLocationAbbreviation": "OLCC",
        "resortDestination": "CENTRAL FLORIDA",
        "locationCode": "discv",
        "actualAvailability": 68,
        "resortLocationId": 1,
        "tourLocationId": 286,
        "tourTime": "12:45:00",
        "waveAllotmentGroup": "MINIVAC"
      },
      {
        "tourWaveAllotmentId": 2144022,
        "tourLocation": "OL ACTION",
        "resortLocation": "ORANGE LAKE",
        "resortLocationAbbreviation": "OLCC",
        "resortDestination": "CENTRAL FLORIDA",
        "locationCode": "discv",
        "actualAvailability": 81,
        "resortLocationId": 1,
        "tourLocationId": 286,
        "tourTime": "07:45:00",
        "waveAllotmentGroup": "MINIVAC"
      },
      {
        "tourWaveAllotmentId": 2149159,
        "tourLocation": "OL ACTION",
        "resortLocation": "ORANGE LAKE",
        "resortLocationAbbreviation": "OLCC",
        "resortD... (set the log level to DEBUG or TRACE to see the full content) 
 </msg>
<msg time="2025-05-19T13:10:39.856473" level="INFO">${RESPONSE} = &lt;Response [200]&gt;</msg>
<var>${RESPONSE}</var>
<arg>Session</arg>
<arg>${TOUR_ALLOTMENT_URL}</arg>
<arg>params=${query_params}</arg>
<doc>Sends a GET request on a previously created HTTP Session.</doc>
<status status="PASS" start="2025-05-19T13:10:30.665077" elapsed="9.191396"/>
</kw>
<kw name="Should Be Equal As Strings" owner="BuiltIn">
<msg time="2025-05-19T13:10:39.856473" level="INFO">Argument types are:
&lt;class 'int'&gt;
&lt;class 'str'&gt;</msg>
<arg>${RESPONSE.status_code}</arg>
<arg>200</arg>
<doc>Fails if objects are unequal after converting them to strings.</doc>
<status status="PASS" start="2025-05-19T13:10:39.856473" elapsed="0.008045"/>
</kw>
<kw name="Set Variable" owner="BuiltIn">
<msg time="2025-05-19T13:10:39.864518" level="INFO">${json} = [{'date': '2025-05-27', 'allotments': [{'tourWaveAllotmentId': 2138694, 'tourLocation': 'OL ACTION', 'resortLocation': 'ORANGE LAKE', 'resortLocationAbbreviation': 'OLCC', 'resortDestination': 'CENTRA...</msg>
<var>${json}</var>
<arg>${RESPONSE.json()}</arg>
<doc>Returns the given values which can then be assigned to a variables.</doc>
<status status="PASS" start="2025-05-19T13:10:39.864518" elapsed="0.000000"/>
</kw>
<for flavor="IN">
<iter>
<kw name="Set Variable" owner="BuiltIn">
<msg time="2025-05-19T13:10:39.875876" level="INFO">${allotments} = [{'tourWaveAllotmentId': 2138694, 'tourLocation': 'OL ACTION', 'resortLocation': 'ORANGE LAKE', 'resortLocationAbbreviation': 'OLCC', 'resortDestination': 'CENTRAL FLORIDA', 'locationCode': 'discv', '...</msg>
<var>${allotments}</var>
<arg>${item['allotments']}</arg>
<doc>Returns the given values which can then be assigned to a variables.</doc>
<status status="PASS" start="2025-05-19T13:10:39.872842" elapsed="0.003034"/>
</kw>
<if>
<branch type="IF" condition="${allotments}">
<kw name="Set Suite Variable" owner="BuiltIn">
<msg time="2025-05-19T13:10:39.880919" level="INFO">${tourDate} = 2025-05-27</msg>
<arg>${tourDate}</arg>
<arg>${item['date']}</arg>
<doc>Makes a variable available everywhere within the scope of the current suite.</doc>
<status status="PASS" start="2025-05-19T13:10:39.875876" elapsed="0.005043"/>
</kw>
<kw name="Set Suite Variable" owner="BuiltIn">
<msg time="2025-05-19T13:10:39.880919" level="INFO">${tourWaveAllotmentId} = 2138694</msg>
<arg>${tourWaveAllotmentId}</arg>
<arg>${allotments}[0][tourWaveAllotmentId]</arg>
<doc>Makes a variable available everywhere within the scope of the current suite.</doc>
<status status="PASS" start="2025-05-19T13:10:39.880919" elapsed="0.000000"/>
</kw>
<kw name="Set Suite Variable" owner="BuiltIn">
<msg time="2025-05-19T13:10:39.880919" level="INFO">${propertyCodes} = discv</msg>
<arg>${propertyCodes}</arg>
<arg>${allotments}[0][locationCode]</arg>
<doc>Makes a variable available everywhere within the scope of the current suite.</doc>
<status status="PASS" start="2025-05-19T13:10:39.880919" elapsed="0.000000"/>
</kw>
<kw name="Exit For Loop" owner="BuiltIn">
<msg time="2025-05-19T13:10:39.888966" level="INFO">Exiting for loop altogether.</msg>
<doc>Stops executing the enclosing FOR loop.</doc>
<status status="PASS" start="2025-05-19T13:10:39.880919" elapsed="0.008809"/>
</kw>
<status status="PASS" start="2025-05-19T13:10:39.875876" elapsed="0.014346"/>
</branch>
<status status="PASS" start="2025-05-19T13:10:39.875876" elapsed="0.014346"/>
</if>
<var name="${item}">{'date': '2025-05-27', 'allotments': [{'tourWaveAllotmentId': 2138694, 'tourLocation': 'OL ACTION', 'resortLocation': 'ORANGE LAKE', 'resortLocationAbbreviation': 'OLCC', 'resortDestination': 'CENTRAL...</var>
<status status="PASS" start="2025-05-19T13:10:39.872842" elapsed="0.017380"/>
</iter>
<var>${item}</var>
<value>@{json}</value>
<status status="PASS" start="2025-05-19T13:10:39.864518" elapsed="0.025704"/>
</for>
<doc>GET Tours Allotments Details</doc>
<status status="PASS" start="2025-05-19T13:10:28.530501" elapsed="11.359721"/>
</kw>
<kw name="GET Packages" owner="GET_API_Requests">
<kw name="GET Access Token" owner="GetAuth">
<kw name="Create Dictionary" owner="BuiltIn">
<msg time="2025-05-19T13:10:39.890222" level="INFO">${headers} = {'Content-Type': 'application/x-www-form-urlencoded'}</msg>
<var>${headers}</var>
<arg>${CONTENT_TYPE_ID}=${CONTENT_TYPE_VALUE}</arg>
<doc>Creates and returns a dictionary based on the given ``items``.</doc>
<status status="PASS" start="2025-05-19T13:10:39.890222" elapsed="0.000000"/>
</kw>
<kw name="Create Dictionary" owner="BuiltIn">
<msg time="2025-05-19T13:10:39.897859" level="INFO">${query_params} = {'scope': 'Client_Credential', 'grant_type': 'client_credentials', 'client_id': '0oa11ab355wq2nMAq2p8', 'client_secret': '5NAlkO5t1gduRsNj4bzhIa6QAjeF0bxkuRnucMaP2YQa53hOPbi3H5qI36N2QqGY'}</msg>
<var>${query_params}</var>
<arg>${SCOPE_ID}=${SCOPE_VALUE}</arg>
<arg>${GRANT_TYPE_ID}=${GRANT_TYPE_VALUE}</arg>
<arg>${CLIENT_ID}=${CLIENT_VALUE}</arg>
<arg>${CLIENT_SECRET_ID}=${CLIENT_SECRET_VALUE}</arg>
<doc>Creates and returns a dictionary based on the given ``items``.</doc>
<status status="PASS" start="2025-05-19T13:10:39.890222" elapsed="0.008436"/>
</kw>
<kw name="Create Session" owner="RequestsLibrary">
<msg time="2025-05-19T13:10:39.900209" level="INFO">Creating Session using : alias=Session, url=https://orangelake.okta.com, headers={'Content-Type': 'application/x-www-form-urlencoded'},                     cookies={}, auth=None, timeout=None, proxies=None, verify=True,                     debug=0 </msg>
<arg>Session</arg>
<arg>${BASE_AUTH_URL}</arg>
<arg>headers=${headers}</arg>
<arg>verify=true</arg>
<doc>Create Session: create a HTTP session to a server</doc>
<status status="PASS" start="2025-05-19T13:10:39.899071" elapsed="0.002190"/>
</kw>
<kw name="POST On Session" owner="RequestsLibrary">
<msg time="2025-05-19T13:10:40.870844" level="INFO">POST Request : url=https://orangelake.okta.com/oauth2/aus62qhmnrywYgNdu2p7/v1/token?scope=Client_Credential&amp;grant_type=client_credentials&amp;client_id=0oa11ab355wq2nMAq2p8&amp;client_secret=5NAlkO5t1gduRsNj4bzhIa6QAjeF0bxkuRnucMaP2YQa53hOPbi3H5qI36N2QqGY 
 path_url=/oauth2/aus62qhmnrywYgNdu2p7/v1/token?scope=Client_Credential&amp;grant_type=client_credentials&amp;client_id=0oa11ab355wq2nMAq2p8&amp;client_secret=5NAlkO5t1gduRsNj4bzhIa6QAjeF0bxkuRnucMaP2YQa53hOPbi3H5qI36N2QqGY 
 headers={'User-Agent': 'python-requests/2.32.3', 'Accept-Encoding': 'gzip, deflate', 'Accept': '*/*', 'Connection': 'keep-alive', 'Content-Type': 'application/x-www-form-urlencoded', 'Content-Length': '0'} 
 body=None 
 </msg>
<msg time="2025-05-19T13:10:40.877369" level="INFO">POST Response : url=https://orangelake.okta.com/oauth2/aus62qhmnrywYgNdu2p7/v1/token?scope=Client_Credential&amp;grant_type=client_credentials&amp;client_id=0oa11ab355wq2nMAq2p8&amp;client_secret=5NAlkO5t1gduRsNj4bzhIa6QAjeF0bxkuRnucMaP2YQa53hOPbi3H5qI36N2QqGY 
 status=200, reason=OK 
 headers={'Date': 'Mon, 19 May 2025 07:40:40 GMT', 'Content-Type': 'application/json', 'Transfer-Encoding': 'chunked', 'Connection': 'keep-alive', 'Server': 'nginx', 'x-okta-request-id': '0c0c420584b58291fef2dde13e383996', 'x-xss-protection': '0', 'p3p': 'CP="HONK"', 'set-cookie': 'sid="";Version=1;Path=/;Max-Age=0, xids="";Version=1;Path=/;Max-Age=0, autolaunch_triggered=""; Expires=Thu, 01 Jan 1970 00:00:10 GMT; Path=/, activate_ca_modal_triggered=""; Expires=Thu, 01 Jan 1970 00:00:10 GMT; Path=/, JSESSIONID=1051E1A40A05BF80A94887C016C14E90; Path=/; Secure; HttpOnly', 'content-security-policy-report-only': "default-src 'self' orangelake.okta.com *.oktacdn.com; connect-src 'self' orangelake.okta.com orangelake-admin.okta.com *.oktacdn.com *.mixpanel.com *.mapbox.com *.mtls.okta.com orangelake.kerberos.okta.com orangelake.mtls.okta.com https://oinmanager.okta.com data: *.ingest.sentry.io data.pendo.io pendo-static-5634101834153984.storage.googleapis.com pendo-static-5391521872216064.storage.googleapis.com; script-src 'unsafe-inline' 'unsafe-eval' 'self' 'report-sample' orangelake.okta.com *.oktacdn.com; style-src 'unsafe-inline' 'self' 'report-sample' orangelake.okta.com *.oktacdn.com; frame-src 'self' orangelake.okta.com orangelake-admin.okta.com login.okta.com *.vidyard.com; img-src 'self' orangelake.okta.com *.oktacdn.com *.tiles.mapbox.com *.mapbox.com *.vidyard.com data: data.pendo.io pendo-static-5634101834153984.storage.googleapis.com pendo-static-5391521872216064.storage.googleapis.com blob:; font-src 'self' orangelake.okta.com data: *.oktacdn.com fonts.gstatic.com; frame-ancestors 'self'", 'content-security-policy': "default-src 'self' orangelake.okta.com *.oktacdn.com; connect-src 'self' orangelake.okta.com orangelake-admin.okta.com *.oktacdn.com *.mixpanel.com *.mapbox.com *.mtls.okta.com orangelake.kerberos.okta.com orangelake.mtls.okta.com https://oinmanager.okta.com data: *.ingest.sentry.io data.pendo.io pendo-static-5634101834153984.storage.googleapis.com pendo-static-5391521872216064.storage.googleapis.com; script-src 'unsafe-inline' 'unsafe-eval' 'self' 'report-sample' orangelake.okta.com *.oktacdn.com; style-src 'unsafe-inline' 'self' 'report-sample' orangelake.okta.com *.oktacdn.com; frame-src 'self' orangelake.okta.com orangelake-admin.okta.com login.okta.com *.vidyard.com; img-src 'self' orangelake.okta.com *.oktacdn.com *.tiles.mapbox.com *.mapbox.com *.vidyard.com data: data.pendo.io pendo-static-5634101834153984.storage.googleapis.com pendo-static-5391521872216064.storage.googleapis.com blob:; font-src 'self' orangelake.okta.com data: *.oktacdn.com fonts.gstatic.com", 'x-rate-limit-limit': '1000', 'x-rate-limit-remaining': '998', 'x-rate-limit-reset': '1747640466', 'cache-control': 'no-cache, no-store', 'pragma': 'no-cache', 'expires': '0', 'referrer-policy': 'strict-origin-when-cross-origin', 'accept-ch': 'Sec-CH-UA-Platform-Version', 'x-content-type-options': 'nosniff', 'Strict-Transport-Security': 'max-age=315360000; includeSubDomains', 'X-Robots-Tag': 'noindex,nofollow'} 
 body={"token_type":"Bearer","expires_in":3600,"access_token":"eyJraWQiOiJ0OTdvMEtxR2s4X0gwSUFicjZST1NtaDdBZEl4MGtfVFFtRHdiZnY2R2ljIiwiYWxnIjoiUlMyNTYifQ.eyJ2ZXIiOjEsImp0aSI6IkFULkhqdlVfcUlxX2hFcV9tcjJtTmJjWGllNzNvM3hHVDZMMHFsaWI5M1g0MDgiLCJpc3MiOiJodHRwczovL29yYW5nZWxha2Uub2t0YS5jb20vb2F1dGgyL2F1czYycWhtbnJ5d1lnTmR1MnA3IiwiYXVkIjoiMG9hNjJ2ZTZ4bkRlQnhqMksycDciLCJpYXQiOjE3NDc2NDA0NDAsImV4cCI6MTc0NzY0NDA0MCwiY2lkIjoiMG9hMTFhYjM1NXdxMm5NQXEycDgiLCJzY3AiOlsiQ2xpZW50X0NyZWRlbnRpYWwiXSwic3ViIjoiMG9hMTFhYjM1NXdxMm5NQXEycDgiLCJJc093bmVyIjpmYWxzZX0.U4wXbh-tM1oF_8Y5P10IHpLlJruDyLjHRBkcNuHm9pVtbkPYI5OJFO8omWGIEpI5MgA8NXP6aaJbu5hC8OEqe1siymDeHbv6h0oNtRTqBVJAtiwzsk6PCGhzJJPS9ehch_1UEjHcuXDKXsHo0jhw7cn7llKJq2X2Kb6jdi7ywrjRH-WO1LWdJ1s0D5UGkF2DrfEetJxUxutTMJGDt2sMMkYL3ifeB0ui5hLrJlzgkg-qxLQMtH7p8uV37Unb4kHuWMoCXBH8p2c5ahkwc31K9TcHiOlUxMDNpZh41Rg-Ul3Yr0X_6uI-ZrNKxaGMNTgShwFWV30J9e8JbTIse-YInQ","scope":"Client_Credential"} 
 </msg>
<msg time="2025-05-19T13:10:40.877369" level="INFO">${RESPONSE} = &lt;Response [200]&gt;</msg>
<var>${RESPONSE}</var>
<arg>Session</arg>
<arg>${AUTH_URL}</arg>
<arg>params=${query_params}</arg>
<doc>Sends a POST request on a previously created HTTP Session.</doc>
<status status="PASS" start="2025-05-19T13:10:39.901488" elapsed="0.975881"/>
</kw>
<kw name="Get Value From Json" owner="JSONLibrary">
<msg time="2025-05-19T13:10:40.920462" level="INFO">${access_token} = ['eyJraWQiOiJ0OTdvMEtxR2s4X0gwSUFicjZST1NtaDdBZEl4MGtfVFFtRHdiZnY2R2ljIiwiYWxnIjoiUlMyNTYifQ.eyJ2ZXIiOjEsImp0aSI6IkFULkhqdlVfcUlxX2hFcV9tcjJtTmJjWGllNzNvM3hHVDZMMHFsaWI5M1g0MDgiLCJpc3MiOiJodHRwczovL29...</msg>
<var>${access_token}</var>
<arg>${RESPONSE.json()}</arg>
<arg>access_token</arg>
<doc>Get Value From JSON using JSONPath</doc>
<status status="PASS" start="2025-05-19T13:10:40.877369" elapsed="0.044259"/>
</kw>
<return>
<value>${access_token}[0]</value>
<status status="PASS" start="2025-05-19T13:10:40.921628" elapsed="0.001115"/>
</return>
<msg time="2025-05-19T13:10:40.923832" level="INFO">${ACCESS_TOKEN} = eyJraWQiOiJ0OTdvMEtxR2s4X0gwSUFicjZST1NtaDdBZEl4MGtfVFFtRHdiZnY2R2ljIiwiYWxnIjoiUlMyNTYifQ.eyJ2ZXIiOjEsImp0aSI6IkFULkhqdlVfcUlxX2hFcV9tcjJtTmJjWGllNzNvM3hHVDZMMHFsaWI5M1g0MDgiLCJpc3MiOiJodHRwczovL29yY...</msg>
<var>${ACCESS_TOKEN}</var>
<status status="PASS" start="2025-05-19T13:10:39.890222" elapsed="1.033610"/>
</kw>
<kw name="Create Dictionary" owner="BuiltIn">
<msg time="2025-05-19T13:10:40.926327" level="INFO">${headers} = {'X-Env': 'qa', 'Authorization': 'Bearer eyJraWQiOiJ0OTdvMEtxR2s4X0gwSUFicjZST1NtaDdBZEl4MGtfVFFtRHdiZnY2R2ljIiwiYWxnIjoiUlMyNTYifQ.eyJ2ZXIiOjEsImp0aSI6IkFULkhqdlVfcUlxX2hFcV9tcjJtTmJjWGllNzNvM3hHVDZM...</msg>
<var>${headers}</var>
<arg>${X_ENV_NAME}=${X_ENV_VALUE}</arg>
<arg>${AUTHORIZATION_NAME}=Bearer ${ACCESS_TOKEN}</arg>
<doc>Creates and returns a dictionary based on the given ``items``.</doc>
<status status="PASS" start="2025-05-19T13:10:40.924866" elapsed="0.002578"/>
</kw>
<kw name="Create Session" owner="RequestsLibrary">
<msg time="2025-05-19T13:10:40.929553" level="INFO">Creating Session using : alias=Session, url=https://internal-test-apis.orangelake.com, headers={'X-Env': 'qa', 'Authorization': 'Bearer eyJraWQiOiJ0OTdvMEtxR2s4X0gwSUFicjZST1NtaDdBZEl4MGtfVFFtRHdiZnY2R2ljIiwiYWxnIjoiUlMyNTYifQ.eyJ2ZXIiOjEsImp0aSI6IkFULkhqdlVfcUlxX2hFcV9tcjJtTmJjWGllNzNvM3hHVDZMMHFsaWI5M1g0MDgiLCJpc3MiOiJodHRwczovL29yYW5nZWxha2Uub2t0YS5jb20vb2F1dGgyL2F1czYycWhtbnJ5d1lnTmR1MnA3IiwiYXVkIjoiMG9hNjJ2ZTZ4bkRlQnhqMksycDciLCJpYXQiOjE3NDc2NDA0NDAsImV4cCI6MTc0NzY0NDA0MCwiY2lkIjoiMG9hMTFhYjM1NXdxMm5NQXEycDgiLCJzY3AiOlsiQ2xpZW50X0NyZWRlbnRpYWwiXSwic3ViIjoiMG9hMTFhYjM1NXdxMm5NQXEycDgiLCJJc093bmVyIjpmYWxzZX0.U4wXbh-tM1oF_8Y5P10IHpLlJruDyLjHRBkcNuHm9pVtbkPYI5OJFO8omWGIEpI5MgA8NXP6aaJbu5hC8OEqe1siymDeHbv6h0oNtRTqBVJAtiwzsk6PCGhzJJPS9ehch_1UEjHcuXDKXsHo0jhw7cn7llKJq2X2Kb6jdi7ywrjRH-WO1LWdJ1s0D5UGkF2DrfEetJxUxutTMJGDt2sMMkYL3ifeB0ui5hLrJlzgkg-qxLQMtH7p8uV37Unb4kHuWMoCXBH8p2c5ahkwc31K9TcHiOlUxMDNpZh41Rg-Ul3Yr0X_6uI-ZrNKxaGMNTgShwFWV30J9e8JbTIse-YInQ'},                     cookies={}, auth=None, timeout=None, proxies=None, verify=True,                     debug=0 </msg>
<arg>Session</arg>
<arg>${BASE_URL}</arg>
<arg>headers=${headers}</arg>
<arg>verify=true</arg>
<doc>Create Session: create a HTTP session to a server</doc>
<status status="PASS" start="2025-05-19T13:10:40.928467" elapsed="0.002574"/>
</kw>
<kw name="GET On Session" owner="RequestsLibrary">
<msg time="2025-05-19T13:10:42.372457" level="INFO">GET Request : url=https://internal-test-apis.orangelake.com/hicv-partners-exp/packages 
 path_url=/hicv-partners-exp/packages 
 headers={'User-Agent': 'python-requests/2.32.3', 'Accept-Encoding': 'gzip, deflate', 'Accept': '*/*', 'Connection': 'keep-alive', 'X-Env': 'qa', 'Authorization': 'Bearer eyJraWQiOiJ0OTdvMEtxR2s4X0gwSUFicjZST1NtaDdBZEl4MGtfVFFtRHdiZnY2R2ljIiwiYWxnIjoiUlMyNTYifQ.eyJ2ZXIiOjEsImp0aSI6IkFULkhqdlVfcUlxX2hFcV9tcjJtTmJjWGllNzNvM3hHVDZMMHFsaWI5M1g0MDgiLCJpc3MiOiJodHRwczovL29yYW5nZWxha2Uub2t0YS5jb20vb2F1dGgyL2F1czYycWhtbnJ5d1lnTmR1MnA3IiwiYXVkIjoiMG9hNjJ2ZTZ4bkRlQnhqMksycDciLCJpYXQiOjE3NDc2NDA0NDAsImV4cCI6MTc0NzY0NDA0MCwiY2lkIjoiMG9hMTFhYjM1NXdxMm5NQXEycDgiLCJzY3AiOlsiQ2xpZW50X0NyZWRlbnRpYWwiXSwic3ViIjoiMG9hMTFhYjM1NXdxMm5NQXEycDgiLCJJc093bmVyIjpmYWxzZX0.U4wXbh-tM1oF_8Y5P10IHpLlJruDyLjHRBkcNuHm9pVtbkPYI5OJFO8omWGIEpI5MgA8NXP6aaJbu5hC8OEqe1siymDeHbv6h0oNtRTqBVJAtiwzsk6PCGhzJJPS9ehch_1UEjHcuXDKXsHo0jhw7cn7llKJq2X2Kb6jdi7ywrjRH-WO1LWdJ1s0D5UGkF2DrfEetJxUxutTMJGDt2sMMkYL3ifeB0ui5hLrJlzgkg-qxLQMtH7p8uV37Unb4kHuWMoCXBH8p2c5ahkwc31K9TcHiOlUxMDNpZh41Rg-Ul3Yr0X_6uI-ZrNKxaGMNTgShwFWV30J9e8JbTIse-YInQ'} 
 body=None 
 </msg>
<msg time="2025-05-19T13:10:42.372457" level="INFO">GET Response : url=https://internal-test-apis.orangelake.com/hicv-partners-exp/packages 
 status=200, reason=OK 
 headers={'Content-Type': 'application/json; charset=UTF-8', 'Content-Length': '397', 'Date': 'Mon, 19 May 2025 07:40:42 GMT', 'x-correlation-id': '1839d0ee-b13a-4baf-855a-b604d152a315', 'Strict-Transport-Security': 'max-age=31536000; includeSubdomains', 'Connection': 'Keep-Alive'} 
 body=[
  {
    "packageId": "01t3s000005q5rdAAA",
    "packageName": "3 Night Resort - Monster Res"
  },
  {
    "packageId": "01tV1000000UL75IAG",
    "packageName": "4 Night Hotel - Monster Res"
  },
  {
    "packageId": "01tV1000000UOGFIA4",
    "packageName": "3 Night Hotel - Monster Res"
  },
  {
    "packageId": "01tV1000000lk10IAA",
    "packageName": "4 Night Resort - MONSTER RES ONLY"
  }
] 
 </msg>
<msg time="2025-05-19T13:10:42.372457" level="INFO">${RESPONSE} = &lt;Response [200]&gt;</msg>
<var>${RESPONSE}</var>
<arg>Session</arg>
<arg>${PACKAGES_URL}</arg>
<doc>Sends a GET request on a previously created HTTP Session.</doc>
<status status="PASS" start="2025-05-19T13:10:40.931041" elapsed="1.441416"/>
</kw>
<kw name="Should Be Equal As Strings" owner="BuiltIn">
<msg time="2025-05-19T13:10:42.379995" level="INFO">Argument types are:
&lt;class 'int'&gt;
&lt;class 'str'&gt;</msg>
<arg>${RESPONSE.status_code}</arg>
<arg>200</arg>
<doc>Fails if objects are unequal after converting them to strings.</doc>
<status status="PASS" start="2025-05-19T13:10:42.379995" elapsed="0.000000"/>
</kw>
<kw name="Set Variable" owner="BuiltIn">
<msg time="2025-05-19T13:10:42.379995" level="INFO">${json} = [{'packageId': '01t3s000005q5rdAAA', 'packageName': '3 Night Resort - Monster Res'}, {'packageId': '01tV1000000UL75IAG', 'packageName': '4 Night Hotel - Monster Res'}, {'packageId': '01tV1000000UOGFIA...</msg>
<var>${json}</var>
<arg>${RESPONSE.json()}</arg>
<doc>Returns the given values which can then be assigned to a variables.</doc>
<status status="PASS" start="2025-05-19T13:10:42.379995" elapsed="0.000000"/>
</kw>
<kw name="Get Length" owner="BuiltIn">
<msg time="2025-05-19T13:10:42.379995" level="INFO">Length is 4.</msg>
<msg time="2025-05-19T13:10:42.379995" level="INFO">${package_count} = 4</msg>
<var>${package_count}</var>
<arg>${json}</arg>
<doc>Returns and logs the length of the given item as an integer.</doc>
<status status="PASS" start="2025-05-19T13:10:42.379995" elapsed="0.000000"/>
</kw>
<kw name="Evaluate" owner="BuiltIn">
<msg time="2025-05-19T13:10:42.388787" level="INFO">${random_index} = 2</msg>
<var>${random_index}</var>
<arg>random.randint(0, ${package_count}-1)</arg>
<arg>random</arg>
<doc>Evaluates the given expression in Python and returns the result.</doc>
<status status="PASS" start="2025-05-19T13:10:42.388037" elapsed="0.000750"/>
</kw>
<kw name="Set Variable" owner="BuiltIn">
<msg time="2025-05-19T13:10:42.388787" level="INFO">${packageId} = 01tV1000000UOGFIA4</msg>
<var>${packageId}</var>
<arg>${json}[${random_index}][packageId]</arg>
<doc>Returns the given values which can then be assigned to a variables.</doc>
<status status="PASS" start="2025-05-19T13:10:42.388787" elapsed="0.000000"/>
</kw>
<kw name="Set Suite Variable" owner="BuiltIn">
<msg time="2025-05-19T13:10:42.388787" level="INFO">${packageId} = 01tV1000000UOGFIA4</msg>
<arg>${packageId}</arg>
<arg>${packageId}</arg>
<doc>Makes a variable available everywhere within the scope of the current suite.</doc>
<status status="PASS" start="2025-05-19T13:10:42.388787" elapsed="0.000000"/>
</kw>
<doc>Get Packages and select a random package ID</doc>
<status status="PASS" start="2025-05-19T13:10:39.890222" elapsed="2.506110"/>
</kw>
<kw name="GET Reservation Availabilities" owner="GET_API_Requests">
<kw name="GET Access Token" owner="GetAuth">
<kw name="Create Dictionary" owner="BuiltIn">
<msg time="2025-05-19T13:10:42.396332" level="INFO">${headers} = {'Content-Type': 'application/x-www-form-urlencoded'}</msg>
<var>${headers}</var>
<arg>${CONTENT_TYPE_ID}=${CONTENT_TYPE_VALUE}</arg>
<doc>Creates and returns a dictionary based on the given ``items``.</doc>
<status status="PASS" start="2025-05-19T13:10:42.396332" elapsed="0.000000"/>
</kw>
<kw name="Create Dictionary" owner="BuiltIn">
<msg time="2025-05-19T13:10:42.396332" level="INFO">${query_params} = {'scope': 'Client_Credential', 'grant_type': 'client_credentials', 'client_id': '0oa11ab355wq2nMAq2p8', 'client_secret': '5NAlkO5t1gduRsNj4bzhIa6QAjeF0bxkuRnucMaP2YQa53hOPbi3H5qI36N2QqGY'}</msg>
<var>${query_params}</var>
<arg>${SCOPE_ID}=${SCOPE_VALUE}</arg>
<arg>${GRANT_TYPE_ID}=${GRANT_TYPE_VALUE}</arg>
<arg>${CLIENT_ID}=${CLIENT_VALUE}</arg>
<arg>${CLIENT_SECRET_ID}=${CLIENT_SECRET_VALUE}</arg>
<doc>Creates and returns a dictionary based on the given ``items``.</doc>
<status status="PASS" start="2025-05-19T13:10:42.396332" elapsed="0.008043"/>
</kw>
<kw name="Create Session" owner="RequestsLibrary">
<msg time="2025-05-19T13:10:42.404375" level="INFO">Creating Session using : alias=Session, url=https://orangelake.okta.com, headers={'Content-Type': 'application/x-www-form-urlencoded'},                     cookies={}, auth=None, timeout=None, proxies=None, verify=True,                     debug=0 </msg>
<arg>Session</arg>
<arg>${BASE_AUTH_URL}</arg>
<arg>headers=${headers}</arg>
<arg>verify=true</arg>
<doc>Create Session: create a HTTP session to a server</doc>
<status status="PASS" start="2025-05-19T13:10:42.404375" elapsed="0.000000"/>
</kw>
<kw name="POST On Session" owner="RequestsLibrary">
<msg time="2025-05-19T13:10:43.770324" level="INFO">POST Request : url=https://orangelake.okta.com/oauth2/aus62qhmnrywYgNdu2p7/v1/token?scope=Client_Credential&amp;grant_type=client_credentials&amp;client_id=0oa11ab355wq2nMAq2p8&amp;client_secret=5NAlkO5t1gduRsNj4bzhIa6QAjeF0bxkuRnucMaP2YQa53hOPbi3H5qI36N2QqGY 
 path_url=/oauth2/aus62qhmnrywYgNdu2p7/v1/token?scope=Client_Credential&amp;grant_type=client_credentials&amp;client_id=0oa11ab355wq2nMAq2p8&amp;client_secret=5NAlkO5t1gduRsNj4bzhIa6QAjeF0bxkuRnucMaP2YQa53hOPbi3H5qI36N2QqGY 
 headers={'User-Agent': 'python-requests/2.32.3', 'Accept-Encoding': 'gzip, deflate', 'Accept': '*/*', 'Connection': 'keep-alive', 'Content-Type': 'application/x-www-form-urlencoded', 'Content-Length': '0'} 
 body=None 
 </msg>
<msg time="2025-05-19T13:10:43.770324" level="INFO">POST Response : url=https://orangelake.okta.com/oauth2/aus62qhmnrywYgNdu2p7/v1/token?scope=Client_Credential&amp;grant_type=client_credentials&amp;client_id=0oa11ab355wq2nMAq2p8&amp;client_secret=5NAlkO5t1gduRsNj4bzhIa6QAjeF0bxkuRnucMaP2YQa53hOPbi3H5qI36N2QqGY 
 status=200, reason=OK 
 headers={'Date': 'Mon, 19 May 2025 07:40:43 GMT', 'Content-Type': 'application/json', 'Transfer-Encoding': 'chunked', 'Connection': 'keep-alive', 'Server': 'nginx', 'x-okta-request-id': 'e88d4ba634bdb2e680981cf962c300af', 'x-xss-protection': '0', 'p3p': 'CP="HONK"', 'set-cookie': 'sid="";Version=1;Path=/;Max-Age=0, xids="";Version=1;Path=/;Max-Age=0, autolaunch_triggered=""; Expires=Thu, 01 Jan 1970 00:00:10 GMT; Path=/, activate_ca_modal_triggered=""; Expires=Thu, 01 Jan 1970 00:00:10 GMT; Path=/, JSESSIONID=3F45CAED4C5614E949AECFF0A80F67FC; Path=/; Secure; HttpOnly', 'content-security-policy-report-only': "default-src 'self' orangelake.okta.com *.oktacdn.com; connect-src 'self' orangelake.okta.com orangelake-admin.okta.com *.oktacdn.com *.mixpanel.com *.mapbox.com *.mtls.okta.com orangelake.kerberos.okta.com orangelake.mtls.okta.com https://oinmanager.okta.com data: *.ingest.sentry.io data.pendo.io pendo-static-5634101834153984.storage.googleapis.com pendo-static-5391521872216064.storage.googleapis.com; script-src 'unsafe-inline' 'unsafe-eval' 'self' 'report-sample' orangelake.okta.com *.oktacdn.com; style-src 'unsafe-inline' 'self' 'report-sample' orangelake.okta.com *.oktacdn.com; frame-src 'self' orangelake.okta.com orangelake-admin.okta.com login.okta.com *.vidyard.com; img-src 'self' orangelake.okta.com *.oktacdn.com *.tiles.mapbox.com *.mapbox.com *.vidyard.com data: data.pendo.io pendo-static-5634101834153984.storage.googleapis.com pendo-static-5391521872216064.storage.googleapis.com blob:; font-src 'self' orangelake.okta.com data: *.oktacdn.com fonts.gstatic.com; frame-ancestors 'self'", 'content-security-policy': "default-src 'self' orangelake.okta.com *.oktacdn.com; connect-src 'self' orangelake.okta.com orangelake-admin.okta.com *.oktacdn.com *.mixpanel.com *.mapbox.com *.mtls.okta.com orangelake.kerberos.okta.com orangelake.mtls.okta.com https://oinmanager.okta.com data: *.ingest.sentry.io data.pendo.io pendo-static-5634101834153984.storage.googleapis.com pendo-static-5391521872216064.storage.googleapis.com; script-src 'unsafe-inline' 'unsafe-eval' 'self' 'report-sample' orangelake.okta.com *.oktacdn.com; style-src 'unsafe-inline' 'self' 'report-sample' orangelake.okta.com *.oktacdn.com; frame-src 'self' orangelake.okta.com orangelake-admin.okta.com login.okta.com *.vidyard.com; img-src 'self' orangelake.okta.com *.oktacdn.com *.tiles.mapbox.com *.mapbox.com *.vidyard.com data: data.pendo.io pendo-static-5634101834153984.storage.googleapis.com pendo-static-5391521872216064.storage.googleapis.com blob:; font-src 'self' orangelake.okta.com data: *.oktacdn.com fonts.gstatic.com", 'x-rate-limit-limit': '1000', 'x-rate-limit-remaining': '997', 'x-rate-limit-reset': '1747640466', 'cache-control': 'no-cache, no-store', 'pragma': 'no-cache', 'expires': '0', 'referrer-policy': 'strict-origin-when-cross-origin', 'accept-ch': 'Sec-CH-UA-Platform-Version', 'x-content-type-options': 'nosniff', 'Strict-Transport-Security': 'max-age=315360000; includeSubDomains', 'X-Robots-Tag': 'noindex,nofollow'} 
 body={"token_type":"Bearer","expires_in":3600,"access_token":"eyJraWQiOiJ0OTdvMEtxR2s4X0gwSUFicjZST1NtaDdBZEl4MGtfVFFtRHdiZnY2R2ljIiwiYWxnIjoiUlMyNTYifQ.eyJ2ZXIiOjEsImp0aSI6IkFULmk4VExGc0czSU94MjNHaXdrTEhXd2tjbmJWQ0M5MHc2a3A4aEdSazdFRUUiLCJpc3MiOiJodHRwczovL29yYW5nZWxha2Uub2t0YS5jb20vb2F1dGgyL2F1czYycWhtbnJ5d1lnTmR1MnA3IiwiYXVkIjoiMG9hNjJ2ZTZ4bkRlQnhqMksycDciLCJpYXQiOjE3NDc2NDA0NDMsImV4cCI6MTc0NzY0NDA0MywiY2lkIjoiMG9hMTFhYjM1NXdxMm5NQXEycDgiLCJzY3AiOlsiQ2xpZW50X0NyZWRlbnRpYWwiXSwic3ViIjoiMG9hMTFhYjM1NXdxMm5NQXEycDgiLCJJc093bmVyIjpmYWxzZX0.UcQTeutxIeToJvM2tSkQ4KSXpV7PxpTHjVbYLkGYm7k2XzDtK2fhr0rZpcWS3U6rV5Sal_b22Xul0vdC-SqJmyWVjMgVyiTNGhjH7t8UGiWRQY8kNIFYUIrGCg0OKJNt7OhX5fX_xB6RLockrtWNIf1VrDlyYKnHa4FxtoNw6t0t_UYaZXAw7GSLoKQu65lPziOx4H5v3FlpHLH1gJ1eJw1JI8IazgWUNsyJXGGVEx9VlVYzzVkBUjTOHDtMRqTbf4XJkH2MqnJk-5K8UMSOnGR0cKw8JfqAdGv3lah4ULRC31hDL-Q8DDRoRtvxf6DDR0KHh9PAtkVl2_cx__w80A","scope":"Client_Credential"} 
 </msg>
<msg time="2025-05-19T13:10:43.770324" level="INFO">${RESPONSE} = &lt;Response [200]&gt;</msg>
<var>${RESPONSE}</var>
<arg>Session</arg>
<arg>${AUTH_URL}</arg>
<arg>params=${query_params}</arg>
<doc>Sends a POST request on a previously created HTTP Session.</doc>
<status status="PASS" start="2025-05-19T13:10:42.404375" elapsed="1.365949"/>
</kw>
<kw name="Get Value From Json" owner="JSONLibrary">
<msg time="2025-05-19T13:10:43.818454" level="INFO">${access_token} = ['eyJraWQiOiJ0OTdvMEtxR2s4X0gwSUFicjZST1NtaDdBZEl4MGtfVFFtRHdiZnY2R2ljIiwiYWxnIjoiUlMyNTYifQ.eyJ2ZXIiOjEsImp0aSI6IkFULmk4VExGc0czSU94MjNHaXdrTEhXd2tjbmJWQ0M5MHc2a3A4aEdSazdFRUUiLCJpc3MiOiJodHRwczovL29...</msg>
<var>${access_token}</var>
<arg>${RESPONSE.json()}</arg>
<arg>access_token</arg>
<doc>Get Value From JSON using JSONPath</doc>
<status status="PASS" start="2025-05-19T13:10:43.778347" elapsed="0.040107"/>
</kw>
<return>
<value>${access_token}[0]</value>
<status status="PASS" start="2025-05-19T13:10:43.818454" elapsed="0.000000"/>
</return>
<msg time="2025-05-19T13:10:43.818454" level="INFO">${ACCESS_TOKEN} = eyJraWQiOiJ0OTdvMEtxR2s4X0gwSUFicjZST1NtaDdBZEl4MGtfVFFtRHdiZnY2R2ljIiwiYWxnIjoiUlMyNTYifQ.eyJ2ZXIiOjEsImp0aSI6IkFULmk4VExGc0czSU94MjNHaXdrTEhXd2tjbmJWQ0M5MHc2a3A4aEdSazdFRUUiLCJpc3MiOiJodHRwczovL29yY...</msg>
<var>${ACCESS_TOKEN}</var>
<status status="PASS" start="2025-05-19T13:10:42.396332" elapsed="1.422122"/>
</kw>
<kw name="Create Dictionary" owner="BuiltIn">
<msg time="2025-05-19T13:10:43.818454" level="INFO">${headers} = {'X-Env': 'qa', 'Authorization': 'Bearer eyJraWQiOiJ0OTdvMEtxR2s4X0gwSUFicjZST1NtaDdBZEl4MGtfVFFtRHdiZnY2R2ljIiwiYWxnIjoiUlMyNTYifQ.eyJ2ZXIiOjEsImp0aSI6IkFULmk4VExGc0czSU94MjNHaXdrTEhXd2tjbmJWQ0M5MHc2...</msg>
<var>${headers}</var>
<arg>${X_ENV_NAME}=${X_ENV_VALUE}</arg>
<arg>${AUTHORIZATION_NAME}=Bearer ${ACCESS_TOKEN}</arg>
<doc>Creates and returns a dictionary based on the given ``items``.</doc>
<status status="PASS" start="2025-05-19T13:10:43.818454" elapsed="0.000000"/>
</kw>
<kw name="Create Dictionary" owner="BuiltIn">
<msg time="2025-05-19T13:10:43.826905" level="INFO">${query_params} = {'checkInFrom': '2025-05-26', 'checkInTo': '2025-05-31', 'isSummary': 'false', 'lengthOfStay': '5', 'campaignId': '701WD000006YmphYAC', 'propertyCodes': 'dislb', 'destination': 'CENTRAL FLORIDA', 'res...</msg>
<var>${query_params}</var>
<arg>checkInFrom=${checkIn_date}</arg>
<arg>checkInTo=${checkOut_date}</arg>
<arg>isSummary=false</arg>
<arg>lengthOfStay=${lengthOfStay}</arg>
<arg>campaignId=${campaignId}</arg>
<arg>propertyCodes=dislb</arg>
<arg>destination=${destination}</arg>
<arg>reservationType=Marketing</arg>
<arg>reservationSubType=Mini Vac</arg>
<doc>Creates and returns a dictionary based on the given ``items``.</doc>
<status status="PASS" start="2025-05-19T13:10:43.826905" elapsed="0.000000"/>
</kw>
<kw name="Create Session" owner="RequestsLibrary">
<msg time="2025-05-19T13:10:43.826905" level="INFO">Creating Session using : alias=Session, url=https://internal-test-apis.orangelake.com, headers={'X-Env': 'qa', 'Authorization': 'Bearer eyJraWQiOiJ0OTdvMEtxR2s4X0gwSUFicjZST1NtaDdBZEl4MGtfVFFtRHdiZnY2R2ljIiwiYWxnIjoiUlMyNTYifQ.eyJ2ZXIiOjEsImp0aSI6IkFULmk4VExGc0czSU94MjNHaXdrTEhXd2tjbmJWQ0M5MHc2a3A4aEdSazdFRUUiLCJpc3MiOiJodHRwczovL29yYW5nZWxha2Uub2t0YS5jb20vb2F1dGgyL2F1czYycWhtbnJ5d1lnTmR1MnA3IiwiYXVkIjoiMG9hNjJ2ZTZ4bkRlQnhqMksycDciLCJpYXQiOjE3NDc2NDA0NDMsImV4cCI6MTc0NzY0NDA0MywiY2lkIjoiMG9hMTFhYjM1NXdxMm5NQXEycDgiLCJzY3AiOlsiQ2xpZW50X0NyZWRlbnRpYWwiXSwic3ViIjoiMG9hMTFhYjM1NXdxMm5NQXEycDgiLCJJc093bmVyIjpmYWxzZX0.UcQTeutxIeToJvM2tSkQ4KSXpV7PxpTHjVbYLkGYm7k2XzDtK2fhr0rZpcWS3U6rV5Sal_b22Xul0vdC-SqJmyWVjMgVyiTNGhjH7t8UGiWRQY8kNIFYUIrGCg0OKJNt7OhX5fX_xB6RLockrtWNIf1VrDlyYKnHa4FxtoNw6t0t_UYaZXAw7GSLoKQu65lPziOx4H5v3FlpHLH1gJ1eJw1JI8IazgWUNsyJXGGVEx9VlVYzzVkBUjTOHDtMRqTbf4XJkH2MqnJk-5K8UMSOnGR0cKw8JfqAdGv3lah4ULRC31hDL-Q8DDRoRtvxf6DDR0KHh9PAtkVl2_cx__w80A'},                     cookies={}, auth=None, timeout=None, proxies=None, verify=True,                     debug=0 </msg>
<arg>Session</arg>
<arg>${BASE_URL}</arg>
<arg>headers=${headers}</arg>
<arg>verify=true</arg>
<doc>Create Session: create a HTTP session to a server</doc>
<status status="PASS" start="2025-05-19T13:10:43.826905" elapsed="0.000000"/>
</kw>
<kw name="GET On Session" owner="RequestsLibrary">
<msg time="2025-05-19T13:10:46.685898" level="INFO">GET Request : url=https://internal-test-apis.orangelake.com/hicv-partners-exp/reservations/availabilities?checkInFrom=2025-05-26&amp;checkInTo=2025-05-31&amp;isSummary=false&amp;lengthOfStay=5&amp;campaignId=701WD000006YmphYAC&amp;propertyCodes=dislb&amp;destination=CENTRAL+FLORIDA&amp;reservationType=Marketing&amp;reservationSubType=Mini+Vac 
 path_url=/hicv-partners-exp/reservations/availabilities?checkInFrom=2025-05-26&amp;checkInTo=2025-05-31&amp;isSummary=false&amp;lengthOfStay=5&amp;campaignId=701WD000006YmphYAC&amp;propertyCodes=dislb&amp;destination=CENTRAL+FLORIDA&amp;reservationType=Marketing&amp;reservationSubType=Mini+Vac 
 headers={'User-Agent': 'python-requests/2.32.3', 'Accept-Encoding': 'gzip, deflate', 'Accept': '*/*', 'Connection': 'keep-alive', 'X-Env': 'qa', 'Authorization': 'Bearer eyJraWQiOiJ0OTdvMEtxR2s4X0gwSUFicjZST1NtaDdBZEl4MGtfVFFtRHdiZnY2R2ljIiwiYWxnIjoiUlMyNTYifQ.eyJ2ZXIiOjEsImp0aSI6IkFULmk4VExGc0czSU94MjNHaXdrTEhXd2tjbmJWQ0M5MHc2a3A4aEdSazdFRUUiLCJpc3MiOiJodHRwczovL29yYW5nZWxha2Uub2t0YS5jb20vb2F1dGgyL2F1czYycWhtbnJ5d1lnTmR1MnA3IiwiYXVkIjoiMG9hNjJ2ZTZ4bkRlQnhqMksycDciLCJpYXQiOjE3NDc2NDA0NDMsImV4cCI6MTc0NzY0NDA0MywiY2lkIjoiMG9hMTFhYjM1NXdxMm5NQXEycDgiLCJzY3AiOlsiQ2xpZW50X0NyZWRlbnRpYWwiXSwic3ViIjoiMG9hMTFhYjM1NXdxMm5NQXEycDgiLCJJc093bmVyIjpmYWxzZX0.UcQTeutxIeToJvM2tSkQ4KSXpV7PxpTHjVbYLkGYm7k2XzDtK2fhr0rZpcWS3U6rV5Sal_b22Xul0vdC-SqJmyWVjMgVyiTNGhjH7t8UGiWRQY8kNIFYUIrGCg0OKJNt7OhX5fX_xB6RLockrtWNIf1VrDlyYKnHa4FxtoNw6t0t_UYaZXAw7GSLoKQu65lPziOx4H5v3FlpHLH1gJ1eJw1JI8IazgWUNsyJXGGVEx9VlVYzzVkBUjTOHDtMRqTbf4XJkH2MqnJk-5K8UMSOnGR0cKw8JfqAdGv3lah4ULRC31hDL-Q8DDRoRtvxf6DDR0KHh9PAtkVl2_cx__w80A'} 
 body=None 
 </msg>
<msg time="2025-05-19T13:10:46.685898" level="INFO">GET Response : url=https://internal-test-apis.orangelake.com/hicv-partners-exp/reservations/availabilities?checkInFrom=2025-05-26&amp;checkInTo=2025-05-31&amp;isSummary=false&amp;lengthOfStay=5&amp;campaignId=701WD000006YmphYAC&amp;propertyCodes=dislb&amp;destination=CENTRAL+FLORIDA&amp;reservationType=Marketing&amp;reservationSubType=Mini+Vac 
 status=200, reason=OK 
 headers={'Content-Type': 'application/json; charset=UTF-8', 'Content-Length': '20604', 'Date': 'Mon, 19 May 2025 07:40:46 GMT', 'x-correlation-id': '0700c9d7-cb58-47dd-b54c-df8004d665ad', 'Strict-Transport-Security': 'max-age=31536000; includeSubdomains', 'Connection': 'Keep-Alive'} 
 body=[
  {
    "propertyCode": "dislb",
    "priority": 2,
    "name": "Holiday Inn Orlando - Disney Springs Area",
    "hasAda": true,
    "isResort": false,
    "shortFusePeriod": 0,
    "roomTypes": [
      {
        "propertyRoomTypeId": 52,
        "roomTypeCode": "Upgrade-1K",
        "description": "Upgrade 1 King",
        "occupancy": 2,
        "adults": 2,
        "children": 0,
        "noOfBedrooms": 0,
        "periods": [
          {
            "firstNight": "2025-05-28",
            "lastNight": "2025-06-01",
            "inventories": [
              {
                "inventoryId": 153081,
                "dateAvailable": "2025-06-01",
                "available": 47,
                "roomRate": 119,
                "upgradeRate": 103,
                "extraRoomRate": 170
              },
              {
                "inventoryId": 1373672,
                "dateAvailable": "2025-05-30",
                "available": 47,
                "roomRate": 50,
                "upgradeRate": 4.43,
                "extraRoomRate": 71.43,
                "inventoryBlockReason": "Open"
              },
              {
                "inventoryId": 1373673,
                "dateAvailable": "2025-05-28",
                "available": 47,
                "roomRate": 50,
                "upgradeRate": 4.43,
                "extraRoomRate": 71.43,
                "inventoryBlockReason": "Open"
              },
              {
                "inventoryId": 1373674,
                "dateAvailable": "2025-05-29",
                "available": 47,
                "roomRate": 50,
                "upgradeRate": 4.43,
                "extraRoomRate": 71.43,
                "inventoryBlockReason": "Open"
              },
              {
                "inventoryId": 1373676,
                "dateAvailable": "2025-05-31",
                "available": 47,
                "roomRate": 50,
                "upgradeRate": 4.43,
                "extraRoomRate": 71.43,
                "inventoryBlockReason": "Open"
              }
            ]
          },
          {
            "firstNight": "2025-05-27",
            "lastNight": "2025-05-31",
            "inventories": [
              {
                "inventoryId": 1373670,
                "dateAvailable": "2025-05-27",
                "available": 47,
                "roomRate": 50,
                "upgradeRate": 4.43,
                "extraRoomRate": 71.43,
                "inventoryBlockReason": "Open"
              },
              {
                "inventoryId": 1373672,
                "dateAvailable": "2025-05-30",
                "available": 47,
                "roomRate": 50,
                "upgradeRate": 4.43,
                "extraRoomRate": 71.43,
                "inventoryBlockReason": "Open"
              },
              {
                "inventoryId": 1373673,
                "dateAvailable": "2025-05-28",
                "available": 47,
                "roomRate": 50,
                "upgradeRate": 4.43,
                "extraRoomRate": 71.43,
                "inventoryBlockReason": "Open"
              },
              {
                "inventoryId": 1373674,
                "dateAvailable": "2025-05-29",
                "available": 47,
                "roomRate": 50,
                "upgradeRate": 4.43,
                "extraRoomRate": 71.43,
                "inventoryBlockReason": "Open"
              },
              {
                "inventoryId": 1373676,
                "dateAvailable": "2025-05-31",
                "available": 47,
                "roomRate": 50,
                "upgradeRate": 4.43,
                "extraRoomRate": 71.43,
                "inventoryBlockReason": "Open"
              }
            ]
          },
          {
            "firstNight": "2025-05-29",
            "lastNight": "2025-06-02",
            "inventories": [
              {
                "inventoryId": 153081,
                "dateAvailable": "2025-06-01",
                "available": 47,
                "roomRate": 119,
                "upgradeRate": 103,
                "extraRoomRate": 170
              },
              {
                "inventoryId": 1373672,
                "dateAvailable": "2025-05-30",
                "available": 47,
                "roomRate": 50,
                "upgradeRate": 4.43,
                "extraRoomRate": 71.43,
                "inventoryBlockReason": "Open"
              },
              {
                "inventoryId": 1373674,
                "dateAvailable": "2025-05-29",
                "available": 47,
                "roomRate": 50,
                "upgradeRate": 4.43,
                "extraRoomRate": 71.43,
                "inventoryBlockReason": "Open"
              },
              {
                "inventoryId": 1373675,
                "dateAvailable": "2025-06-02",
                "available": 47,
                "roomRate": 50,
                "upgradeRate": 4.43,
                "extraRoomRate": 71.43,
                "inventoryBlockReason": "Open"
              },
              {
                "inventoryId": 1373676,
                "dateAvailable": "2025-05-31",
                "available": 47,
                "roomRate": 50,
                "upgradeRate": 4.43,
                "extraRoomRate": 71.43,
                "inventoryBlockReason": "Open"
              }
            ]
          },
          {
            "firstNight": "2025-05-30",
            "lastNight": "2025-06-03",
            "inventories": [
              {
                "inventoryId": 153081,
                "dateAvailable": "2025-06-01",
                "available": 47,
                "roomRate": 119,
                "upgradeRate": 103,
                "extraRoomRate": 170
              },
              {
                "inventoryId": 1373672,
                "dateAvailable": "2025-05-30",
                "available": 47,
                "roomRate": 50,
                "upgradeRate": 4.43,
                "extraRoomRate": 71.43,
                "inventoryBlockReason": "Open"
              },
              {
                "inventoryId": 1373675,
                "dateAvailable": "2025-06-02",
                "available": 47,
                "roomRate": 50,
                "upgradeRate": 4.43,
                "extraRoomRate": 71.43,
                "inventoryBlockReason": "Open"
              },
              {
                "inventoryId": 1373676,
                "dateAvailable": "2025-05-31",
                "available": 47,
                "roomRate": 50,
                "upgradeRate": 4.43,
                "extraRoomRate": 71.43,
                "inventoryBlockReason": "Open"
              },
              {
                "inventoryId": 1373677,
                "dateAvailable": "2025-06-03",
                "available": 47,
                "roomRate": 50,
                "upgradeRate": 4.43,
                "extraRoomRate": 71.43,
                "inventoryBlockReason": "Open"
              }
            ]
          },
          {
            "firstNight": "2025-05-26",
            "lastNight": "2025-05-30",
            "inventories": [
              {
                "inventoryId": 1373670,
                "dateAvailable": "2025-05-27",
                "available": 47,
                "roomRate": 50,
                "upgradeRate": 4.43,
                "extraRoomRate": 71.43,
                "inventoryBlockReason": "Open"
              },
              {
                "inventoryId": 1373671,
                "dateAvailable": "2025-05-26",
                "available": 47,
                "roomRate": 50,
                "upgradeRate": 4.43,
                "extraRoomRate": 71.43,
                "inventoryBlockReason": "Open"
              },
              {
                "inventoryId": 1373672,
                "dateAvailable": "2025-05-30",
                "available": 47,
                "roomRate": 50,
                "upgradeRate": 4.43,
                "extraRoomRate": 71.43,
                "inventoryBlockReason": "Open"
              },
              {
                "inventoryId": 1373673,
                "dateAvailable": "2025-05-28",
                "available": 47,
                "roomRate": 50,
                "upgradeRate": 4.43,
                "extraRoomRate": 71.43,
                "inventoryBlockReason": "Open"
              },
              {
                "inventoryId": 1373674,
                "dateAvailable": "2025-05-29",
                "available": 47,
                "roomRate": 50,
                "upgradeRate": 4.43,
                "extraRoomRate": 71.43,
                "inventoryBlockReason": "Open"
              }
            ]
          },
          {
            "firstNight": "2025-05-31",
            "lastNight": "2025-06-04",
            "inventories": [
              {
                "inventoryId": 153081,
                "dateAvailable": "2025-06-01",
                "available": 47,
                "roomRate": 119,
                "upgradeRate": 103,
                "extraRoomRate": 170
              },
              {
                "inventoryId": 1373675,
                "dateAvailable": "2025-06-02",
                "available": 47,
                "roomRate": 50,
                "upgradeRate": 4.43,
                "extraRoomRate": 71.43,
                "inventoryBlockReason": "Open"
              },
              {
                "inventoryId": 1373676,
                "dateAvailable": "2025-05-31",
                "available": 47,
                "roomRate": 50,
                "upgradeRate": 4.43,
                "extraRoomRate": 71.43,
                "inventoryBlockReason": "Open"
              },
              {
                "inventoryId": 1373677,
                "dateAvailable": "2025-06-03",
                "available": 47,
                "roomRate": 50,
                "upgradeRate": 4.43,
                "extraRoomRate": 71.43,
                "inve... (set the log level to DEBUG or TRACE to see the full content) 
 </msg>
<msg time="2025-05-19T13:10:46.685898" level="INFO">${RESPONSE} = &lt;Response [200]&gt;</msg>
<var>${RESPONSE}</var>
<arg>Session</arg>
<arg>${RESERVATION_AVAILABILITY_URL}</arg>
<arg>params=${query_params}</arg>
<doc>Sends a GET request on a previously created HTTP Session.</doc>
<status status="PASS" start="2025-05-19T13:10:43.826905" elapsed="2.858993"/>
</kw>
<kw name="Should Be Equal As Strings" owner="BuiltIn">
<msg time="2025-05-19T13:10:46.693954" level="INFO">Argument types are:
&lt;class 'int'&gt;
&lt;class 'str'&gt;</msg>
<arg>${RESPONSE.status_code}</arg>
<arg>200</arg>
<doc>Fails if objects are unequal after converting them to strings.</doc>
<status status="PASS" start="2025-05-19T13:10:46.685898" elapsed="0.008056"/>
</kw>
<kw name="Set Variable" owner="BuiltIn">
<msg time="2025-05-19T13:10:46.693954" level="INFO">${json} = [{'propertyCode': 'dislb', 'priority': 2, 'name': 'Holiday Inn Orlando - Disney Springs Area', 'hasAda': True, 'isResort': False, 'shortFusePeriod': 0, 'roomTypes': [{'propertyRoomTypeId': 52, 'roomTy...</msg>
<var>${json}</var>
<arg>${RESPONSE.json()}</arg>
<doc>Returns the given values which can then be assigned to a variables.</doc>
<status status="PASS" start="2025-05-19T13:10:46.693954" elapsed="0.000000"/>
</kw>
<kw name="Set Variable" owner="BuiltIn">
<msg time="2025-05-19T13:10:46.701942" level="INFO">${propertyCode} = dislb</msg>
<var>${propertyCode}</var>
<arg>${json[0]['propertyCode']}</arg>
<doc>Returns the given values which can then be assigned to a variables.</doc>
<status status="PASS" start="2025-05-19T13:10:46.693954" elapsed="0.007988"/>
</kw>
<kw name="Set Suite Variable" owner="BuiltIn">
<msg time="2025-05-19T13:10:46.701942" level="INFO">${propertyCode} = dislb</msg>
<arg>${propertyCode}</arg>
<arg>${propertyCode}</arg>
<doc>Makes a variable available everywhere within the scope of the current suite.</doc>
<status status="PASS" start="2025-05-19T13:10:46.701942" elapsed="0.000000"/>
</kw>
<kw name="Set Variable" owner="BuiltIn">
<msg time="2025-05-19T13:10:46.709939" level="INFO">${propertyRoomTypeId} = 52</msg>
<var>${propertyRoomTypeId}</var>
<arg>${json[0]['roomTypes'][0]['propertyRoomTypeId']}</arg>
<doc>Returns the given values which can then be assigned to a variables.</doc>
<status status="PASS" start="2025-05-19T13:10:46.701942" elapsed="0.009270"/>
</kw>
<kw name="Set Suite Variable" owner="BuiltIn">
<msg time="2025-05-19T13:10:46.711212" level="INFO">${propertyRoomTypeId} = 52</msg>
<arg>${propertyRoomTypeId}</arg>
<arg>${propertyRoomTypeId}</arg>
<doc>Makes a variable available everywhere within the scope of the current suite.</doc>
<status status="PASS" start="2025-05-19T13:10:46.711212" elapsed="0.000000"/>
</kw>
<kw name="Set Variable" owner="BuiltIn">
<msg time="2025-05-19T13:10:46.711212" level="INFO">${roomTypeCode} = Upgrade-1K</msg>
<var>${roomTypeCode}</var>
<arg>${json[0]['roomTypes'][0]['roomTypeCode']}</arg>
<doc>Returns the given values which can then be assigned to a variables.</doc>
<status status="PASS" start="2025-05-19T13:10:46.711212" elapsed="0.000000"/>
</kw>
<kw name="Set Suite Variable" owner="BuiltIn">
<msg time="2025-05-19T13:10:46.718253" level="INFO">${roomTypeCode} = Upgrade-1K</msg>
<arg>${roomTypeCode}</arg>
<arg>${roomTypeCode}</arg>
<doc>Makes a variable available everywhere within the scope of the current suite.</doc>
<status status="PASS" start="2025-05-19T13:10:46.711212" elapsed="0.007041"/>
</kw>
<kw name="Set Variable" owner="BuiltIn">
<msg time="2025-05-19T13:10:46.718253" level="INFO">${periods} = [{'firstNight': '2025-05-28', 'lastNight': '2025-06-01', 'inventories': [{'inventoryId': 153081, 'dateAvailable': '2025-06-01', 'available': 47, 'roomRate': 119, 'upgradeRate': 103, 'extraRoomRate': 1...</msg>
<var>${periods}</var>
<arg>${json[0]['roomTypes'][0]['periods']}</arg>
<doc>Returns the given values which can then be assigned to a variables.</doc>
<status status="PASS" start="2025-05-19T13:10:46.718253" elapsed="0.000000"/>
</kw>
<kw name="Create List" owner="BuiltIn">
<msg time="2025-05-19T13:10:46.718253" level="INFO">${inventories} = []</msg>
<var>${inventories}</var>
<doc>Returns a list containing given items.</doc>
<status status="PASS" start="2025-05-19T13:10:46.718253" elapsed="0.000000"/>
</kw>
<for flavor="IN">
<iter>
<for flavor="IN">
<iter>
<kw name="Create Dictionary" owner="BuiltIn">
<msg time="2025-05-19T13:10:46.726295" level="INFO">${inv} = {'inventoryId': 153081, 'night': '2025-06-01'}</msg>
<var>${inv}</var>
<arg>inventoryId=${inventory}[inventoryId]</arg>
<arg>night=${inventory}[dateAvailable]</arg>
<doc>Creates and returns a dictionary based on the given ``items``.</doc>
<status status="PASS" start="2025-05-19T13:10:46.726295" elapsed="0.000000"/>
</kw>
<kw name="Append To List" owner="Collections">
<arg>${inventories}</arg>
<arg>${inv}</arg>
<doc>Adds ``values`` to the end of ``list``.</doc>
<status status="PASS" start="2025-05-19T13:10:46.726295" elapsed="0.000000"/>
</kw>
<var name="${inventory}">{'inventoryId': 153081, 'dateAvailable': '2025-06-01', 'available': 47, 'roomRate': 119, 'upgradeRate': 103, 'extraRoomRate': 170}</var>
<status status="PASS" start="2025-05-19T13:10:46.726295" elapsed="0.000000"/>
</iter>
<iter>
<kw name="Create Dictionary" owner="BuiltIn">
<msg time="2025-05-19T13:10:46.734295" level="INFO">${inv} = {'inventoryId': 1373672, 'night': '2025-05-30'}</msg>
<var>${inv}</var>
<arg>inventoryId=${inventory}[inventoryId]</arg>
<arg>night=${inventory}[dateAvailable]</arg>
<doc>Creates and returns a dictionary based on the given ``items``.</doc>
<status status="PASS" start="2025-05-19T13:10:46.726295" elapsed="0.008000"/>
</kw>
<kw name="Append To List" owner="Collections">
<arg>${inventories}</arg>
<arg>${inv}</arg>
<doc>Adds ``values`` to the end of ``list``.</doc>
<status status="PASS" start="2025-05-19T13:10:46.734295" elapsed="0.000000"/>
</kw>
<var name="${inventory}">{'inventoryId': 1373672, 'dateAvailable': '2025-05-30', 'available': 47, 'roomRate': 50, 'upgradeRate': 4.43, 'extraRoomRate': 71.43, 'inventoryBlockReason': 'Open'}</var>
<status status="PASS" start="2025-05-19T13:10:46.726295" elapsed="0.008000"/>
</iter>
<iter>
<kw name="Create Dictionary" owner="BuiltIn">
<msg time="2025-05-19T13:10:46.734295" level="INFO">${inv} = {'inventoryId': 1373673, 'night': '2025-05-28'}</msg>
<var>${inv}</var>
<arg>inventoryId=${inventory}[inventoryId]</arg>
<arg>night=${inventory}[dateAvailable]</arg>
<doc>Creates and returns a dictionary based on the given ``items``.</doc>
<status status="PASS" start="2025-05-19T13:10:46.734295" elapsed="0.000000"/>
</kw>
<kw name="Append To List" owner="Collections">
<arg>${inventories}</arg>
<arg>${inv}</arg>
<doc>Adds ``values`` to the end of ``list``.</doc>
<status status="PASS" start="2025-05-19T13:10:46.734295" elapsed="0.000000"/>
</kw>
<var name="${inventory}">{'inventoryId': 1373673, 'dateAvailable': '2025-05-28', 'available': 47, 'roomRate': 50, 'upgradeRate': 4.43, 'extraRoomRate': 71.43, 'inventoryBlockReason': 'Open'}</var>
<status status="PASS" start="2025-05-19T13:10:46.734295" elapsed="0.008001"/>
</iter>
<iter>
<kw name="Create Dictionary" owner="BuiltIn">
<msg time="2025-05-19T13:10:46.742296" level="INFO">${inv} = {'inventoryId': 1373674, 'night': '2025-05-29'}</msg>
<var>${inv}</var>
<arg>inventoryId=${inventory}[inventoryId]</arg>
<arg>night=${inventory}[dateAvailable]</arg>
<doc>Creates and returns a dictionary based on the given ``items``.</doc>
<status status="PASS" start="2025-05-19T13:10:46.742296" elapsed="0.000000"/>
</kw>
<kw name="Append To List" owner="Collections">
<arg>${inventories}</arg>
<arg>${inv}</arg>
<doc>Adds ``values`` to the end of ``list``.</doc>
<status status="PASS" start="2025-05-19T13:10:46.742296" elapsed="0.000000"/>
</kw>
<var name="${inventory}">{'inventoryId': 1373674, 'dateAvailable': '2025-05-29', 'available': 47, 'roomRate': 50, 'upgradeRate': 4.43, 'extraRoomRate': 71.43, 'inventoryBlockReason': 'Open'}</var>
<status status="PASS" start="2025-05-19T13:10:46.742296" elapsed="0.000000"/>
</iter>
<iter>
<kw name="Create Dictionary" owner="BuiltIn">
<msg time="2025-05-19T13:10:46.742296" level="INFO">${inv} = {'inventoryId': 1373676, 'night': '2025-05-31'}</msg>
<var>${inv}</var>
<arg>inventoryId=${inventory}[inventoryId]</arg>
<arg>night=${inventory}[dateAvailable]</arg>
<doc>Creates and returns a dictionary based on the given ``items``.</doc>
<status status="PASS" start="2025-05-19T13:10:46.742296" elapsed="0.000000"/>
</kw>
<kw name="Append To List" owner="Collections">
<arg>${inventories}</arg>
<arg>${inv}</arg>
<doc>Adds ``values`` to the end of ``list``.</doc>
<status status="PASS" start="2025-05-19T13:10:46.742296" elapsed="0.007996"/>
</kw>
<var name="${inventory}">{'inventoryId': 1373676, 'dateAvailable': '2025-05-31', 'available': 47, 'roomRate': 50, 'upgradeRate': 4.43, 'extraRoomRate': 71.43, 'inventoryBlockReason': 'Open'}</var>
<status status="PASS" start="2025-05-19T13:10:46.742296" elapsed="0.007996"/>
</iter>
<var>${inventory}</var>
<value>@{period}[inventories]</value>
<status status="PASS" start="2025-05-19T13:10:46.726295" elapsed="0.023997"/>
</for>
<var name="${period}">{'firstNight': '2025-05-28', 'lastNight': '2025-06-01', 'inventories': [{'inventoryId': 153081, 'dateAvailable': '2025-06-01', 'available': 47, 'roomRate': 119, 'upgradeRate': 103, 'extraRoomRate': 17...</var>
<status status="PASS" start="2025-05-19T13:10:46.726295" elapsed="0.023997"/>
</iter>
<iter>
<for flavor="IN">
<iter>
<kw name="Create Dictionary" owner="BuiltIn">
<msg time="2025-05-19T13:10:46.750292" level="INFO">${inv} = {'inventoryId': 1373670, 'night': '2025-05-27'}</msg>
<var>${inv}</var>
<arg>inventoryId=${inventory}[inventoryId]</arg>
<arg>night=${inventory}[dateAvailable]</arg>
<doc>Creates and returns a dictionary based on the given ``items``.</doc>
<status status="PASS" start="2025-05-19T13:10:46.750292" elapsed="0.000000"/>
</kw>
<kw name="Append To List" owner="Collections">
<arg>${inventories}</arg>
<arg>${inv}</arg>
<doc>Adds ``values`` to the end of ``list``.</doc>
<status status="PASS" start="2025-05-19T13:10:46.750292" elapsed="0.008015"/>
</kw>
<var name="${inventory}">{'inventoryId': 1373670, 'dateAvailable': '2025-05-27', 'available': 47, 'roomRate': 50, 'upgradeRate': 4.43, 'extraRoomRate': 71.43, 'inventoryBlockReason': 'Open'}</var>
<status status="PASS" start="2025-05-19T13:10:46.750292" elapsed="0.008015"/>
</iter>
<iter>
<kw name="Create Dictionary" owner="BuiltIn">
<msg time="2025-05-19T13:10:46.758307" level="INFO">${inv} = {'inventoryId': 1373672, 'night': '2025-05-30'}</msg>
<var>${inv}</var>
<arg>inventoryId=${inventory}[inventoryId]</arg>
<arg>night=${inventory}[dateAvailable]</arg>
<doc>Creates and returns a dictionary based on the given ``items``.</doc>
<status status="PASS" start="2025-05-19T13:10:46.758307" elapsed="0.000000"/>
</kw>
<kw name="Append To List" owner="Collections">
<arg>${inventories}</arg>
<arg>${inv}</arg>
<doc>Adds ``values`` to the end of ``list``.</doc>
<status status="PASS" start="2025-05-19T13:10:46.758307" elapsed="0.000000"/>
</kw>
[...]
<var>${headers}</var>
<arg>${X_ENV_NAME}=${X_ENV_VALUE}</arg>
<arg>${AUTHORIZATION_NAME}=Bearer ${ACCESS_TOKEN}</arg>
<doc>Creates and returns a dictionary based on the given ``items``.</doc>
<status status="PASS" start="2025-05-19T13:11:11.409633" elapsed="0.002920"/>
</kw>
<kw name="Create Session" owner="RequestsLibrary">
<msg time="2025-05-19T13:11:11.412553" level="INFO">Creating Session using : alias=Session, url=https://internal-test-apis.orangelake.com, headers={'X-Env': 'qa', 'Authorization': 'Bearer eyJraWQiOiJ0OTdvMEtxR2s4X0gwSUFicjZST1NtaDdBZEl4MGtfVFFtRHdiZnY2R2ljIiwiYWxnIjoiUlMyNTYifQ.eyJ2ZXIiOjEsImp0aSI6IkFULktROFVuWUNxejBhTHgwSzE4MjFvb05ueEU4blY5NHQ3amxPM0VBMUI4X3ciLCJpc3MiOiJodHRwczovL29yYW5nZWxha2Uub2t0YS5jb20vb2F1dGgyL2F1czYycWhtbnJ5d1lnTmR1MnA3IiwiYXVkIjoiMG9hNjJ2ZTZ4bkRlQnhqMksycDciLCJpYXQiOjE3NDc2NDA0NDgsImV4cCI6MTc0NzY0NDA0OCwiY2lkIjoiMG9hMTFhYjM1NXdxMm5NQXEycDgiLCJzY3AiOlsiQ2xpZW50X0NyZWRlbnRpYWwiXSwic3ViIjoiMG9hMTFhYjM1NXdxMm5NQXEycDgiLCJJc093bmVyIjpmYWxzZX0.kByT7mwIgFnu45Wwi3jGV54bKHwD0QXLv0ZF44r-yy9NJpZMdHTnNyCiPFqCsA9NZle2Lh7p_b7Rb9QseN2svmcNlBVoILE5KF4H9vN55WLBg5K7ifYcJk1RsLAdf5Xr-A3xtAH8iYXykGncaaTtsAFm-SBnmBkuyF40nDePmjhesnPaYJnS7eAeM2X8_5u5AL6deUJ9vTR7hwytk76JhjfZjC50ONJiqQDvlLIposq3Hy3BI262LT6Yrkz3TKP7CNKVNacSmrBmzs3TkpQg48pMCwY0YJ2DNm78WTQ2axa3nUZ1odw7H-Off_ga0JPh1YvgbkK_KSl2qQDq4QAKrw'},                     cookies={}, auth=None, timeout=None, proxies=None, verify=True,                     debug=0 </msg>
<arg>Session</arg>
<arg>${BASE_URL}</arg>
<arg>headers=${headers}</arg>
<arg>verify=true</arg>
<doc>Create Session: create a HTTP session to a server</doc>
<status status="PASS" start="2025-05-19T13:11:11.412553" elapsed="0.000000"/>
</kw>
<kw name="Load Json From File" owner="JSONLibrary">
<msg time="2025-05-19T13:11:11.444675" level="INFO">${JSON_BODY} = {'campaignId': '701WD000006YmphYAC', 'tourWaveAllotmentId': 2390092, 'packageProductId': '01t3s000005q5rdAAA', 'contactId': '003WD00000TfA17YAF', 'destination': 'CENTRAL FLORIDA', 'reservationRequest'...</msg>
<var>${JSON_BODY}</var>
<arg>${json_file_path}${RESERVATION_BOOKING}</arg>
<doc>Load JSON from file.</doc>
<status status="PASS" start="2025-05-19T13:11:11.412553" elapsed="0.032122"/>
</kw>
<kw name="Convert To Integer" owner="BuiltIn">
<msg time="2025-05-19T13:11:11.444675" level="INFO">${lengthOfStay_int} = 5</msg>
<var>${lengthOfStay_int}</var>
<arg>${lengthOfStay}</arg>
<doc>Converts the given item to an integer number.</doc>
<status status="PASS" start="2025-05-19T13:11:11.444675" elapsed="0.000000"/>
</kw>
<kw name="Convert To Integer" owner="BuiltIn">
<msg time="2025-05-19T13:11:11.449082" level="INFO">${numberOfGuests_int} = 4</msg>
<var>${numberOfGuests_int}</var>
<arg>${numberOfGuests}</arg>
<doc>Converts the given item to an integer number.</doc>
<status status="PASS" start="2025-05-19T13:11:11.444675" elapsed="0.004407"/>
</kw>
<kw name="Create Dictionary" owner="BuiltIn">
<msg time="2025-05-19T13:11:11.449082" level="INFO">&amp;{reservationRequest} = { checkin=2025-05-26 | checkout=2025-05-31 | lengthOfStay=5 | numberOfGuests=4 | propertyCode=dislb | propertyRoomTypeId=52 | roomTypeCode=Upgrade-1K | inventories=[{'inventoryId': 153081, 'night': '2...</msg>
<var>&amp;{reservationRequest}</var>
<arg>checkin=${checkIn_date}</arg>
<arg>checkout=${checkOut_date}</arg>
<arg>lengthOfStay=${lengthOfStay_int}</arg>
<arg>numberOfGuests=${numberOfGuests_int}</arg>
<arg>propertyCode=${propertyCode}</arg>
<arg>propertyRoomTypeId=${propertyRoomTypeId}</arg>
<arg>roomTypeCode=${roomTypeCode}</arg>
<arg>inventories=${inventories}</arg>
<doc>Creates and returns a dictionary based on the given ``items``.</doc>
<status status="PASS" start="2025-05-19T13:11:11.449082" elapsed="0.004020"/>
</kw>
<kw name="Set To Dictionary" owner="Collections">
<arg>${JSON_BODY}</arg>
<arg>campaignId=${campaignId}</arg>
<arg>tourWaveAllotmentId=${tourWaveAllotmentId}</arg>
<arg>packageProductId=${packageId}</arg>
<arg>contactId=${contact_id}</arg>
<arg>destination=${destination}</arg>
<arg>primaryPreferredArrivalDate=${checkIn_date}</arg>
<arg>reservationRequest=${reservationRequest}</arg>
<doc>Adds the given ``key_value_pairs`` and/or ``items`` to the ``dictionary``.</doc>
<status status="PASS" start="2025-05-19T13:11:11.453102" elapsed="0.001336"/>
</kw>
<kw name="POST On Session" owner="RequestsLibrary">
<msg time="2025-05-19T13:11:31.033720" level="INFO">POST Request : url=https://internal-test-apis.orangelake.com/hicv-partners-exp/reservations/bookings 
 path_url=/hicv-partners-exp/reservations/bookings 
 headers={'User-Agent': 'python-requests/2.32.3', 'Accept-Encoding': 'gzip, deflate', 'Accept': '*/*', 'Connection': 'keep-alive', 'X-Env': 'qa', 'Authorization': 'Bearer eyJraWQiOiJ0OTdvMEtxR2s4X0gwSUFicjZST1NtaDdBZEl4MGtfVFFtRHdiZnY2R2ljIiwiYWxnIjoiUlMyNTYifQ.eyJ2ZXIiOjEsImp0aSI6IkFULktROFVuWUNxejBhTHgwSzE4MjFvb05ueEU4blY5NHQ3amxPM0VBMUI4X3ciLCJpc3MiOiJodHRwczovL29yYW5nZWxha2Uub2t0YS5jb20vb2F1dGgyL2F1czYycWhtbnJ5d1lnTmR1MnA3IiwiYXVkIjoiMG9hNjJ2ZTZ4bkRlQnhqMksycDciLCJpYXQiOjE3NDc2NDA0NDgsImV4cCI6MTc0NzY0NDA0OCwiY2lkIjoiMG9hMTFhYjM1NXdxMm5NQXEycDgiLCJzY3AiOlsiQ2xpZW50X0NyZWRlbnRpYWwiXSwic3ViIjoiMG9hMTFhYjM1NXdxMm5NQXEycDgiLCJJc093bmVyIjpmYWxzZX0.kByT7mwIgFnu45Wwi3jGV54bKHwD0QXLv0ZF44r-yy9NJpZMdHTnNyCiPFqCsA9NZle2Lh7p_b7Rb9QseN2svmcNlBVoILE5KF4H9vN55WLBg5K7ifYcJk1RsLAdf5Xr-A3xtAH8iYXykGncaaTtsAFm-SBnmBkuyF40nDePmjhesnPaYJnS7eAeM2X8_5u5AL6deUJ9vTR7hwytk76JhjfZjC50ONJiqQDvlLIposq3Hy3BI262LT6Yrkz3TKP7CNKVNacSmrBmzs3TkpQg48pMCwY0YJ2DNm78WTQ2axa3nUZ1odw7H-Off_ga0JPh1YvgbkK_KSl2qQDq4QAKrw', 'Content-Length': '2009', 'Content-Type': 'application/json'} 
 body=b'{"campaignId": "701WD000006YmphYAC", "tourWaveAllotmentId": 2138694, "packageProductId": "01tV1000000UOGFIA4", "contactId": "003WD00000U0OU5YAN", "destination": "CENTRAL FLORIDA", "reservationRequest": {"checkin": "2025-05-26", "checkout": "2025-05-31", "lengthOfStay": 5, "numberOfGuests": 4, "propertyCode": "dislb", "propertyRoomTypeId": 52, "roomTypeCode": "Upgrade-1K", "inventories": [{"inventoryId": 153081, "night": "2025-06-01"}, {"inventoryId": 1373672, "night": "2025-05-30"}, {"inventoryId": 1373673, "night": "2025-05-28"}, {"inventoryId": 1373674, "night": "2025-05-29"}, {"inventoryId": 1373676, "night": "2025-05-31"}, {"inventoryId": 1373670, "night": "2025-05-27"}, {"inventoryId": 1373672, "night": "2025-05-30"}, {"inventoryId": 1373673, "night": "2025-05-28"}, {"inventoryId": 1373674, "night": "2025-05-29"}, {"inventoryId": 1373676, "night": "2025-05-31"}, {"inventoryId": 153081, "night": "2025-06-01"}, {"inventoryId": 1373672, "night": "2025-05-30"}, {"inventoryId": 1373674, "night": "2025-05-29"}, {"inventoryId": 1373675, "night": "2025-06-02"}, {"inventoryId": 1373676, "night": "2025-05-31"}, {"inventoryId": 153081, "night": "2025-06-01"}, {"inventoryId": 1373672, "night": "2025-05-30"}, {"inventoryId": 1373675, "night": "2025-06-02"}, {"inventoryId": 1373676, "night": "2025-05-31"}, {"inventoryId": 1373677, "night": "2025-06-03"}, {"inventoryId": 1373670, "night": "2025-05-27"}, {"inventoryId": 1373671, "night": "2025-05-26"}, {"inventoryId": 1373672, "night": "2025-05-30"}, {"inventoryId": 1373673, "night": "2025-05-28"}, {"inventoryId": 1373674, "night": "2025-05-29"}, {"inventoryId": 153081, "night": "2025-06-01"}, {"inventoryId": 1373675, "night": "2025-06-02"}, {"inventoryId": 1373676, "night": "2025-05-31"}, {"inventoryId": 1373677, "night": "2025-06-03"}, {"inventoryId": 1373678, "night": "2025-06-04"}]}, "primaryPreferredArrivalDate": "2025-05-26", "consent": {"hasReadDetailsOfParticipation": false, "acknowledgesQualificationsAndDefaultCharge": false}}' 
 </msg>
<msg time="2025-05-19T13:11:31.033720" level="INFO">POST Response : url=https://internal-test-apis.orangelake.com/hicv-partners-exp/reservations/bookings 
 status=202, reason=Accepted 
 headers={'Content-Type': 'application/json; charset=UTF-8', 'Content-Length': '251', 'Date': 'Mon, 19 May 2025 07:41:31 GMT', 'x-correlation-id': 'd2243801-0b06-4cfd-9504-3bab1b9eef8a', 'Strict-Transport-Security': 'max-age=31536000; includeSubdomains', 'Connection': 'Keep-Alive'} 
 body={
  "stayNumber": "STAY-957241",
  "staySalesforceId": "a5nWD00000AibxPYAR",
  "reservationRequestId": "a5mWD000000Vc0zYAC",
  "tourRequestId": "a5oWD000000HJO1YAO",
  "opportunityId": "006WD00000CSTBRYA5",
  "message": "Your Stay has been created."
} 
 </msg>
<msg time="2025-05-19T13:11:31.033720" level="INFO">${RESPONSE} = &lt;Response [202]&gt;</msg>
<var>${RESPONSE}</var>
<arg>Session</arg>
<arg>${RESERVATION_BOOKING_URL}</arg>
<arg>json=${JSON_BODY}</arg>
<doc>Sends a POST request on a previously created HTTP Session.</doc>
<status status="PASS" start="2025-05-19T13:11:11.454438" elapsed="19.579282"/>
</kw>
<if>
<branch type="IF" condition="'${RESPONSE.status_code}' == '202'">
<kw name="Get From Dictionary" owner="Collections">
<msg time="2025-05-19T13:11:31.044393" level="INFO">${opportunityId} = 006WD00000CSTBRYA5</msg>
<var>${opportunityId}</var>
<arg>${RESPONSE.json()}</arg>
<arg>opportunityId</arg>
<doc>Returns a value from the given ``dictionary`` based on the given ``key``.</doc>
<status status="PASS" start="2025-05-19T13:11:31.041233" elapsed="0.003160"/>
</kw>
<kw name="Get From Dictionary" owner="Collections">
<msg time="2025-05-19T13:11:31.045748" level="INFO">${message} = Your Stay has been created.</msg>
<var>${message}</var>
<arg>${RESPONSE.json()}</arg>
<arg>message</arg>
<doc>Returns a value from the given ``dictionary`` based on the given ``key``.</doc>
<status status="PASS" start="2025-05-19T13:11:31.045748" elapsed="0.000000"/>
</kw>
<kw name="Should Be Equal As Strings" owner="BuiltIn">
<arg>${message}</arg>
<arg>Your Stay has been created.</arg>
<doc>Fails if objects are unequal after converting them to strings.</doc>
<status status="PASS" start="2025-05-19T13:11:31.049405" elapsed="0.000319"/>
</kw>
<kw name="Set Suite Variable" owner="BuiltIn">
<msg time="2025-05-19T13:11:31.049724" level="INFO">${opportunityId} = 006WD00000CSTBRYA5</msg>
<arg>${opportunityId}</arg>
<arg>${opportunityId}</arg>
<doc>Makes a variable available everywhere within the scope of the current suite.</doc>
<status status="PASS" start="2025-05-19T13:11:31.049724" elapsed="0.000000"/>
</kw>
<status status="PASS" start="2025-05-19T13:11:31.033720" elapsed="0.016004"/>
</branch>
<status status="PASS" start="2025-05-19T13:11:31.033720" elapsed="0.016004"/>
</if>
<kw name="Set Variable" owner="BuiltIn">
<msg time="2025-05-19T13:11:31.052808" level="INFO">${json_string} = {
  "stayNumber": "STAY-957241",
  "staySalesforceId": "a5nWD00000AibxPYAR",
  "reservationRequestId": "a5mWD000000Vc0zYAC",
  "tourRequestId": "a5oWD000000HJO1YAO",
  "opportunityId": "006WD00000CSTB...</msg>
<var>${json_string}</var>
<arg>${RESPONSE.text}</arg>
<doc>Returns the given values which can then be assigned to a variables.</doc>
<status status="PASS" start="2025-05-19T13:11:31.052808" elapsed="0.000000"/>
</kw>
<if>
<branch type="IF" condition="'${RESPONSE.status_code}' != '202'">
<kw name="Set Variable" owner="BuiltIn">
<var>${status_code}</var>
<arg>${RESPONSE.status_code}</arg>
<doc>Returns the given values which can then be assigned to a variables.</doc>
<status status="NOT RUN" start="2025-05-19T13:11:31.057322" elapsed="0.000707"/>
</kw>
<kw name="Log" owner="BuiltIn">
<arg>*HTML* &lt;font color="red"&gt;Reservation Failed with Status Code: ${status_code}&lt;/font&gt;</arg>
<arg>level=ERROR</arg>
<doc>Logs the given message with the given level.</doc>
<status status="NOT RUN" start="2025-05-19T13:11:31.058029" elapsed="0.000000"/>
</kw>
<kw name="Log" owner="BuiltIn">
<arg>*HTML* &lt;font color="red"&gt;Error Response: ${json_string}&lt;/font&gt;</arg>
<arg>level=ERROR</arg>
<doc>Logs the given message with the given level.</doc>
<status status="NOT RUN" start="2025-05-19T13:11:31.058029" elapsed="0.000000"/>
</kw>
<kw name="Fail" owner="BuiltIn">
<arg>Reservation request failed</arg>
<doc>Fails the test with the given message and optionally alters its tags.</doc>
<status status="NOT RUN" start="2025-05-19T13:11:31.058029" elapsed="0.000000"/>
</kw>
<status status="NOT RUN" start="2025-05-19T13:11:31.052808" elapsed="0.005221"/>
</branch>
<status status="PASS" start="2025-05-19T13:11:31.052808" elapsed="0.005221"/>
</if>
<doc>POST Reservations Bookings</doc>
<status status="PASS" start="2025-05-19T13:11:11.408232" elapsed="19.649797"/>
</kw>
<doc>Create Reservation Request</doc>
<status status="PASS" start="2025-05-19T13:11:11.400501" elapsed="19.657528"/>
</kw>
<kw name="Cancel Reservation Booking" owner="POST_API_Requests">
<kw name="Create Dictionary" owner="BuiltIn">
<msg time="2025-05-19T13:11:31.062733" level="INFO">${headers} = {'x-correlation-id': 'qa-'}</msg>
<var>${headers}</var>
<arg>x-correlation-id=${X_ENV_VALUE}-${uuid}</arg>
<doc>Creates and returns a dictionary based on the given ``items``.</doc>
<status status="PASS" start="2025-05-19T13:11:31.062733" elapsed="0.000000"/>
</kw>
<kw name="Create Session" owner="RequestsLibrary">
<msg time="2025-05-19T13:11:31.065748" level="INFO">Creating Session using : alias=Session, url=https://internal-test-apis.orangelake.com, headers={'x-correlation-id': 'qa-'},                     cookies={}, auth=None, timeout=None, proxies=None, verify=True,                     debug=0 </msg>
<arg>Session</arg>
<arg>${BASE_URL}</arg>
<arg>headers=${headers}</arg>
<arg>verify=true</arg>
<doc>Create Session: create a HTTP session to a server</doc>
<status status="PASS" start="2025-05-19T13:11:31.062733" elapsed="0.003015"/>
</kw>
<kw name="DELETE On Session" owner="RequestsLibrary">
<msg time="2025-05-19T13:11:35.333008" level="INFO">DELETE Request : url=https://internal-test-apis.orangelake.com/hicv-package-proc/brokers/packages/bookings/006WD00000CSTBRYA5 
 path_url=/hicv-package-proc/brokers/packages/bookings/006WD00000CSTBRYA5 
 headers={'User-Agent': 'python-requests/2.32.3', 'Accept-Encoding': 'gzip, deflate', 'Accept': '*/*', 'Connection': 'keep-alive', 'x-correlation-id': 'qa-', 'Content-Length': '0'} 
 body=None 
 </msg>
<msg time="2025-05-19T13:11:35.333741" level="INFO">DELETE Response : url=https://internal-test-apis.orangelake.com/hicv-package-proc/brokers/packages/bookings/006WD00000CSTBRYA5 
 status=202, reason=Accepted 
 headers={'Content-Type': 'application/json; charset=UTF-8', 'Content-Length': '76', 'Date': 'Mon, 19 May 2025 07:41:35 GMT', 'x-correlation-id': 'qa-', 'Strict-Transport-Security': 'max-age=31536000; includeSubdomains', 'Connection': 'Keep-Alive'} 
 body={
  "status": "Success",
  "message": "Reservation Cancelled Successfully"
} 
 </msg>
<msg time="2025-05-19T13:11:35.334177" level="INFO">${RESPONSE} = &lt;Response [202]&gt;</msg>
<var>${RESPONSE}</var>
<arg>Session</arg>
<arg>${CANCEL_RESERVATION_URL}${opportunityId}</arg>
<doc>Sends a DELETE request on a previously created HTTP Session.</doc>
<status status="PASS" start="2025-05-19T13:11:31.065748" elapsed="4.268887"/>
</kw>
<kw name="Set Variable" owner="BuiltIn">
<msg time="2025-05-19T13:11:35.336808" level="INFO">${json} = {'status': 'Success', 'message': 'Reservation Cancelled Successfully'}</msg>
<var>${json}</var>
<arg>${RESPONSE.json()}</arg>
<doc>Returns the given values which can then be assigned to a variables.</doc>
<status status="PASS" start="2025-05-19T13:11:35.334865" elapsed="0.002435"/>
</kw>
<if>
<branch type="IF" condition="'${RESPONSE.status_code}' == '202'">
<kw name="Get From Dictionary" owner="Collections">
<msg time="2025-05-19T13:11:35.338014" level="INFO">${status} = Success</msg>
<var>${status}</var>
<arg>${json}</arg>
<arg>status</arg>
<doc>Returns a value from the given ``dictionary`` based on the given ``key``.</doc>
<status status="PASS" start="2025-05-19T13:11:35.338014" elapsed="0.000000"/>
</kw>
<kw name="Get From Dictionary" owner="Collections">
<msg time="2025-05-19T13:11:35.338014" level="INFO">${message} = Reservation Cancelled Successfully</msg>
<var>${message}</var>
<arg>${json}</arg>
<arg>message</arg>
<doc>Returns a value from the given ``dictionary`` based on the given ``key``.</doc>
<status status="PASS" start="2025-05-19T13:11:35.338014" elapsed="0.000000"/>
</kw>
<kw name="Should Be Equal As Strings" owner="BuiltIn">
<arg>${status}</arg>
<arg>Success</arg>
<doc>Fails if objects are unequal after converting them to strings.</doc>
<status status="PASS" start="2025-05-19T13:11:35.338014" elapsed="0.004277"/>
</kw>
<kw name="Should Be Equal As Strings" owner="BuiltIn">
<arg>${message}</arg>
<arg>Reservation Cancelled Successfully</arg>
<doc>Fails if objects are unequal after converting them to strings.</doc>
<status status="PASS" start="2025-05-19T13:11:35.342291" elapsed="0.000000"/>
</kw>
<status status="PASS" start="2025-05-19T13:11:35.337542" elapsed="0.004749"/>
</branch>
<status status="PASS" start="2025-05-19T13:11:35.337542" elapsed="0.004749"/>
</if>
<if>
<branch type="IF" condition="'${RESPONSE.status_code}' != '202'">
<kw name="Set Variable" owner="BuiltIn">
<var>${status_code}</var>
<arg>${RESPONSE.status_code}</arg>
<doc>Returns the given values which can then be assigned to a variables.</doc>
<status status="NOT RUN" start="2025-05-19T13:11:35.345734" elapsed="0.000000"/>
</kw>
<kw name="Log" owner="BuiltIn">
<arg>*HTML* &lt;font color="red"&gt;Cancellation Request Failed with Status Code: ${status_code}&lt;/font&gt;</arg>
<arg>level=ERROR</arg>
<doc>Logs the given message with the given level.</doc>
<status status="NOT RUN" start="2025-05-19T13:11:35.345734" elapsed="0.000000"/>
</kw>
<kw name="Log" owner="BuiltIn">
<arg>*HTML* &lt;font color="red"&gt;Error Response: ${json}&lt;/font&gt;</arg>
<arg>level=ERROR</arg>
<doc>Logs the given message with the given level.</doc>
<status status="NOT RUN" start="2025-05-19T13:11:35.345734" elapsed="0.000000"/>
</kw>
<kw name="Fail" owner="BuiltIn">
<arg>Reservation Cancel request failed</arg>
<doc>Fails the test with the given message and optionally alters its tags.</doc>
<status status="NOT RUN" start="2025-05-19T13:11:35.345734" elapsed="0.000000"/>
</kw>
<status status="NOT RUN" start="2025-05-19T13:11:35.342291" elapsed="0.003443"/>
</branch>
<status status="PASS" start="2025-05-19T13:11:35.342291" elapsed="0.003443"/>
</if>
<doc>POST Reservations Bookings</doc>
<status status="PASS" start="2025-05-19T13:11:31.061715" elapsed="4.284019"/>
</kw>
<arg>${marital_status}</arg>
<arg>${status_code}</arg>
<arg>${message}</arg>
<doc>Test Broker Cancel</doc>
<status status="PASS" start="2025-05-19T13:10:47.210164" elapsed="48.135570"/>
</kw>
<arg>Single</arg>
<arg>200</arg>
<arg>'Success'</arg>
<tag>BrokerSelfService</tag>
<doc>Broker Self Service Cancellations tests</doc>
<status status="PASS" start="2025-05-19T13:10:47.210164" elapsed="48.135570"/>
</kw>
<kw name="Close All Browsers" owner="SeleniumLibrary" type="TEARDOWN">
<doc>Closes all open browsers and resets the browser cache.</doc>
<status status="PASS" start="2025-05-19T13:11:35.345734" elapsed="0.000000"/>
</kw>
<status status="PASS" start="2025-05-19T13:10:47.210164" elapsed="48.135570"/>
</test>
<status status="PASS" start="2025-05-19T13:10:27.069390" elapsed="68.283855"/>
</suite>
<status status="PASS" start="2025-05-19T13:10:27.065370" elapsed="68.289873"/>
</suite>
<status status="PASS" start="2025-05-19T13:10:27.025775" elapsed="68.329468"/>
</suite>
<statistics>
<total>
<stat pass="1" fail="0" skip="0">All Tests</stat>
</total>
<tag>
</tag>
<suite>
<stat name="Broker SelfService Automation" id="s1" pass="1" fail="0" skip="0">Broker SelfService Automation</stat>
<stat name="Tests" id="s1-s1" pass="1" fail="0" skip="0">Broker SelfService Automation.Tests</stat>
<stat name="BrokerSelfService Cancellation" id="s1-s1-s1" pass="1" fail="0" skip="0">Broker SelfService Automation.Tests.BrokerSelfService Cancellation</stat>
</suite>
</statistics>
<errors>
</errors>
</robot>
