<?xml version="1.0" encoding="UTF-8"?>
<robot generator="Robot 7.2.2 (Python 3.12.8 on win32)" generated="2025-05-20T22:54:04.798585" rpa="false" schemaversion="5">
<suite id="s1" name="Broker SelfService Automation" source="C:\Users\e087261\VS_Code\Broker_SelfService_Automation">
<suite id="s1-s1" name="Tests" source="C:\Users\e087261\VS_Code\Broker_SelfService_Automation\tests">
<suite id="s1-s1-s1" name="BrokerSelfService Cancellation" source="C:\Users\e087261\VS_Code\Broker_SelfService_Automation\tests\BrokerSelfService_Cancellation.robot">
<kw name="BrokerSelfService Suite Setup" owner="master" type="SETUP">
<kw name="Run Keywords" owner="BuiltIn">
<doc>Executes all the given keywords in a sequence.</doc>
<status status="PASS" start="2025-05-20T22:54:06.399368" elapsed="0.002875"/>
</kw>
<kw name="Set Guests &amp; Length of Stay" owner="util">
<kw name="Evaluate" owner="BuiltIn">
<msg time="2025-05-20T22:54:06.405240" level="INFO">${length_of_stay} = 10</msg>
<var>${length_of_stay}</var>
<arg>random.choice($LENGTH_OF_STAY)</arg>
<arg>random</arg>
<doc>Evaluates the given expression in Python and returns the result.</doc>
<status status="PASS" start="2025-05-20T22:54:06.403959" elapsed="0.001281"/>
</kw>
<kw name="Convert To Integer" owner="BuiltIn">
<msg time="2025-05-20T22:54:06.405240" level="INFO">${length_of_stay} = 10</msg>
<var>${length_of_stay}</var>
<arg>${length_of_stay}</arg>
<doc>Converts the given item to an integer number.</doc>
<status status="PASS" start="2025-05-20T22:54:06.405240" elapsed="0.000000"/>
</kw>
<kw name="Evaluate" owner="BuiltIn">
<msg time="2025-05-20T22:54:06.405240" level="INFO">${number_of_guests} = 6</msg>
<var>${number_of_guests}</var>
<arg>random.choice($NUMBER_OF_GUESTS)</arg>
<arg>random</arg>
<doc>Evaluates the given expression in Python and returns the result.</doc>
<status status="PASS" start="2025-05-20T22:54:06.405240" elapsed="0.000000"/>
</kw>
<kw name="Set Suite Variable" owner="BuiltIn">
<msg time="2025-05-20T22:54:06.405240" level="INFO">${length_of_stay} = 10</msg>
<arg>${length_of_stay}</arg>
<arg>${length_of_stay}</arg>
<doc>Makes a variable available everywhere within the scope of the current suite.</doc>
<status status="PASS" start="2025-05-20T22:54:06.405240" elapsed="0.000000"/>
</kw>
<kw name="Set Suite Variable" owner="BuiltIn">
<msg time="2025-05-20T22:54:06.413750" level="INFO">${number_of_guests} = 6</msg>
<arg>${number_of_guests}</arg>
<arg>${number_of_guests}</arg>
<doc>Makes a variable available everywhere within the scope of the current suite.</doc>
<status status="PASS" start="2025-05-20T22:54:06.405240" elapsed="0.009798"/>
</kw>
<doc>Set the number of guests and length of stay</doc>
<status status="PASS" start="2025-05-20T22:54:06.402243" elapsed="0.012795"/>
</kw>
<kw name="Set Marital Status" owner="util">
<kw name="Evaluate" owner="BuiltIn">
<msg time="2025-05-20T22:54:06.416891" level="INFO">${marital_status} = Single</msg>
<var>${marital_status}</var>
<arg>random.choice($marital_status_list)</arg>
<arg>random</arg>
<doc>Evaluates the given expression in Python and returns the result.</doc>
<status status="PASS" start="2025-05-20T22:54:06.415038" elapsed="0.001853"/>
</kw>
<kw name="Set Suite Variable" owner="BuiltIn">
<msg time="2025-05-20T22:54:06.416891" level="INFO">${marital_status} = Single</msg>
<arg>${marital_status}</arg>
<doc>Makes a variable available everywhere within the scope of the current suite.</doc>
<status status="PASS" start="2025-05-20T22:54:06.416891" elapsed="0.000000"/>
</kw>
<status status="PASS" start="2025-05-20T22:54:06.415038" elapsed="0.001853"/>
</kw>
<kw name="Set Checkin Checkout Date" owner="util">
<kw name="Get Current Date" owner="DateTime">
<msg time="2025-05-20T22:54:06.416891" level="INFO">${checkIn_date} = 2025-05-20</msg>
<var>${checkIn_date}</var>
<arg>result_format=%Y-%m-%d</arg>
<doc>Returns current local or UTC time with an optional increment.</doc>
<status status="PASS" start="2025-05-20T22:54:06.416891" elapsed="0.006433"/>
</kw>
<kw name="Add Time To Date" owner="DateTime">
<msg time="2025-05-20T22:54:06.439127" level="INFO">${checkIn_date} = 2025-05-30</msg>
<var>${checkIn_date}</var>
<arg>${checkIn_date}</arg>
<arg>${length_of_stay} days</arg>
<arg>result_format=%Y-%m-%d</arg>
<doc>Adds time to date and returns the resulting date.</doc>
<status status="PASS" start="2025-05-20T22:54:06.423324" elapsed="0.015803"/>
</kw>
<kw name="Add Time To Date" owner="DateTime">
<msg time="2025-05-20T22:54:06.444682" level="INFO">${checkOut_date} = 2025-06-09</msg>
<var>${checkOut_date}</var>
<arg>${checkIn_date}</arg>
<arg>${lengthOfStay} days</arg>
<arg>result_format=%Y-%m-%d</arg>
<doc>Adds time to date and returns the resulting date.</doc>
<status status="PASS" start="2025-05-20T22:54:06.439127" elapsed="0.005555"/>
</kw>
<kw name="Set Suite Variable" owner="BuiltIn">
<msg time="2025-05-20T22:54:06.447576" level="INFO">${checkIn_date} = 2025-05-30</msg>
<arg>${checkIn_date}</arg>
<doc>Makes a variable available everywhere within the scope of the current suite.</doc>
<status status="PASS" start="2025-05-20T22:54:06.444682" elapsed="0.002894"/>
</kw>
<kw name="Set Suite Variable" owner="BuiltIn">
<msg time="2025-05-20T22:54:06.449304" level="INFO">${checkOut_date} = 2025-06-09</msg>
<arg>${checkOut_date}</arg>
<doc>Makes a variable available everywhere within the scope of the current suite.</doc>
<status status="PASS" start="2025-05-20T22:54:06.449304" elapsed="0.001171"/>
</kw>
<doc>Set checkin checkout  date</doc>
<status status="PASS" start="2025-05-20T22:54:06.416891" elapsed="0.033584"/>
</kw>
<kw name="Generate Testdata" owner="util">
<kw name="Generate Email Id" owner="util">
<kw name="Set Variable" owner="BuiltIn">
<msg time="2025-05-20T22:54:06.450475" level="INFO">${first_name} = QATest</msg>
<var>${first_name}</var>
<arg>QATest</arg>
<doc>Returns the given values which can then be assigned to a variables.</doc>
<status status="PASS" start="2025-05-20T22:54:06.450475" elapsed="0.000000"/>
</kw>
<kw name="Generate Random String" owner="String">
<msg time="2025-05-20T22:54:06.450475" level="INFO">${last_name} = dadf</msg>
<var>${last_name}</var>
<arg>4</arg>
<arg>abcdefghijklmnopqrstuvwxyz</arg>
<doc>Generates a string with a desired ``length`` from the given ``chars``.</doc>
<status status="PASS" start="2025-05-20T22:54:06.450475" elapsed="0.000000"/>
</kw>
<kw name="Set Variable" owner="BuiltIn">
<msg time="2025-05-20T22:54:06.450475" level="INFO">${com} = @mailinator.com</msg>
<var>${com}</var>
<arg>@mailinator.com</arg>
<doc>Returns the given values which can then be assigned to a variables.</doc>
<status status="PASS" start="2025-05-20T22:54:06.450475" elapsed="0.000000"/>
</kw>
<kw name="Set Variable" owner="BuiltIn">
<msg time="2025-05-20T22:54:06.450475" level="INFO">${email} = QATestdadf@mailinator.com</msg>
<var>${email}</var>
<arg>${first_name}${last_name}${com}</arg>
<doc>Returns the given values which can then be assigned to a variables.</doc>
<status status="PASS" start="2025-05-20T22:54:06.450475" elapsed="0.000000"/>
</kw>
<kw name="Set Suite Variable" owner="BuiltIn">
<msg time="2025-05-20T22:54:06.450475" level="INFO">${email} = QATestdadf@mailinator.com</msg>
<arg>${email}</arg>
<doc>Makes a variable available everywhere within the scope of the current suite.</doc>
<status status="PASS" start="2025-05-20T22:54:06.450475" elapsed="0.000000"/>
</kw>
<kw name="Set Suite Variable" owner="BuiltIn">
<msg time="2025-05-20T22:54:06.450475" level="INFO">${first_name} = QATest</msg>
<arg>${first_name}</arg>
<doc>Makes a variable available everywhere within the scope of the current suite.</doc>
<status status="PASS" start="2025-05-20T22:54:06.450475" elapsed="0.012819"/>
</kw>
<kw name="Set Suite Variable" owner="BuiltIn">
<msg time="2025-05-20T22:54:06.464576" level="INFO">${last_name} = dadf</msg>
<arg>${last_name}</arg>
<doc>Makes a variable available everywhere within the scope of the current suite.</doc>
<status status="PASS" start="2025-05-20T22:54:06.463294" elapsed="0.001282"/>
</kw>
<return>
<value>${email}</value>
<status status="PASS" start="2025-05-20T22:54:06.464576" elapsed="0.000000"/>
</return>
<doc>Generate random email id</doc>
<status status="PASS" start="2025-05-20T22:54:06.450475" elapsed="0.014101"/>
</kw>
<kw name="Generate Phone Number" owner="util">
<kw name="Generate Random String" owner="String">
<msg time="2025-05-20T22:54:06.464576" level="INFO">${ph_Number_1} = 99959</msg>
<var>${ph_Number_1}</var>
<arg>5</arg>
<arg>98765</arg>
<doc>Generates a string with a desired ``length`` from the given ``chars``.</doc>
<status status="PASS" start="2025-05-20T22:54:06.464576" elapsed="0.000000"/>
</kw>
<kw name="Generate Random String" owner="String">
<msg time="2025-05-20T22:54:06.464576" level="INFO">${ph_Number_2} = 26533</msg>
<var>${ph_Number_2}</var>
<arg>5</arg>
<arg>0123456789</arg>
<doc>Generates a string with a desired ``length`` from the given ``chars``.</doc>
<status status="PASS" start="2025-05-20T22:54:06.464576" elapsed="0.000000"/>
</kw>
<kw name="Set Variable" owner="BuiltIn">
<msg time="2025-05-20T22:54:06.471788" level="INFO">${phone} = 9995926533</msg>
<var>${phone}</var>
<arg>${ph_Number_1}${ph_Number_2}</arg>
<doc>Returns the given values which can then be assigned to a variables.</doc>
<status status="PASS" start="2025-05-20T22:54:06.464576" elapsed="0.007212"/>
</kw>
<return>
<value>${phone}</value>
<status status="PASS" start="2025-05-20T22:54:06.471788" elapsed="0.001696"/>
</return>
<doc>Generate random phone number</doc>
<status status="PASS" start="2025-05-20T22:54:06.464576" elapsed="0.008908"/>
</kw>
<kw name="Generate Random UUID" owner="util">
<kw name="Evaluate" owner="BuiltIn">
<msg time="2025-05-20T22:54:06.473484" level="INFO">${uuid} = 2f3854a4-6a4c-44c8-af21-c810e7b26de6</msg>
<var>${uuid}</var>
<arg>str(uuid.uuid4())</arg>
<arg>modules=uuid</arg>
<doc>Evaluates the given expression in Python and returns the result.</doc>
<status status="PASS" start="2025-05-20T22:54:06.473484" elapsed="0.000000"/>
</kw>
<kw name="Set Suite Variable" owner="BuiltIn">
<msg time="2025-05-20T22:54:06.473484" level="INFO">${uuid} = 2f3854a4-6a4c-44c8-af21-c810e7b26de6</msg>
<arg>${uuid}</arg>
<doc>Makes a variable available everywhere within the scope of the current suite.</doc>
<status status="PASS" start="2025-05-20T22:54:06.473484" elapsed="0.000000"/>
</kw>
<status status="PASS" start="2025-05-20T22:54:06.473484" elapsed="0.000000"/>
</kw>
<status status="PASS" start="2025-05-20T22:54:06.450475" elapsed="0.023009"/>
</kw>
<doc>Initializes test data and dates</doc>
<status status="PASS" start="2025-05-20T22:54:06.397834" elapsed="0.075650"/>
</kw>
<test id="s1-s1-s1-t1" name="Test MonsterRes" line="10">
<kw name="Broker_Self_Service_End_To_End_Tests">
<kw name="BrokerSelfService Test Setup" owner="master" type="SETUP">
<kw name="Run Keywords" owner="BuiltIn">
<doc>Executes all the given keywords in a sequence.</doc>
<status status="PASS" start="2025-05-20T22:54:06.481396" elapsed="0.002447"/>
</kw>
<kw name="GET Access Token" owner="GetAuth">
<kw name="Create Auth Headers" owner="GetAuth">
<kw name="Create Dictionary" owner="BuiltIn">
<msg time="2025-05-20T22:54:06.483843" level="INFO">${headers} = {'Content-Type': 'application/x-www-form-urlencoded'}</msg>
<var>${headers}</var>
<arg>${CONTENT_TYPE_ID}=${CONTENT_TYPE_VALUE}</arg>
<doc>Creates and returns a dictionary based on the given ``items``.</doc>
<status status="PASS" start="2025-05-20T22:54:06.483843" elapsed="0.000000"/>
</kw>
<return>
<value>${headers}</value>
<status status="PASS" start="2025-05-20T22:54:06.488358" elapsed="0.000000"/>
</return>
<msg time="2025-05-20T22:54:06.488358" level="INFO">${headers} = {'Content-Type': 'application/x-www-form-urlencoded'}</msg>
<var>${headers}</var>
<status status="PASS" start="2025-05-20T22:54:06.483843" elapsed="0.004515"/>
</kw>
<kw name="Create Auth Parameters" owner="GetAuth">
<kw name="Create Dictionary" owner="BuiltIn">
<msg time="2025-05-20T22:54:06.488358" level="INFO">${query_params} = {'scope': 'Client_Credential', 'grant_type': 'client_credentials', 'client_id': '0oa11ab355wq2nMAq2p8', 'client_secret': '5NAlkO5t1gduRsNj4bzhIa6QAjeF0bxkuRnucMaP2YQa53hOPbi3H5qI36N2QqGY'}</msg>
<var>${query_params}</var>
<arg>${SCOPE_ID}=${SCOPE_VALUE}</arg>
<arg>${GRANT_TYPE_ID}=${GRANT_TYPE_VALUE}</arg>
<arg>${CLIENT_ID}=${CLIENT_VALUE}</arg>
<arg>${CLIENT_SECRET_ID}=${CLIENT_SECRET_VALUE}</arg>
<doc>Creates and returns a dictionary based on the given ``items``.</doc>
<status status="PASS" start="2025-05-20T22:54:06.488358" elapsed="0.000000"/>
</kw>
<return>
<value>${query_params}</value>
<status status="PASS" start="2025-05-20T22:54:06.488358" elapsed="0.005239"/>
</return>
<msg time="2025-05-20T22:54:06.493597" level="INFO">${query_params} = {'scope': 'Client_Credential', 'grant_type': 'client_credentials', 'client_id': '0oa11ab355wq2nMAq2p8', 'client_secret': '5NAlkO5t1gduRsNj4bzhIa6QAjeF0bxkuRnucMaP2YQa53hOPbi3H5qI36N2QqGY'}</msg>
<var>${query_params}</var>
<status status="PASS" start="2025-05-20T22:54:06.488358" elapsed="0.006398"/>
</kw>
<kw name="Make Auth Request" owner="GetAuth">
<kw name="Create Session" owner="RequestsLibrary">
<msg time="2025-05-20T22:54:06.497251" level="INFO">Creating Session using : alias=auth_session, url=https://orangelake.okta.com, headers={'Content-Type': 'application/x-www-form-urlencoded'},                     cookies={}, auth=None, timeout=None, proxies=None, verify=True,                     debug=0 </msg>
<arg>auth_session</arg>
<arg>${BASE_AUTH_URL}</arg>
<arg>headers=${headers}</arg>
<arg>verify=true</arg>
<doc>Create Session: create a HTTP session to a server</doc>
<status status="PASS" start="2025-05-20T22:54:06.496739" elapsed="0.001695"/>
</kw>
<kw name="POST On Session" owner="RequestsLibrary">
<msg time="2025-05-20T22:54:07.969302" level="INFO">POST Request : url=https://orangelake.okta.com/oauth2/aus62qhmnrywYgNdu2p7/v1/token?scope=Client_Credential&amp;grant_type=client_credentials&amp;client_id=0oa11ab355wq2nMAq2p8&amp;client_secret=5NAlkO5t1gduRsNj4bzhIa6QAjeF0bxkuRnucMaP2YQa53hOPbi3H5qI36N2QqGY 
 path_url=/oauth2/aus62qhmnrywYgNdu2p7/v1/token?scope=Client_Credential&amp;grant_type=client_credentials&amp;client_id=0oa11ab355wq2nMAq2p8&amp;client_secret=5NAlkO5t1gduRsNj4bzhIa6QAjeF0bxkuRnucMaP2YQa53hOPbi3H5qI36N2QqGY 
 headers={'User-Agent': 'python-requests/2.32.3', 'Accept-Encoding': 'gzip, deflate', 'Accept': '*/*', 'Connection': 'keep-alive', 'Content-Type': 'application/x-www-form-urlencoded', 'Content-Length': '0'} 
 body=None 
 </msg>
<msg time="2025-05-20T22:54:07.970179" level="INFO">POST Response : url=https://orangelake.okta.com/oauth2/aus62qhmnrywYgNdu2p7/v1/token?scope=Client_Credential&amp;grant_type=client_credentials&amp;client_id=0oa11ab355wq2nMAq2p8&amp;client_secret=5NAlkO5t1gduRsNj4bzhIa6QAjeF0bxkuRnucMaP2YQa53hOPbi3H5qI36N2QqGY 
 status=200, reason=OK 
 headers={'Date': 'Tue, 20 May 2025 17:24:07 GMT', 'Content-Type': 'application/json', 'Transfer-Encoding': 'chunked', 'Connection': 'keep-alive', 'Server': 'nginx', 'x-okta-request-id': 'bd2830de70a1409199fcfdba92a35f86', 'x-xss-protection': '0', 'p3p': 'CP="HONK"', 'set-cookie': 'sid="";Version=1;Path=/;Max-Age=0, xids="";Version=1;Path=/;Max-Age=0, autolaunch_triggered=""; Expires=Thu, 01 Jan 1970 00:00:10 GMT; Path=/, activate_ca_modal_triggered=""; Expires=Thu, 01 Jan 1970 00:00:10 GMT; Path=/, JSESSIONID=B67E4763076E2A8B7D15DF80703A1BF9; Path=/; Secure; HttpOnly', 'content-security-policy-report-only': "default-src 'self' orangelake.okta.com *.oktacdn.com; connect-src 'self' orangelake.okta.com orangelake-admin.okta.com *.oktacdn.com *.mixpanel.com *.mapbox.com *.mtls.okta.com orangelake.kerberos.okta.com orangelake.mtls.okta.com https://oinmanager.okta.com data: *.ingest.sentry.io data.pendo.io pendo-static-5634101834153984.storage.googleapis.com pendo-static-5391521872216064.storage.googleapis.com; script-src 'unsafe-inline' 'unsafe-eval' 'self' 'report-sample' orangelake.okta.com *.oktacdn.com; style-src 'unsafe-inline' 'self' 'report-sample' orangelake.okta.com *.oktacdn.com; frame-src 'self' orangelake.okta.com orangelake-admin.okta.com login.okta.com *.vidyard.com; img-src 'self' orangelake.okta.com *.oktacdn.com *.tiles.mapbox.com *.mapbox.com *.vidyard.com data: data.pendo.io pendo-static-5634101834153984.storage.googleapis.com pendo-static-5391521872216064.storage.googleapis.com blob:; font-src 'self' orangelake.okta.com data: *.oktacdn.com fonts.gstatic.com; frame-ancestors 'self'", 'content-security-policy': "default-src 'self' orangelake.okta.com *.oktacdn.com; connect-src 'self' orangelake.okta.com orangelake-admin.okta.com *.oktacdn.com *.mixpanel.com *.mapbox.com *.mtls.okta.com orangelake.kerberos.okta.com orangelake.mtls.okta.com https://oinmanager.okta.com data: *.ingest.sentry.io data.pendo.io pendo-static-5634101834153984.storage.googleapis.com pendo-static-5391521872216064.storage.googleapis.com; script-src 'unsafe-inline' 'unsafe-eval' 'self' 'report-sample' orangelake.okta.com *.oktacdn.com; style-src 'unsafe-inline' 'self' 'report-sample' orangelake.okta.com *.oktacdn.com; frame-src 'self' orangelake.okta.com orangelake-admin.okta.com login.okta.com *.vidyard.com; img-src 'self' orangelake.okta.com *.oktacdn.com *.tiles.mapbox.com *.mapbox.com *.vidyard.com data: data.pendo.io pendo-static-5634101834153984.storage.googleapis.com pendo-static-5391521872216064.storage.googleapis.com blob:; font-src 'self' orangelake.okta.com data: *.oktacdn.com fonts.gstatic.com", 'x-rate-limit-limit': '1000', 'x-rate-limit-remaining': '999', 'x-rate-limit-reset': '1747761907', 'cache-control': 'no-cache, no-store', 'pragma': 'no-cache', 'expires': '0', 'referrer-policy': 'strict-origin-when-cross-origin', 'accept-ch': 'Sec-CH-UA-Platform-Version', 'x-content-type-options': 'nosniff', 'Strict-Transport-Security': 'max-age=315360000; includeSubDomains', 'X-Robots-Tag': 'noindex,nofollow'} 
 body={"token_type":"Bearer","expires_in":3600,"access_token":"eyJraWQiOiJ0OTdvMEtxR2s4X0gwSUFicjZST1NtaDdBZEl4MGtfVFFtRHdiZnY2R2ljIiwiYWxnIjoiUlMyNTYifQ.eyJ2ZXIiOjEsImp0aSI6IkFULnIxN09RN2p1VmdsMGh6RVE0UDlPTFAtbGRneGljQ0Z0cVptLXBjVHNDaUUiLCJpc3MiOiJodHRwczovL29yYW5nZWxha2Uub2t0YS5jb20vb2F1dGgyL2F1czYycWhtbnJ5d1lnTmR1MnA3IiwiYXVkIjoiMG9hNjJ2ZTZ4bkRlQnhqMksycDciLCJpYXQiOjE3NDc3NjE4NDcsImV4cCI6MTc0Nzc2NTQ0NywiY2lkIjoiMG9hMTFhYjM1NXdxMm5NQXEycDgiLCJzY3AiOlsiQ2xpZW50X0NyZWRlbnRpYWwiXSwic3ViIjoiMG9hMTFhYjM1NXdxMm5NQXEycDgiLCJJc093bmVyIjpmYWxzZX0.YeQY2fX97DYLULf3vJ0FhpRNPRwdMdccYYv2Bpiz5ZuzmxVhKYJD_aNLPdpGQ3xuKhdS7RRZ_dyOUB-4AhiNVt7L5PM6zwMskgodtkd7SmYQ_qhu59Oc8LI_PDkhYzFrVvsdprPHqqL_AAMGtMkXvn20dmaIhXwhU7dxKbvTV5RTDh8Hpc6fcR32oLNphA4v5MOqLw0id7i9Ix_nHaHvLEVYTSJ_cDfPUdkGvYccensR6HfJ4LKGJLdF2lktGHdogxb4V_qWdpkQ4q69chrVALn24XEbgZ8LzqHkLVqwaX_4-XvSyIdMM6sRmnO03Wn37KoNQhkDLU22F2utDPDRwA","scope":"Client_Credential"} 
 </msg>
<msg time="2025-05-20T22:54:07.971088" level="INFO">${response} = &lt;Response [200]&gt;</msg>
<var>${response}</var>
<arg>auth_session</arg>
<arg>${AUTH_URL}</arg>
<arg>params=${query_params}</arg>
<doc>Sends a POST request on a previously created HTTP Session.</doc>
<status status="PASS" start="2025-05-20T22:54:06.498434" elapsed="1.472654"/>
</kw>
<return>
<value>${response}</value>
<status status="PASS" start="2025-05-20T22:54:07.971675" elapsed="0.000000"/>
</return>
<msg time="2025-05-20T22:54:07.971675" level="INFO">${response} = &lt;Response [200]&gt;</msg>
<var>${response}</var>
<arg>${headers}</arg>
<arg>${query_params}</arg>
<status status="PASS" start="2025-05-20T22:54:06.494756" elapsed="1.477902"/>
</kw>
<kw name="Extract Token From Response" owner="GetAuth">
<kw name="Get Value From Json" owner="JSONLibrary">
<msg time="2025-05-20T22:54:08.013162" level="INFO">${token} = ['eyJraWQiOiJ0OTdvMEtxR2s4X0gwSUFicjZST1NtaDdBZEl4MGtfVFFtRHdiZnY2R2ljIiwiYWxnIjoiUlMyNTYifQ.eyJ2ZXIiOjEsImp0aSI6IkFULnIxN09RN2p1VmdsMGh6RVE0UDlPTFAtbGRneGljQ0Z0cVptLXBjVHNDaUUiLCJpc3MiOiJodHRwczovL29...</msg>
<var>${token}</var>
<arg>${response.json()}</arg>
<arg>access_token</arg>
<doc>Get Value From JSON using JSONPath</doc>
<status status="PASS" start="2025-05-20T22:54:07.973659" elapsed="0.040682"/>
</kw>
<return>
<value>${token}[0]</value>
<status status="PASS" start="2025-05-20T22:54:08.014341" elapsed="0.000894"/>
</return>
<msg time="2025-05-20T22:54:08.015235" level="INFO">${token} = eyJraWQiOiJ0OTdvMEtxR2s4X0gwSUFicjZST1NtaDdBZEl4MGtfVFFtRHdiZnY2R2ljIiwiYWxnIjoiUlMyNTYifQ.eyJ2ZXIiOjEsImp0aSI6IkFULnIxN09RN2p1VmdsMGh6RVE0UDlPTFAtbGRneGljQ0Z0cVptLXBjVHNDaUUiLCJpc3MiOiJodHRwczovL29yY...</msg>
<var>${token}</var>
<arg>${response}</arg>
<status status="PASS" start="2025-05-20T22:54:07.972658" elapsed="0.042577"/>
</kw>
<kw name="Set Suite Variable" owner="BuiltIn">
<msg time="2025-05-20T22:54:08.017620" level="INFO">${ACCESS_TOKEN} = eyJraWQiOiJ0OTdvMEtxR2s4X0gwSUFicjZST1NtaDdBZEl4MGtfVFFtRHdiZnY2R2ljIiwiYWxnIjoiUlMyNTYifQ.eyJ2ZXIiOjEsImp0aSI6IkFULnIxN09RN2p1VmdsMGh6RVE0UDlPTFAtbGRneGljQ0Z0cVptLXBjVHNDaUUiLCJpc3MiOiJodHRwczovL29yY...</msg>
<arg>${ACCESS_TOKEN}</arg>
<arg>${token}</arg>
<doc>Makes a variable available everywhere within the scope of the current suite.</doc>
<status status="PASS" start="2025-05-20T22:54:08.015235" elapsed="0.004220"/>
</kw>
<status status="PASS" start="2025-05-20T22:54:06.483843" elapsed="1.535612"/>
</kw>
<kw name="GET Campaign Id" owner="GET_API_Requests">
<kw name="Create API Headers" owner="GET_API_Requests">
<kw name="Set Variable If" owner="BuiltIn">
<msg time="2025-05-20T22:54:08.024372" level="INFO">${token} = eyJraWQiOiJ0OTdvMEtxR2s4X0gwSUFicjZST1NtaDdBZEl4MGtfVFFtRHdiZnY2R2ljIiwiYWxnIjoiUlMyNTYifQ.eyJ2ZXIiOjEsImp0aSI6IkFULnIxN09RN2p1VmdsMGh6RVE0UDlPTFAtbGRneGljQ0Z0cVptLXBjVHNDaUUiLCJpc3MiOiJodHRwczovL29yY...</msg>
<var>${token}</var>
<arg>"${token}"=="${EMPTY}"</arg>
<arg>${ACCESS_TOKEN}</arg>
<arg>${token}</arg>
<doc>Sets variable based on the given condition.</doc>
<status status="PASS" start="2025-05-20T22:54:08.022441" elapsed="0.002767"/>
</kw>
<kw name="Create Dictionary" owner="BuiltIn">
<msg time="2025-05-20T22:54:08.027423" level="INFO">${headers} = {'X-Env': 'qa', 'Authorization': 'Bearer eyJraWQiOiJ0OTdvMEtxR2s4X0gwSUFicjZST1NtaDdBZEl4MGtfVFFtRHdiZnY2R2ljIiwiYWxnIjoiUlMyNTYifQ.eyJ2ZXIiOjEsImp0aSI6IkFULnIxN09RN2p1VmdsMGh6RVE0UDlPTFAtbGRneGljQ0Z0...</msg>
<var>${headers}</var>
<arg>${X_ENV_NAME}=${X_ENV_VALUE}</arg>
<arg>${AUTHORIZATION_NAME}=Bearer ${token}</arg>
<doc>Creates and returns a dictionary based on the given ``items``.</doc>
<status status="PASS" start="2025-05-20T22:54:08.025895" elapsed="0.001528"/>
</kw>
<return>
<value>${headers}</value>
<status status="PASS" start="2025-05-20T22:54:08.028573" elapsed="0.000000"/>
</return>
<msg time="2025-05-20T22:54:08.028573" level="INFO">${headers} = {'X-Env': 'qa', 'Authorization': 'Bearer eyJraWQiOiJ0OTdvMEtxR2s4X0gwSUFicjZST1NtaDdBZEl4MGtfVFFtRHdiZnY2R2ljIiwiYWxnIjoiUlMyNTYifQ.eyJ2ZXIiOjEsImp0aSI6IkFULnIxN09RN2p1VmdsMGh6RVE0UDlPTFAtbGRneGljQ0Z0...</msg>
<var>${headers}</var>
<status status="PASS" start="2025-05-20T22:54:08.021761" elapsed="0.008254"/>
</kw>
<kw name="Initialize API Session" owner="GET_API_Requests">
<kw name="Create Session" owner="RequestsLibrary">
<msg time="2025-05-20T22:54:08.031766" level="INFO">Creating Session using : alias=Session, url=https://internal-test-apis.orangelake.com, headers={'X-Env': 'qa', 'Authorization': 'Bearer eyJraWQiOiJ0OTdvMEtxR2s4X0gwSUFicjZST1NtaDdBZEl4MGtfVFFtRHdiZnY2R2ljIiwiYWxnIjoiUlMyNTYifQ.eyJ2ZXIiOjEsImp0aSI6IkFULnIxN09RN2p1VmdsMGh6RVE0UDlPTFAtbGRneGljQ0Z0cVptLXBjVHNDaUUiLCJpc3MiOiJodHRwczovL29yYW5nZWxha2Uub2t0YS5jb20vb2F1dGgyL2F1czYycWhtbnJ5d1lnTmR1MnA3IiwiYXVkIjoiMG9hNjJ2ZTZ4bkRlQnhqMksycDciLCJpYXQiOjE3NDc3NjE4NDcsImV4cCI6MTc0Nzc2NTQ0NywiY2lkIjoiMG9hMTFhYjM1NXdxMm5NQXEycDgiLCJzY3AiOlsiQ2xpZW50X0NyZWRlbnRpYWwiXSwic3ViIjoiMG9hMTFhYjM1NXdxMm5NQXEycDgiLCJJc093bmVyIjpmYWxzZX0.YeQY2fX97DYLULf3vJ0FhpRNPRwdMdccYYv2Bpiz5ZuzmxVhKYJD_aNLPdpGQ3xuKhdS7RRZ_dyOUB-4AhiNVt7L5PM6zwMskgodtkd7SmYQ_qhu59Oc8LI_PDkhYzFrVvsdprPHqqL_AAMGtMkXvn20dmaIhXwhU7dxKbvTV5RTDh8Hpc6fcR32oLNphA4v5MOqLw0id7i9Ix_nHaHvLEVYTSJ_cDfPUdkGvYccensR6HfJ4LKGJLdF2lktGHdogxb4V_qWdpkQ4q69chrVALn24XEbgZ8LzqHkLVqwaX_4-XvSyIdMM6sRmnO03Wn37KoNQhkDLU22F2utDPDRwA'},                     cookies={}, auth=None, timeout=None, proxies=None, verify=True,                     debug=0 </msg>
<arg>Session</arg>
<arg>${BASE_URL}</arg>
<arg>headers=${headers}</arg>
<arg>verify=true</arg>
<doc>Create Session: create a HTTP session to a server</doc>
<status status="PASS" start="2025-05-20T22:54:08.031766" elapsed="0.002740"/>
</kw>
<arg>${headers}</arg>
<status status="PASS" start="2025-05-20T22:54:08.030744" elapsed="0.003762"/>
</kw>
<kw name="GET On Session" owner="RequestsLibrary">
<msg time="2025-05-20T22:54:09.795501" level="INFO">GET Request : url=https://internal-test-apis.orangelake.com/hicv-partners-exp/campaigns/vendors/MonsterRes 
 path_url=/hicv-partners-exp/campaigns/vendors/MonsterRes 
 headers={'User-Agent': 'python-requests/2.32.3', 'Accept-Encoding': 'gzip, deflate', 'Accept': '*/*', 'Connection': 'keep-alive', 'X-Env': 'qa', 'Authorization': 'Bearer eyJraWQiOiJ0OTdvMEtxR2s4X0gwSUFicjZST1NtaDdBZEl4MGtfVFFtRHdiZnY2R2ljIiwiYWxnIjoiUlMyNTYifQ.eyJ2ZXIiOjEsImp0aSI6IkFULnIxN09RN2p1VmdsMGh6RVE0UDlPTFAtbGRneGljQ0Z0cVptLXBjVHNDaUUiLCJpc3MiOiJodHRwczovL29yYW5nZWxha2Uub2t0YS5jb20vb2F1dGgyL2F1czYycWhtbnJ5d1lnTmR1MnA3IiwiYXVkIjoiMG9hNjJ2ZTZ4bkRlQnhqMksycDciLCJpYXQiOjE3NDc3NjE4NDcsImV4cCI6MTc0Nzc2NTQ0NywiY2lkIjoiMG9hMTFhYjM1NXdxMm5NQXEycDgiLCJzY3AiOlsiQ2xpZW50X0NyZWRlbnRpYWwiXSwic3ViIjoiMG9hMTFhYjM1NXdxMm5NQXEycDgiLCJJc093bmVyIjpmYWxzZX0.YeQY2fX97DYLULf3vJ0FhpRNPRwdMdccYYv2Bpiz5ZuzmxVhKYJD_aNLPdpGQ3xuKhdS7RRZ_dyOUB-4AhiNVt7L5PM6zwMskgodtkd7SmYQ_qhu59Oc8LI_PDkhYzFrVvsdprPHqqL_AAMGtMkXvn20dmaIhXwhU7dxKbvTV5RTDh8Hpc6fcR32oLNphA4v5MOqLw0id7i9Ix_nHaHvLEVYTSJ_cDfPUdkGvYccensR6HfJ4LKGJLdF2lktGHdogxb4V_qWdpkQ4q69chrVALn24XEbgZ8LzqHkLVqwaX_4-XvSyIdMM6sRmnO03Wn37KoNQhkDLU22F2utDPDRwA'} 
 body=None 
 </msg>
<msg time="2025-05-20T22:54:09.795501" level="INFO">GET Response : url=https://internal-test-apis.orangelake.com/hicv-partners-exp/campaigns/vendors/MonsterRes 
 status=200, reason=OK 
 headers={'Content-Type': 'application/json; charset=UTF-8', 'Content-Length': '88', 'Date': 'Tue, 20 May 2025 17:24:09 GMT', 'x-correlation-id': '28c66774-aa3e-4f5f-ae08-66ebe3e3e8f3', 'Strict-Transport-Security': 'max-age=31536000; includeSubdomains', 'Connection': 'Keep-Alive'} 
 body=[
  {
    "campaignId": "701WD000006YmphYAC",
    "campaignName": "BMV MonsterRes"
  }
] 
 </msg>
<msg time="2025-05-20T22:54:09.795501" level="INFO">${response} = &lt;Response [200]&gt;</msg>
<var>${response}</var>
<arg>Session</arg>
<arg>${CAMPAIGN_ID_URL}${vendor}</arg>
<doc>Sends a GET request on a previously created HTTP Session.</doc>
<status status="PASS" start="2025-05-20T22:54:08.034506" elapsed="1.760995"/>
</kw>
<kw name="Should Be Equal As Strings" owner="BuiltIn">
<msg time="2025-05-20T22:54:09.798442" level="INFO">Argument types are:
&lt;class 'int'&gt;
&lt;class 'str'&gt;</msg>
<arg>${response.status_code}</arg>
<arg>200</arg>
<doc>Fails if objects are unequal after converting them to strings.</doc>
<status status="PASS" start="2025-05-20T22:54:09.798091" elapsed="0.000351"/>
</kw>
<kw name="Set Variable" owner="BuiltIn">
<msg time="2025-05-20T22:54:09.798442" level="INFO">${json} = [{'campaignId': '701WD000006YmphYAC', 'campaignName': 'BMV MonsterRes'}]</msg>
<var>${json}</var>
<arg>${response.json()}</arg>
<doc>Returns the given values which can then be assigned to a variables.</doc>
<status status="PASS" start="2025-05-20T22:54:09.798442" elapsed="0.000000"/>
</kw>
<kw name="Set Suite Variable" owner="BuiltIn">
<msg time="2025-05-20T22:54:09.798442" level="INFO">${campaignId} = 701WD000006YmphYAC</msg>
<arg>${campaignId}</arg>
<arg>${json}[0][campaignId]</arg>
<doc>Makes a variable available everywhere within the scope of the current suite.</doc>
<status status="PASS" start="2025-05-20T22:54:09.798442" elapsed="0.000000"/>
</kw>
<arg>${vendor}</arg>
<doc>Get Campaign Id</doc>
<status status="PASS" start="2025-05-20T22:54:08.019968" elapsed="1.778474"/>
</kw>
<kw name="GET Tour Allotments" owner="GET_API_Requests">
<kw name="Create API Headers" owner="GET_API_Requests">
<kw name="Set Variable If" owner="BuiltIn">
<msg time="2025-05-20T22:54:09.808853" level="INFO">${token} = eyJraWQiOiJ0OTdvMEtxR2s4X0gwSUFicjZST1NtaDdBZEl4MGtfVFFtRHdiZnY2R2ljIiwiYWxnIjoiUlMyNTYifQ.eyJ2ZXIiOjEsImp0aSI6IkFULnIxN09RN2p1VmdsMGh6RVE0UDlPTFAtbGRneGljQ0Z0cVptLXBjVHNDaUUiLCJpc3MiOiJodHRwczovL29yY...</msg>
<var>${token}</var>
<arg>"${token}"=="${EMPTY}"</arg>
<arg>${ACCESS_TOKEN}</arg>
<arg>${token}</arg>
<doc>Sets variable based on the given condition.</doc>
<status status="PASS" start="2025-05-20T22:54:09.798442" elapsed="0.010411"/>
</kw>
<kw name="Create Dictionary" owner="BuiltIn">
<msg time="2025-05-20T22:54:09.808853" level="INFO">${headers} = {'X-Env': 'qa', 'Authorization': 'Bearer eyJraWQiOiJ0OTdvMEtxR2s4X0gwSUFicjZST1NtaDdBZEl4MGtfVFFtRHdiZnY2R2ljIiwiYWxnIjoiUlMyNTYifQ.eyJ2ZXIiOjEsImp0aSI6IkFULnIxN09RN2p1VmdsMGh6RVE0UDlPTFAtbGRneGljQ0Z0...</msg>
<var>${headers}</var>
<arg>${X_ENV_NAME}=${X_ENV_VALUE}</arg>
<arg>${AUTHORIZATION_NAME}=Bearer ${token}</arg>
<doc>Creates and returns a dictionary based on the given ``items``.</doc>
<status status="PASS" start="2025-05-20T22:54:09.808853" elapsed="0.000000"/>
</kw>
<return>
<value>${headers}</value>
<status status="PASS" start="2025-05-20T22:54:09.808853" elapsed="0.000000"/>
</return>
<msg time="2025-05-20T22:54:09.808853" level="INFO">${headers} = {'X-Env': 'qa', 'Authorization': 'Bearer eyJraWQiOiJ0OTdvMEtxR2s4X0gwSUFicjZST1NtaDdBZEl4MGtfVFFtRHdiZnY2R2ljIiwiYWxnIjoiUlMyNTYifQ.eyJ2ZXIiOjEsImp0aSI6IkFULnIxN09RN2p1VmdsMGh6RVE0UDlPTFAtbGRneGljQ0Z0...</msg>
<var>${headers}</var>
<status status="PASS" start="2025-05-20T22:54:09.798442" elapsed="0.010411"/>
</kw>
<kw name="Create Dictionary" owner="BuiltIn">
<msg time="2025-05-20T22:54:09.808853" level="INFO">${query_params} = {'campaignId': '701WD000006YmphYAC', 'destination': 'CENTRAL FLORIDA', 'checkIn': '2025-05-30', 'checkOut': '2025-06-09'}</msg>
<var>${query_params}</var>
<arg>campaignId=${campaignId}</arg>
<arg>destination=${destination}</arg>
<arg>checkIn=${checkIn_date}</arg>
<arg>checkOut=${checkOut_date}</arg>
<doc>Creates and returns a dictionary based on the given ``items``.</doc>
<status status="PASS" start="2025-05-20T22:54:09.808853" elapsed="0.005352"/>
</kw>
<kw name="Initialize API Session" owner="GET_API_Requests">
<kw name="Create Session" owner="RequestsLibrary">
<msg time="2025-05-20T22:54:09.814854" level="INFO">Creating Session using : alias=Session, url=https://internal-test-apis.orangelake.com, headers={'X-Env': 'qa', 'Authorization': 'Bearer eyJraWQiOiJ0OTdvMEtxR2s4X0gwSUFicjZST1NtaDdBZEl4MGtfVFFtRHdiZnY2R2ljIiwiYWxnIjoiUlMyNTYifQ.eyJ2ZXIiOjEsImp0aSI6IkFULnIxN09RN2p1VmdsMGh6RVE0UDlPTFAtbGRneGljQ0Z0cVptLXBjVHNDaUUiLCJpc3MiOiJodHRwczovL29yYW5nZWxha2Uub2t0YS5jb20vb2F1dGgyL2F1czYycWhtbnJ5d1lnTmR1MnA3IiwiYXVkIjoiMG9hNjJ2ZTZ4bkRlQnhqMksycDciLCJpYXQiOjE3NDc3NjE4NDcsImV4cCI6MTc0Nzc2NTQ0NywiY2lkIjoiMG9hMTFhYjM1NXdxMm5NQXEycDgiLCJzY3AiOlsiQ2xpZW50X0NyZWRlbnRpYWwiXSwic3ViIjoiMG9hMTFhYjM1NXdxMm5NQXEycDgiLCJJc093bmVyIjpmYWxzZX0.YeQY2fX97DYLULf3vJ0FhpRNPRwdMdccYYv2Bpiz5ZuzmxVhKYJD_aNLPdpGQ3xuKhdS7RRZ_dyOUB-4AhiNVt7L5PM6zwMskgodtkd7SmYQ_qhu59Oc8LI_PDkhYzFrVvsdprPHqqL_AAMGtMkXvn20dmaIhXwhU7dxKbvTV5RTDh8Hpc6fcR32oLNphA4v5MOqLw0id7i9Ix_nHaHvLEVYTSJ_cDfPUdkGvYccensR6HfJ4LKGJLdF2lktGHdogxb4V_qWdpkQ4q69chrVALn24XEbgZ8LzqHkLVqwaX_4-XvSyIdMM6sRmnO03Wn37KoNQhkDLU22F2utDPDRwA'},                     cookies={}, auth=None, timeout=None, proxies=None, verify=True,                     debug=0 </msg>
<arg>Session</arg>
<arg>${BASE_URL}</arg>
<arg>headers=${headers}</arg>
<arg>verify=true</arg>
<doc>Create Session: create a HTTP session to a server</doc>
<status status="PASS" start="2025-05-20T22:54:09.814854" elapsed="0.000000"/>
</kw>
<arg>${headers}</arg>
<status status="PASS" start="2025-05-20T22:54:09.814854" elapsed="0.000000"/>
</kw>
<kw name="GET On Session" owner="RequestsLibrary">
<msg time="2025-05-20T22:54:18.092975" level="INFO">GET Request : url=https://internal-test-apis.orangelake.com/hicv-partners-exp/tours/allotments?campaignId=701WD000006YmphYAC&amp;destination=CENTRAL+FLORIDA&amp;checkIn=2025-05-30&amp;checkOut=2025-06-09 
 path_url=/hicv-partners-exp/tours/allotments?campaignId=701WD000006YmphYAC&amp;destination=CENTRAL+FLORIDA&amp;checkIn=2025-05-30&amp;checkOut=2025-06-09 
 headers={'User-Agent': 'python-requests/2.32.3', 'Accept-Encoding': 'gzip, deflate', 'Accept': '*/*', 'Connection': 'keep-alive', 'X-Env': 'qa', 'Authorization': 'Bearer eyJraWQiOiJ0OTdvMEtxR2s4X0gwSUFicjZST1NtaDdBZEl4MGtfVFFtRHdiZnY2R2ljIiwiYWxnIjoiUlMyNTYifQ.eyJ2ZXIiOjEsImp0aSI6IkFULnIxN09RN2p1VmdsMGh6RVE0UDlPTFAtbGRneGljQ0Z0cVptLXBjVHNDaUUiLCJpc3MiOiJodHRwczovL29yYW5nZWxha2Uub2t0YS5jb20vb2F1dGgyL2F1czYycWhtbnJ5d1lnTmR1MnA3IiwiYXVkIjoiMG9hNjJ2ZTZ4bkRlQnhqMksycDciLCJpYXQiOjE3NDc3NjE4NDcsImV4cCI6MTc0Nzc2NTQ0NywiY2lkIjoiMG9hMTFhYjM1NXdxMm5NQXEycDgiLCJzY3AiOlsiQ2xpZW50X0NyZWRlbnRpYWwiXSwic3ViIjoiMG9hMTFhYjM1NXdxMm5NQXEycDgiLCJJc093bmVyIjpmYWxzZX0.YeQY2fX97DYLULf3vJ0FhpRNPRwdMdccYYv2Bpiz5ZuzmxVhKYJD_aNLPdpGQ3xuKhdS7RRZ_dyOUB-4AhiNVt7L5PM6zwMskgodtkd7SmYQ_qhu59Oc8LI_PDkhYzFrVvsdprPHqqL_AAMGtMkXvn20dmaIhXwhU7dxKbvTV5RTDh8Hpc6fcR32oLNphA4v5MOqLw0id7i9Ix_nHaHvLEVYTSJ_cDfPUdkGvYccensR6HfJ4LKGJLdF2lktGHdogxb4V_qWdpkQ4q69chrVALn24XEbgZ8LzqHkLVqwaX_4-XvSyIdMM6sRmnO03Wn37KoNQhkDLU22F2utDPDRwA'} 
 body=None 
 </msg>
<msg time="2025-05-20T22:54:18.092975" level="INFO">GET Response : url=https://internal-test-apis.orangelake.com/hicv-partners-exp/tours/allotments?campaignId=701WD000006YmphYAC&amp;destination=CENTRAL+FLORIDA&amp;checkIn=2025-05-30&amp;checkOut=2025-06-09 
 status=200, reason=OK 
 headers={'Content-Type': 'application/json; charset=UTF-8', 'Content-Length': '55182', 'Date': 'Tue, 20 May 2025 17:24:17 GMT', 'x-correlation-id': '44e0b642-9629-48a8-aeea-6a1b29751814', 'Strict-Transport-Security': 'max-age=31536000; includeSubdomains', 'Connection': 'Keep-Alive'} 
 body=[
  {
    "date": "2025-05-31",
    "allotments": [
      {
        "tourWaveAllotmentId": 2138698,
        "tourLocation": "OL ACTION",
        "resortLocation": "ORANGE LAKE",
        "resortLocationAbbreviation": "OLCC",
        "resortDestination": "CENTRAL FLORIDA",
        "locationCode": "discv",
        "actualAvailability": 72,
        "resortLocationId": 1,
        "tourLocationId": 286,
        "tourTime": "07:45:00",
        "waveAllotmentGroup": "MINIVAC"
      },
      {
        "tourWaveAllotmentId": 2138892,
        "tourLocation": "OL ACTION",
        "resortLocation": "ORANGE LAKE",
        "resortLocationAbbreviation": "OLCC",
        "resortDestination": "CENTRAL FLORIDA",
        "locationCode": "discv",
        "actualAvailability": 64,
        "resortLocationId": 1,
        "tourLocationId": 286,
        "tourTime": "10:00:00",
        "waveAllotmentGroup": "MINIVAC"
      },
      {
        "tourWaveAllotmentId": 2139485,
        "tourLocation": "OL ACTION",
        "resortLocation": "ORANGE LAKE",
        "resortLocationAbbreviation": "OLCC",
        "resortDestination": "CENTRAL FLORIDA",
        "locationCode": "discv",
        "actualAvailability": 69,
        "resortLocationId": 1,
        "tourLocationId": 286,
        "tourTime": "12:00:00",
        "waveAllotmentGroup": "MINIVAC"
      },
      {
        "tourWaveAllotmentId": 2139906,
        "tourLocation": "OL ACTION",
        "resortLocation": "ORANGE LAKE",
        "resortLocationAbbreviation": "OLCC",
        "resortDestination": "CENTRAL FLORIDA",
        "locationCode": "discv",
        "actualAvailability": 69,
        "resortLocationId": 1,
        "tourLocationId": 286,
        "tourTime": "12:45:00",
        "waveAllotmentGroup": "MINIVAC"
      }
    ]
  },
  {
    "date": "2025-06-01",
    "allotments": [
      {
        "tourWaveAllotmentId": 2141161,
        "tourLocation": "OL ACTION",
        "resortLocation": "ORANGE LAKE",
        "resortLocationAbbreviation": "OLCC",
        "resortDestination": "CENTRAL FLORIDA",
        "locationCode": "discv",
        "actualAvailability": 68,
        "resortLocationId": 1,
        "tourLocationId": 286,
        "tourTime": "12:45:00",
        "waveAllotmentGroup": "MINIVAC"
      },
      {
        "tourWaveAllotmentId": 2144022,
        "tourLocation": "OL ACTION",
        "resortLocation": "ORANGE LAKE",
        "resortLocationAbbreviation": "OLCC",
        "resortDestination": "CENTRAL FLORIDA",
        "locationCode": "discv",
        "actualAvailability": 81,
        "resortLocationId": 1,
        "tourLocationId": 286,
        "tourTime": "07:45:00",
        "waveAllotmentGroup": "MINIVAC"
      },
      {
        "tourWaveAllotmentId": 2149159,
        "tourLocation": "OL ACTION",
        "resortLocation": "ORANGE LAKE",
        "resortLocationAbbreviation": "OLCC",
        "resortDestination": "CENTRAL FLORIDA",
        "locationCode": "discv",
        "actualAvailability": 67,
        "resortLocationId": 1,
        "tourLocationId": 286,
        "tourTime": "12:00:00",
        "waveAllotmentGroup": "MINIVAC"
      },
      {
        "tourWaveAllotmentId": 2149992,
        "tourLocation": "OL ACTION",
        "resortLocation": "ORANGE LAKE",
        "resortLocationAbbreviation": "OLCC",
        "resortDestination": "CENTRAL FLORIDA",
        "locationCode": "discv",
        "actualAvailability": 64,
        "resortLocationId": 1,
        "tourLocationId": 286,
        "tourTime": "10:00:00",
        "waveAllotmentGroup": "MINIVAC"
      }
    ]
  },
  {
    "date": "2025-06-02",
    "allotments": [
      {
        "tourWaveAllotmentId": 2143769,
        "tourLocation": "OL ACTION",
        "resortLocation": "ORANGE LAKE",
        "resortLocationAbbreviation": "OLCC",
        "resortDestination": "CENTRAL FLORIDA",
        "locationCode": "discv",
        "actualAvailability": 64,
        "resortLocationId": 1,
        "tourLocationId": 286,
        "tourTime": "10:00:00",
        "waveAllotmentGroup": "MINIVAC"
      },
      {
        "tourWaveAllotmentId": 2145394,
        "tourLocation": "OL ACTION",
        "resortLocation": "ORANGE LAKE",
        "resortLocationAbbreviation": "OLCC",
        "resortDestination": "CENTRAL FLORIDA",
        "locationCode": "discv",
        "actualAvailability": 69,
        "resortLocationId": 1,
        "tourLocationId": 286,
        "tourTime": "12:45:00",
        "waveAllotmentGroup": "MINIVAC"
      },
      {
        "tourWaveAllotmentId": 2148344,
        "tourLocation": "OL ACTION",
        "resortLocation": "ORANGE LAKE",
        "resortLocationAbbreviation": "OLCC",
        "resortDestination": "CENTRAL FLORIDA",
        "locationCode": "discv",
        "actualAvailability": 79,
        "resortLocationId": 1,
        "tourLocationId": 286,
        "tourTime": "07:45:00",
        "waveAllotmentGroup": "MINIVAC"
      },
      {
        "tourWaveAllotmentId": 2150015,
        "tourLocation": "OL ACTION",
        "resortLocation": "ORANGE LAKE",
        "resortLocationAbbreviation": "OLCC",
        "resortDestination": "CENTRAL FLORIDA",
        "locationCode": "discv",
        "actualAvailability": 69,
        "resortLocationId": 1,
        "tourLocationId": 286,
        "tourTime": "12:00:00",
        "waveAllotmentGroup": "MINIVAC"
      }
    ]
  },
  {
    "date": "2025-06-03",
    "allotments": [
      {
        "tourWaveAllotmentId": 2140847,
        "tourLocation": "OL ACTION",
        "resortLocation": "ORANGE LAKE",
        "resortLocationAbbreviation": "OLCC",
        "resortDestination": "CENTRAL FLORIDA",
        "locationCode": "discv",
        "actualAvailability": 79,
        "resortLocationId": 1,
        "tourLocationId": 286,
        "tourTime": "07:45:00",
        "waveAllotmentGroup": "MINIVAC"
      },
      {
        "tourWaveAllotmentId": 2142887,
        "tourLocation": "OL ACTION",
        "resortLocation": "ORANGE LAKE",
        "resortLocationAbbreviation": "OLCC",
        "resortDestination": "CENTRAL FLORIDA",
        "locationCode": "discv",
        "actualAvailability": 68,
        "resortLocationId": 1,
        "tourLocationId": 286,
        "tourTime": "12:00:00",
        "waveAllotmentGroup": "MINIVAC"
      },
      {
        "tourWaveAllotmentId": 2148281,
        "tourLocation": "OL ACTION",
        "resortLocation": "ORANGE LAKE",
        "resortLocationAbbreviation": "OLCC",
        "resortDestination": "CENTRAL FLORIDA",
        "locationCode": "discv",
        "actualAvailability": 64,
        "resortLocationId": 1,
        "tourLocationId": 286,
        "tourTime": "10:00:00",
        "waveAllotmentGroup": "MINIVAC"
      },
      {
        "tourWaveAllotmentId": 2150080,
        "tourLocation": "OL ACTION",
        "resortLocation": "ORANGE LAKE",
        "resortLocationAbbreviation": "OLCC",
        "resortDestination": "CENTRAL FLORIDA",
        "locationCode": "discv",
        "actualAvailability": 68,
        "resortLocationId": 1,
        "tourLocationId": 286,
        "tourTime": "12:45:00",
        "waveAllotmentGroup": "MINIVAC"
      }
    ]
  },
  {
    "date": "2025-06-04",
    "allotments": [
      {
        "tourWaveAllotmentId": 2142465,
        "tourLocation": "OL ACTION",
        "resortLocation": "ORANGE LAKE",
        "resortLocationAbbreviation": "OLCC",
        "resortDestination": "CENTRAL FLORIDA",
        "locationCode": "discv",
        "actualAvailability": 68,
        "resortLocationId": 1,
        "tourLocationId": 286,
        "tourTime": "12:45:00",
        "waveAllotmentGroup": "MINIVAC"
      },
      {
        "tourWaveAllotmentId": 2145058,
        "tourLocation": "OL ACTION",
        "resortLocation": "ORANGE LAKE",
        "resortLocationAbbreviation": "OLCC",
        "resortDestination": "CENTRAL FLORIDA",
        "locationCode": "discv",
        "actualAvailability": 78,
        "resortLocationId": 1,
        "tourLocationId": 286,
        "tourTime": "07:45:00",
        "waveAllotmentGroup": "MINIVAC"
      },
      {
        "tourWaveAllotmentId": 2147181,
        "tourLocation": "OL ACTION",
        "resortLocation": "ORANGE LAKE",
        "resortLocationAbbreviation": "OLCC",
        "resortDestination": "CENTRAL FLORIDA",
        "locationCode": "discv",
        "actualAvailability": 68,
        "resortLocationId": 1,
        "tourLocationId": 286,
        "tourTime": "12:00:00",
        "waveAllotmentGroup": "MINIVAC"
      },
      {
        "tourWaveAllotmentId": 2150004,
        "tourLocation": "OL ACTION",
        "resortLocation": "ORANGE LAKE",
        "resortLocationAbbreviation": "OLCC",
        "resortDestination": "CENTRAL FLORIDA",
        "locationCode": "discv",
        "actualAvailability": 64,
        "resortLocationId": 1,
        "tourLocationId": 286,
        "tourTime": "10:00:00",
        "waveAllotmentGroup": "MINIVAC"
      }
    ]
  },
  {
    "date": "2025-06-05",
    "allotments": [
      {
        "tourWaveAllotmentId": 2145504,
        "tourLocation": "OL ACTION",
        "resortLocation": "ORANGE LAKE",
        "resortLocationAbbreviation": "OLCC",
        "resortDestination": "CENTRAL FLORIDA",
        "locationCode": "discv",
        "actualAvailability": 63,
        "resortLocationId": 1,
        "tourLocationId": 286,
        "tourTime": "10:00:00",
        "waveAllotmentGroup": "MINIVAC"
      },
      {
        "tourWaveAllotmentId": 2146574,
        "tourLocation": "OL ACTION",
        "resortLocation": "ORANGE LAKE",
        "resortLocationAbbreviation": "OLCC",
        "resortDestination": "CENTRAL FLORIDA",
        "locationCode": "discv",
        "actualAvailability": 66,
        "resortLocationId": 1,
        "tourLocationId": 286,
        "tourTime": "12:45:00",
        "waveAllotmentGroup": "MINIVAC"
      },
      {
        "tourWaveAllotmentId": 2149920,
        "tourLocation": "OL ACTION",
        "resortLocation": "ORANGE LAKE",
        "resortLocationAbbreviation": "OLCC",
        "resortD... (set the log level to DEBUG or TRACE to see the full content) 
 </msg>
<msg time="2025-05-20T22:54:18.100839" level="INFO">${response} = &lt;Response [200]&gt;</msg>
<var>${response}</var>
<arg>Session</arg>
<arg>${TOUR_ALLOTMENT_URL}</arg>
<arg>params=${query_params}</arg>
<doc>Sends a GET request on a previously created HTTP Session.</doc>
<status status="PASS" start="2025-05-20T22:54:09.814854" elapsed="8.291142"/>
</kw>
<kw name="Should Be Equal As Strings" owner="BuiltIn">
<msg time="2025-05-20T22:54:18.105996" level="INFO">Argument types are:
&lt;class 'int'&gt;
&lt;class 'str'&gt;</msg>
<arg>${response.status_code}</arg>
<arg>200</arg>
<doc>Fails if objects are unequal after converting them to strings.</doc>
<status status="PASS" start="2025-05-20T22:54:18.105996" elapsed="0.000000"/>
</kw>
<kw name="Set Variable" owner="BuiltIn">
<msg time="2025-05-20T22:54:18.111412" level="INFO">${json} = [{'date': '2025-05-31', 'allotments': [{'tourWaveAllotmentId': 2138698, 'tourLocation': 'OL ACTION', 'resortLocation': 'ORANGE LAKE', 'resortLocationAbbreviation': 'OLCC', 'resortDestination': 'CENTRA...</msg>
<var>${json}</var>
<arg>${response.json()}</arg>
<doc>Returns the given values which can then be assigned to a variables.</doc>
<status status="PASS" start="2025-05-20T22:54:18.105996" elapsed="0.005416"/>
</kw>
<for flavor="IN">
<iter>
<kw name="Set Variable" owner="BuiltIn">
<msg time="2025-05-20T22:54:18.115643" level="INFO">${allotments} = [{'tourWaveAllotmentId': 2138698, 'tourLocation': 'OL ACTION', 'resortLocation': 'ORANGE LAKE', 'resortLocationAbbreviation': 'OLCC', 'resortDestination': 'CENTRAL FLORIDA', 'locationCode': 'discv', '...</msg>
<var>${allotments}</var>
<arg>${item['allotments']}</arg>
<doc>Returns the given values which can then be assigned to a variables.</doc>
<status status="PASS" start="2025-05-20T22:54:18.113994" elapsed="0.001649"/>
</kw>
<if>
<branch type="IF" condition="${allotments}">
<kw name="Set Suite Variables From Allotment" owner="GET_API_Requests">
<kw name="Set Suite Variable" owner="BuiltIn">
<msg time="2025-05-20T22:54:18.117464" level="INFO">${tourDate} = 2025-05-31</msg>
<arg>${tourDate}</arg>
<arg>${item['date']}</arg>
<doc>Makes a variable available everywhere within the scope of the current suite.</doc>
<status status="PASS" start="2025-05-20T22:54:18.117464" elapsed="0.000000"/>
</kw>
<kw name="Set Suite Variable" owner="BuiltIn">
<msg time="2025-05-20T22:54:18.117464" level="INFO">${tourWaveAllotmentId} = 2138698</msg>
<arg>${tourWaveAllotmentId}</arg>
<arg>${allotment}[tourWaveAllotmentId]</arg>
<doc>Makes a variable available everywhere within the scope of the current suite.</doc>
<status status="PASS" start="2025-05-20T22:54:18.117464" elapsed="0.000000"/>
</kw>
<kw name="Set Suite Variable" owner="BuiltIn">
<msg time="2025-05-20T22:54:18.124320" level="INFO">${propertyCodes} = discv</msg>
<arg>${propertyCodes}</arg>
<arg>${allotment}[locationCode]</arg>
<doc>Makes a variable available everywhere within the scope of the current suite.</doc>
<status status="PASS" start="2025-05-20T22:54:18.123544" elapsed="0.000776"/>
</kw>
<kw name="Set Suite Variable" owner="BuiltIn">
<msg time="2025-05-20T22:54:18.125968" level="INFO">${destination} = CENTRAL FLORIDA</msg>
<arg>${destination}</arg>
<arg>${allotment}[resortDestination]</arg>
<doc>Makes a variable available everywhere within the scope of the current suite.</doc>
<status status="PASS" start="2025-05-20T22:54:18.124320" elapsed="0.001648"/>
</kw>
<arg>${item}</arg>
<arg>${allotments}[0]</arg>
<status status="PASS" start="2025-05-20T22:54:18.117464" elapsed="0.009444"/>
</kw>
<kw name="Exit For Loop" owner="BuiltIn">
<msg time="2025-05-20T22:54:18.126908" level="INFO">Exiting for loop altogether.</msg>
<doc>Stops executing the enclosing FOR loop.</doc>
<status status="PASS" start="2025-05-20T22:54:18.126908" elapsed="0.000000"/>
</kw>
<status status="PASS" start="2025-05-20T22:54:18.115643" elapsed="0.011265"/>
</branch>
<status status="PASS" start="2025-05-20T22:54:18.115643" elapsed="0.011265"/>
</if>
<var name="${item}">{'date': '2025-05-31', 'allotments': [{'tourWaveAllotmentId': 2138698, 'tourLocation': 'OL ACTION', 'resortLocation': 'ORANGE LAKE', 'resortLocationAbbreviation': 'OLCC', 'resortDestination': 'CENTRAL...</var>
<status status="PASS" start="2025-05-20T22:54:18.112754" elapsed="0.014154"/>
</iter>
<var>${item}</var>
<value>@{json}</value>
<status status="PASS" start="2025-05-20T22:54:18.112754" elapsed="0.014154"/>
</for>
<doc>GET Tours Allotments Details</doc>
<status status="PASS" start="2025-05-20T22:54:09.798442" elapsed="8.328466"/>
</kw>
<kw name="GET Packages" owner="GET_API_Requests">
<kw name="Create API Headers" owner="GET_API_Requests">
<kw name="Set Variable If" owner="BuiltIn">
<msg time="2025-05-20T22:54:18.132776" level="INFO">${token} = eyJraWQiOiJ0OTdvMEtxR2s4X0gwSUFicjZST1NtaDdBZEl4MGtfVFFtRHdiZnY2R2ljIiwiYWxnIjoiUlMyNTYifQ.eyJ2ZXIiOjEsImp0aSI6IkFULnIxN09RN2p1VmdsMGh6RVE0UDlPTFAtbGRneGljQ0Z0cVptLXBjVHNDaUUiLCJpc3MiOiJodHRwczovL29yY...</msg>
<var>${token}</var>
<arg>"${token}"=="${EMPTY}"</arg>
<arg>${ACCESS_TOKEN}</arg>
<arg>${token}</arg>
<doc>Sets variable based on the given condition.</doc>
<status status="PASS" start="2025-05-20T22:54:18.131217" elapsed="0.002254"/>
</kw>
<kw name="Create Dictionary" owner="BuiltIn">
<msg time="2025-05-20T22:54:18.134714" level="INFO">${headers} = {'X-Env': 'qa', 'Authorization': 'Bearer eyJraWQiOiJ0OTdvMEtxR2s4X0gwSUFicjZST1NtaDdBZEl4MGtfVFFtRHdiZnY2R2ljIiwiYWxnIjoiUlMyNTYifQ.eyJ2ZXIiOjEsImp0aSI6IkFULnIxN09RN2p1VmdsMGh6RVE0UDlPTFAtbGRneGljQ0Z0...</msg>
<var>${headers}</var>
<arg>${X_ENV_NAME}=${X_ENV_VALUE}</arg>
<arg>${AUTHORIZATION_NAME}=Bearer ${token}</arg>
<doc>Creates and returns a dictionary based on the given ``items``.</doc>
<status status="PASS" start="2025-05-20T22:54:18.133471" elapsed="0.001243"/>
</kw>
<return>
<value>${headers}</value>
<status status="PASS" start="2025-05-20T22:54:18.134714" elapsed="0.001324"/>
</return>
<msg time="2025-05-20T22:54:18.136038" level="INFO">${headers} = {'X-Env': 'qa', 'Authorization': 'Bearer eyJraWQiOiJ0OTdvMEtxR2s4X0gwSUFicjZST1NtaDdBZEl4MGtfVFFtRHdiZnY2R2ljIiwiYWxnIjoiUlMyNTYifQ.eyJ2ZXIiOjEsImp0aSI6IkFULnIxN09RN2p1VmdsMGh6RVE0UDlPTFAtbGRneGljQ0Z0...</msg>
<var>${headers}</var>
<status status="PASS" start="2025-05-20T22:54:18.130555" elapsed="0.005483"/>
</kw>
<kw name="Initialize API Session" owner="GET_API_Requests">
<kw name="Create Session" owner="RequestsLibrary">
<msg time="2025-05-20T22:54:18.138681" level="INFO">Creating Session using : alias=Session, url=https://internal-test-apis.orangelake.com, headers={'X-Env': 'qa', 'Authorization': 'Bearer eyJraWQiOiJ0OTdvMEtxR2s4X0gwSUFicjZST1NtaDdBZEl4MGtfVFFtRHdiZnY2R2ljIiwiYWxnIjoiUlMyNTYifQ.eyJ2ZXIiOjEsImp0aSI6IkFULnIxN09RN2p1VmdsMGh6RVE0UDlPTFAtbGRneGljQ0Z0cVptLXBjVHNDaUUiLCJpc3MiOiJodHRwczovL29yYW5nZWxha2Uub2t0YS5jb20vb2F1dGgyL2F1czYycWhtbnJ5d1lnTmR1MnA3IiwiYXVkIjoiMG9hNjJ2ZTZ4bkRlQnhqMksycDciLCJpYXQiOjE3NDc3NjE4NDcsImV4cCI6MTc0Nzc2NTQ0NywiY2lkIjoiMG9hMTFhYjM1NXdxMm5NQXEycDgiLCJzY3AiOlsiQ2xpZW50X0NyZWRlbnRpYWwiXSwic3ViIjoiMG9hMTFhYjM1NXdxMm5NQXEycDgiLCJJc093bmVyIjpmYWxzZX0.YeQY2fX97DYLULf3vJ0FhpRNPRwdMdccYYv2Bpiz5ZuzmxVhKYJD_aNLPdpGQ3xuKhdS7RRZ_dyOUB-4AhiNVt7L5PM6zwMskgodtkd7SmYQ_qhu59Oc8LI_PDkhYzFrVvsdprPHqqL_AAMGtMkXvn20dmaIhXwhU7dxKbvTV5RTDh8Hpc6fcR32oLNphA4v5MOqLw0id7i9Ix_nHaHvLEVYTSJ_cDfPUdkGvYccensR6HfJ4LKGJLdF2lktGHdogxb4V_qWdpkQ4q69chrVALn24XEbgZ8LzqHkLVqwaX_4-XvSyIdMM6sRmnO03Wn37KoNQhkDLU22F2utDPDRwA'},                     cookies={}, auth=None, timeout=None, proxies=None, verify=True,                     debug=0 </msg>
<arg>Session</arg>
<arg>${BASE_URL}</arg>
<arg>headers=${headers}</arg>
<arg>verify=true</arg>
<doc>Create Session: create a HTTP session to a server</doc>
<status status="PASS" start="2025-05-20T22:54:18.136038" elapsed="0.004352"/>
</kw>
<arg>${headers}</arg>
<status status="PASS" start="2025-05-20T22:54:18.136038" elapsed="0.004352"/>
</kw>
<kw name="GET On Session" owner="RequestsLibrary">
<msg time="2025-05-20T22:54:19.268762" level="INFO">GET Request : url=https://internal-test-apis.orangelake.com/hicv-partners-exp/packages 
 path_url=/hicv-partners-exp/packages 
 headers={'User-Agent': 'python-requests/2.32.3', 'Accept-Encoding': 'gzip, deflate', 'Accept': '*/*', 'Connection': 'keep-alive', 'X-Env': 'qa', 'Authorization': 'Bearer eyJraWQiOiJ0OTdvMEtxR2s4X0gwSUFicjZST1NtaDdBZEl4MGtfVFFtRHdiZnY2R2ljIiwiYWxnIjoiUlMyNTYifQ.eyJ2ZXIiOjEsImp0aSI6IkFULnIxN09RN2p1VmdsMGh6RVE0UDlPTFAtbGRneGljQ0Z0cVptLXBjVHNDaUUiLCJpc3MiOiJodHRwczovL29yYW5nZWxha2Uub2t0YS5jb20vb2F1dGgyL2F1czYycWhtbnJ5d1lnTmR1MnA3IiwiYXVkIjoiMG9hNjJ2ZTZ4bkRlQnhqMksycDciLCJpYXQiOjE3NDc3NjE4NDcsImV4cCI6MTc0Nzc2NTQ0NywiY2lkIjoiMG9hMTFhYjM1NXdxMm5NQXEycDgiLCJzY3AiOlsiQ2xpZW50X0NyZWRlbnRpYWwiXSwic3ViIjoiMG9hMTFhYjM1NXdxMm5NQXEycDgiLCJJc093bmVyIjpmYWxzZX0.YeQY2fX97DYLULf3vJ0FhpRNPRwdMdccYYv2Bpiz5ZuzmxVhKYJD_aNLPdpGQ3xuKhdS7RRZ_dyOUB-4AhiNVt7L5PM6zwMskgodtkd7SmYQ_qhu59Oc8LI_PDkhYzFrVvsdprPHqqL_AAMGtMkXvn20dmaIhXwhU7dxKbvTV5RTDh8Hpc6fcR32oLNphA4v5MOqLw0id7i9Ix_nHaHvLEVYTSJ_cDfPUdkGvYccensR6HfJ4LKGJLdF2lktGHdogxb4V_qWdpkQ4q69chrVALn24XEbgZ8LzqHkLVqwaX_4-XvSyIdMM6sRmnO03Wn37KoNQhkDLU22F2utDPDRwA'} 
 body=None 
 </msg>
<msg time="2025-05-20T22:54:19.273818" level="INFO">GET Response : url=https://internal-test-apis.orangelake.com/hicv-partners-exp/packages 
 status=200, reason=OK 
 headers={'Content-Type': 'application/json; charset=UTF-8', 'Content-Length': '397', 'Date': 'Tue, 20 May 2025 17:24:19 GMT', 'x-correlation-id': '1d1d31ae-283e-4148-be9a-0e2adfc96dba', 'Strict-Transport-Security': 'max-age=31536000; includeSubdomains', 'Connection': 'Keep-Alive'} 
 body=[
  {
    "packageId": "01t3s000005q5rdAAA",
    "packageName": "3 Night Resort - Monster Res"
  },
  {
    "packageId": "01tV1000000UL75IAG",
    "packageName": "4 Night Hotel - Monster Res"
  },
  {
    "packageId": "01tV1000000UOGFIA4",
    "packageName": "3 Night Hotel - Monster Res"
  },
  {
    "packageId": "01tV1000000lk10IAA",
    "packageName": "4 Night Resort - MONSTER RES ONLY"
  }
] 
 </msg>
<msg time="2025-05-20T22:54:19.273818" level="INFO">${response} = &lt;Response [200]&gt;</msg>
<var>${response}</var>
<arg>Session</arg>
<arg>${PACKAGES_URL}</arg>
<doc>Sends a GET request on a previously created HTTP Session.</doc>
<status status="PASS" start="2025-05-20T22:54:18.140390" elapsed="1.133428"/>
</kw>
<kw name="Should Be Equal As Strings" owner="BuiltIn">
<msg time="2025-05-20T22:54:19.275499" level="INFO">Argument types are:
&lt;class 'int'&gt;
&lt;class 'str'&gt;</msg>
<arg>${response.status_code}</arg>
<arg>200</arg>
<doc>Fails if objects are unequal after converting them to strings.</doc>
<status status="PASS" start="2025-05-20T22:54:19.275499" elapsed="0.000000"/>
</kw>
<kw name="Set Variable" owner="BuiltIn">
<msg time="2025-05-20T22:54:19.275499" level="INFO">${json} = [{'packageId': '01t3s000005q5rdAAA', 'packageName': '3 Night Resort - Monster Res'}, {'packageId': '01tV1000000UL75IAG', 'packageName': '4 Night Hotel - Monster Res'}, {'packageId': '01tV1000000UOGFIA...</msg>
<var>${json}</var>
<arg>${response.json()}</arg>
<doc>Returns the given values which can then be assigned to a variables.</doc>
<status status="PASS" start="2025-05-20T22:54:19.275499" elapsed="0.000000"/>
</kw>
<kw name="Evaluate" owner="BuiltIn">
<msg time="2025-05-20T22:54:19.275499" level="INFO">${random_index} = 0</msg>
<var>${random_index}</var>
<arg>random.randint(0, len($json)-1)</arg>
<arg>random</arg>
<doc>Evaluates the given expression in Python and returns the result.</doc>
<status status="PASS" start="2025-05-20T22:54:19.275499" elapsed="0.000000"/>
</kw>
<kw name="Set Suite Variable" owner="BuiltIn">
<msg time="2025-05-20T22:54:19.282386" level="INFO">${packageId} = 01t3s000005q5rdAAA</msg>
<arg>${packageId}</arg>
<arg>${json}[${random_index}][packageId]</arg>
<doc>Makes a variable available everywhere within the scope of the current suite.</doc>
<status status="PASS" start="2025-05-20T22:54:19.275499" elapsed="0.006887"/>
</kw>
<doc>Get Packages and select a random package ID</doc>
<status status="PASS" start="2025-05-20T22:54:18.126908" elapsed="1.155478"/>
</kw>
<kw name="GET Reservation Availabilities" owner="GET_API_Requests">
<kw name="Create API Headers" owner="GET_API_Requests">
<kw name="Set Variable If" owner="BuiltIn">
<msg time="2025-05-20T22:54:19.284399" level="INFO">${token} = eyJraWQiOiJ0OTdvMEtxR2s4X0gwSUFicjZST1NtaDdBZEl4MGtfVFFtRHdiZnY2R2ljIiwiYWxnIjoiUlMyNTYifQ.eyJ2ZXIiOjEsImp0aSI6IkFULnIxN09RN2p1VmdsMGh6RVE0UDlPTFAtbGRneGljQ0Z0cVptLXBjVHNDaUUiLCJpc3MiOiJodHRwczovL29yY...</msg>
<var>${token}</var>
<arg>"${token}"=="${EMPTY}"</arg>
<arg>${ACCESS_TOKEN}</arg>
<arg>${token}</arg>
<doc>Sets variable based on the given condition.</doc>
<status status="PASS" start="2025-05-20T22:54:19.284399" elapsed="0.000000"/>
</kw>
<kw name="Create Dictionary" owner="BuiltIn">
<msg time="2025-05-20T22:54:19.284399" level="INFO">${headers} = {'X-Env': 'qa', 'Authorization': 'Bearer eyJraWQiOiJ0OTdvMEtxR2s4X0gwSUFicjZST1NtaDdBZEl4MGtfVFFtRHdiZnY2R2ljIiwiYWxnIjoiUlMyNTYifQ.eyJ2ZXIiOjEsImp0aSI6IkFULnIxN09RN2p1VmdsMGh6RVE0UDlPTFAtbGRneGljQ0Z0...</msg>
<var>${headers}</var>
<arg>${X_ENV_NAME}=${X_ENV_VALUE}</arg>
<arg>${AUTHORIZATION_NAME}=Bearer ${token}</arg>
<doc>Creates and returns a dictionary based on the given ``items``.</doc>
<status status="PASS" start="2025-05-20T22:54:19.284399" elapsed="0.000000"/>
</kw>
<return>
<value>${headers}</value>
<status status="PASS" start="2025-05-20T22:54:19.284399" elapsed="0.000000"/>
</return>
<msg time="2025-05-20T22:54:19.288983" level="INFO">${headers} = {'X-Env': 'qa', 'Authorization': 'Bearer eyJraWQiOiJ0OTdvMEtxR2s4X0gwSUFicjZST1NtaDdBZEl4MGtfVFFtRHdiZnY2R2ljIiwiYWxnIjoiUlMyNTYifQ.eyJ2ZXIiOjEsImp0aSI6IkFULnIxN09RN2p1VmdsMGh6RVE0UDlPTFAtbGRneGljQ0Z0...</msg>
<var>${headers}</var>
<status status="PASS" start="2025-05-20T22:54:19.284399" elapsed="0.004584"/>
</kw>
<kw name="Create Dictionary" owner="BuiltIn">
<msg time="2025-05-20T22:54:19.288983" level="INFO">${query_params} = {'checkInFrom': '2025-05-30', 'checkInTo': '2025-06-09', 'isSummary': 'false', 'lengthOfStay': 10, 'campaignId': '701WD000006YmphYAC', 'propertyCodes': 'dislb', 'destination': 'CENTRAL FLORIDA', 'rese...</msg>
<var>${query_params}</var>
<arg>checkInFrom=${checkIn_date}</arg>
<arg>checkInTo=${checkOut_date}</arg>
<arg>isSummary=false</arg>
<arg>lengthOfStay=${lengthOfStay}</arg>
<arg>campaignId=${campaignId}</arg>
<arg>propertyCodes=dislb</arg>
<arg>destination=${destination}</arg>
<arg>reservationType=Marketing</arg>
<arg>reservationSubType=Mini Vac</arg>
<doc>Creates and returns a dictionary based on the given ``items``.</doc>
<status status="PASS" start="2025-05-20T22:54:19.288983" elapsed="0.000000"/>
</kw>
<kw name="Initialize API Session" owner="GET_API_Requests">
<kw name="Create Session" owner="RequestsLibrary">
<msg time="2025-05-20T22:54:19.288983" level="INFO">Creating Session using : alias=Session, url=https://internal-test-apis.orangelake.com, headers={'X-Env': 'qa', 'Authorization': 'Bearer eyJraWQiOiJ0OTdvMEtxR2s4X0gwSUFicjZST1NtaDdBZEl4MGtfVFFtRHdiZnY2R2ljIiwiYWxnIjoiUlMyNTYifQ.eyJ2ZXIiOjEsImp0aSI6IkFULnIxN09RN2p1VmdsMGh6RVE0UDlPTFAtbGRneGljQ0Z0cVptLXBjVHNDaUUiLCJpc3MiOiJodHRwczovL29yYW5nZWxha2Uub2t0YS5jb20vb2F1dGgyL2F1czYycWhtbnJ5d1lnTmR1MnA3IiwiYXVkIjoiMG9hNjJ2ZTZ4bkRlQnhqMksycDciLCJpYXQiOjE3NDc3NjE4NDcsImV4cCI6MTc0Nzc2NTQ0NywiY2lkIjoiMG9hMTFhYjM1NXdxMm5NQXEycDgiLCJzY3AiOlsiQ2xpZW50X0NyZWRlbnRpYWwiXSwic3ViIjoiMG9hMTFhYjM1NXdxMm5NQXEycDgiLCJJc093bmVyIjpmYWxzZX0.YeQY2fX97DYLULf3vJ0FhpRNPRwdMdccYYv2Bpiz5ZuzmxVhKYJD_aNLPdpGQ3xuKhdS7RRZ_dyOUB-4AhiNVt7L5PM6zwMskgodtkd7SmYQ_qhu59Oc8LI_PDkhYzFrVvsdprPHqqL_AAMGtMkXvn20dmaIhXwhU7dxKbvTV5RTDh8Hpc6fcR32oLNphA4v5MOqLw0id7i9Ix_nHaHvLEVYTSJ_cDfPUdkGvYccensR6HfJ4LKGJLdF2lktGHdogxb4V_qWdpkQ4q69chrVALn24XEbgZ8LzqHkLVqwaX_4-XvSyIdMM6sRmnO03Wn37KoNQhkDLU22F2utDPDRwA'},                     cookies={}, auth=None, timeout=None, proxies=None, verify=True,                     debug=0 </msg>
<arg>Session</arg>
<arg>${BASE_URL}</arg>
<arg>headers=${headers}</arg>
<arg>verify=true</arg>
<doc>Create Session: create a HTTP session to a server</doc>
<status status="PASS" start="2025-05-20T22:54:19.288983" elapsed="0.000000"/>
</kw>
<arg>${headers}</arg>
<status status="PASS" start="2025-05-20T22:54:19.288983" elapsed="0.000000"/>
</kw>
<kw name="GET On Session" owner="RequestsLibrary">
<msg time="2025-05-20T22:54:22.616377" level="INFO">GET Request : url=https://internal-test-apis.orangelake.com/hicv-partners-exp/reservations/availabilities?checkInFrom=2025-05-30&amp;checkInTo=2025-06-09&amp;isSummary=false&amp;lengthOfStay=10&amp;campaignId=701WD000006YmphYAC&amp;propertyCodes=dislb&amp;destination=CENTRAL+FLORIDA&amp;reservationType=Marketing&amp;reservationSubType=Mini+Vac 
 path_url=/hicv-partners-exp/reservations/availabilities?checkInFrom=2025-05-30&amp;checkInTo=2025-06-09&amp;isSummary=false&amp;lengthOfStay=10&amp;campaignId=701WD000006YmphYAC&amp;propertyCodes=dislb&amp;destination=CENTRAL+FLORIDA&amp;reservationType=Marketing&amp;reservationSubType=Mini+Vac 
 headers={'User-Agent': 'python-requests/2.32.3', 'Accept-Encoding': 'gzip, deflate', 'Accept': '*/*', 'Connection': 'keep-alive', 'X-Env': 'qa', 'Authorization': 'Bearer eyJraWQiOiJ0OTdvMEtxR2s4X0gwSUFicjZST1NtaDdBZEl4MGtfVFFtRHdiZnY2R2ljIiwiYWxnIjoiUlMyNTYifQ.eyJ2ZXIiOjEsImp0aSI6IkFULnIxN09RN2p1VmdsMGh6RVE0UDlPTFAtbGRneGljQ0Z0cVptLXBjVHNDaUUiLCJpc3MiOiJodHRwczovL29yYW5nZWxha2Uub2t0YS5jb20vb2F1dGgyL2F1czYycWhtbnJ5d1lnTmR1MnA3IiwiYXVkIjoiMG9hNjJ2ZTZ4bkRlQnhqMksycDciLCJpYXQiOjE3NDc3NjE4NDcsImV4cCI6MTc0Nzc2NTQ0NywiY2lkIjoiMG9hMTFhYjM1NXdxMm5NQXEycDgiLCJzY3AiOlsiQ2xpZW50X0NyZWRlbnRpYWwiXSwic3ViIjoiMG9hMTFhYjM1NXdxMm5NQXEycDgiLCJJc093bmVyIjpmYWxzZX0.YeQY2fX97DYLULf3vJ0FhpRNPRwdMdccYYv2Bpiz5ZuzmxVhKYJD_aNLPdpGQ3xuKhdS7RRZ_dyOUB-4AhiNVt7L5PM6zwMskgodtkd7SmYQ_qhu59Oc8LI_PDkhYzFrVvsdprPHqqL_AAMGtMkXvn20dmaIhXwhU7dxKbvTV5RTDh8Hpc6fcR32oLNphA4v5MOqLw0id7i9Ix_nHaHvLEVYTSJ_cDfPUdkGvYccensR6HfJ4LKGJLdF2lktGHdogxb4V_qWdpkQ4q69chrVALn24XEbgZ8LzqHkLVqwaX_4-XvSyIdMM6sRmnO03Wn37KoNQhkDLU22F2utDPDRwA'} 
 body=None 
 </msg>
<msg time="2025-05-20T22:54:22.616377" level="INFO">GET Response : url=https://internal-test-apis.orangelake.com/hicv-partners-exp/reservations/availabilities?checkInFrom=2025-05-30&amp;checkInTo=2025-06-09&amp;isSummary=false&amp;lengthOfStay=10&amp;campaignId=701WD000006YmphYAC&amp;propertyCodes=dislb&amp;destination=CENTRAL+FLORIDA&amp;reservationType=Marketing&amp;reservationSubType=Mini+Vac 
 status=200, reason=OK 
 headers={'Content-Type': 'application/json; charset=UTF-8', 'Content-Length': '71636', 'Date': 'Tue, 20 May 2025 17:24:21 GMT', 'x-correlation-id': '2e290eda-3120-44ee-9f89-9964f2ab3500', 'Strict-Transport-Security': 'max-age=31536000; includeSubdomains', 'Connection': 'Keep-Alive'} 
 body=[
  {
    "propertyCode": "dislb",
    "priority": 2,
    "name": "Holiday Inn Orlando - Disney Springs Area",
    "hasAda": true,
    "isResort": false,
    "shortFusePeriod": 0,
    "roomTypes": [
      {
        "propertyRoomTypeId": 52,
        "roomTypeCode": "Upgrade-1K",
        "description": "Upgrade 1 King",
        "occupancy": 2,
        "adults": 2,
        "children": 0,
        "noOfBedrooms": 0,
        "periods": [
          {
            "firstNight": "2025-06-01",
            "lastNight": "2025-06-10",
            "inventories": [
              {
                "inventoryId": 153081,
                "dateAvailable": "2025-06-01",
                "available": 990,
                "roomRate": 119,
                "upgradeRate": 103,
                "extraRoomRate": 170
              },
              {
                "inventoryId": 1373675,
                "dateAvailable": "2025-06-02",
                "available": 990,
                "roomRate": 50,
                "upgradeRate": 4.43,
                "extraRoomRate": 71.43,
                "inventoryBlockReason": "Open"
              },
              {
                "inventoryId": 1373677,
                "dateAvailable": "2025-06-03",
                "available": 990,
                "roomRate": 50,
                "upgradeRate": 4.43,
                "extraRoomRate": 71.43,
                "inventoryBlockReason": "Open"
              },
              {
                "inventoryId": 1373678,
                "dateAvailable": "2025-06-04",
                "available": 990,
                "roomRate": 50,
                "upgradeRate": 4.43,
                "extraRoomRate": 71.43,
                "inventoryBlockReason": "Open"
              },
              {
                "inventoryId": 1373679,
                "dateAvailable": "2025-06-07",
                "available": 990,
                "roomRate": 50,
                "upgradeRate": 4.43,
                "extraRoomRate": 71.43,
                "inventoryBlockReason": "Open"
              },
              {
                "inventoryId": 1373680,
                "dateAvailable": "2025-06-05",
                "available": 990,
                "roomRate": 50,
                "upgradeRate": 4.43,
                "extraRoomRate": 71.43,
                "inventoryBlockReason": "Open"
              },
              {
                "inventoryId": 1373681,
                "dateAvailable": "2025-06-09",
                "available": 990,
                "roomRate": 50,
                "upgradeRate": 4.43,
                "extraRoomRate": 71.43,
                "inventoryBlockReason": "Open"
              },
              {
                "inventoryId": 1373682,
                "dateAvailable": "2025-06-08",
                "available": 990,
                "roomRate": 50,
                "upgradeRate": 4.43,
                "extraRoomRate": 71.43,
                "inventoryBlockReason": "Open"
              },
              {
                "inventoryId": 1373683,
                "dateAvailable": "2025-06-10",
                "available": 990,
                "roomRate": 50,
                "upgradeRate": 4.43,
                "extraRoomRate": 71.43,
                "inventoryBlockReason": "Open"
              },
              {
                "inventoryId": 1373684,
                "dateAvailable": "2025-06-06",
                "available": 990,
                "roomRate": 50,
                "upgradeRate": 4.43,
                "extraRoomRate": 71.43,
                "inventoryBlockReason": "Open"
              }
            ]
          },
          {
            "firstNight": "2025-05-30",
            "lastNight": "2025-06-08",
            "inventories": [
              {
                "inventoryId": 153081,
                "dateAvailable": "2025-06-01",
                "available": 40,
                "roomRate": 119,
                "upgradeRate": 103,
                "extraRoomRate": 170
              },
              {
                "inventoryId": 1373672,
                "dateAvailable": "2025-05-30",
                "available": 40,
                "roomRate": 50,
                "upgradeRate": 4.43,
                "extraRoomRate": 71.43,
                "inventoryBlockReason": "Open"
              },
              {
                "inventoryId": 1373675,
                "dateAvailable": "2025-06-02",
                "available": 40,
                "roomRate": 50,
                "upgradeRate": 4.43,
                "extraRoomRate": 71.43,
                "inventoryBlockReason": "Open"
              },
              {
                "inventoryId": 1373676,
                "dateAvailable": "2025-05-31",
                "available": 40,
                "roomRate": 50,
                "upgradeRate": 4.43,
                "extraRoomRate": 71.43,
                "inventoryBlockReason": "Open"
              },
              {
                "inventoryId": 1373677,
                "dateAvailable": "2025-06-03",
                "available": 40,
                "roomRate": 50,
                "upgradeRate": 4.43,
                "extraRoomRate": 71.43,
                "inventoryBlockReason": "Open"
              },
              {
                "inventoryId": 1373678,
                "dateAvailable": "2025-06-04",
                "available": 40,
                "roomRate": 50,
                "upgradeRate": 4.43,
                "extraRoomRate": 71.43,
                "inventoryBlockReason": "Open"
              },
              {
                "inventoryId": 1373679,
                "dateAvailable": "2025-06-07",
                "available": 40,
                "roomRate": 50,
                "upgradeRate": 4.43,
                "extraRoomRate": 71.43,
                "inventoryBlockReason": "Open"
              },
              {
                "inventoryId": 1373680,
                "dateAvailable": "2025-06-05",
                "available": 40,
                "roomRate": 50,
                "upgradeRate": 4.43,
                "extraRoomRate": 71.43,
                "inventoryBlockReason": "Open"
              },
              {
                "inventoryId": 1373682,
                "dateAvailable": "2025-06-08",
                "available": 40,
                "roomRate": 50,
                "upgradeRate": 4.43,
                "extraRoomRate": 71.43,
                "inventoryBlockReason": "Open"
              },
              {
                "inventoryId": 1373684,
                "dateAvailable": "2025-06-06",
                "available": 40,
                "roomRate": 50,
                "upgradeRate": 4.43,
                "extraRoomRate": 71.43,
                "inventoryBlockReason": "Open"
              }
            ]
          },
          {
            "firstNight": "2025-05-31",
            "lastNight": "2025-06-09",
            "inventories": [
              {
                "inventoryId": 153081,
                "dateAvailable": "2025-06-01",
                "available": 40,
                "roomRate": 119,
                "upgradeRate": 103,
                "extraRoomRate": 170
              },
              {
                "inventoryId": 1373675,
                "dateAvailable": "2025-06-02",
                "available": 40,
                "roomRate": 50,
                "upgradeRate": 4.43,
                "extraRoomRate": 71.43,
                "inventoryBlockReason": "Open"
              },
              {
                "inventoryId": 1373676,
                "dateAvailable": "2025-05-31",
                "available": 40,
                "roomRate": 50,
                "upgradeRate": 4.43,
                "extraRoomRate": 71.43,
                "inventoryBlockReason": "Open"
              },
              {
                "inventoryId": 1373677,
                "dateAvailable": "2025-06-03",
                "available": 40,
                "roomRate": 50,
                "upgradeRate": 4.43,
                "extraRoomRate": 71.43,
                "inventoryBlockReason": "Open"
              },
              {
                "inventoryId": 1373678,
                "dateAvailable": "2025-06-04",
                "available": 40,
                "roomRate": 50,
                "upgradeRate": 4.43,
                "extraRoomRate": 71.43,
                "inventoryBlockReason": "Open"
              },
              {
                "inventoryId": 1373679,
                "dateAvailable": "2025-06-07",
                "available": 40,
                "roomRate": 50,
                "upgradeRate": 4.43,
                "extraRoomRate": 71.43,
                "inventoryBlockReason": "Open"
              },
              {
                "inventoryId": 1373680,
                "dateAvailable": "2025-06-05",
                "available": 40,
                "roomRate": 50,
                "upgradeRate": 4.43,
                "extraRoomRate": 71.43,
                "inventoryBlockReason": "Open"
              },
              {
                "inventoryId": 1373681,
                "dateAvailable": "2025-06-09",
                "available": 40,
                "roomRate": 50,
                "upgradeRate": 4.43,
                "extraRoomRate": 71.43,
                "inventoryBlockReason": "Open"
              },
              {
                "inventoryId": 1373682,
                "dateAvailable": "2025-06-08",
                "available": 40,
                "roomRate": 50,
                "upgradeRate": 4.43,
                "extraRoomRate": 71.43,
                "inventoryBlockReason": "Open"
              },
              {
                "inventoryId": 1373684,
                "dateAvailable": "2025-06-06",
                "available": 40,
                "roomRate": 50,
                "upgradeRate": 4.43,
                "extraRoomRate": 71.43,
                "inventoryBlockReason": "Open"
              }
            ]
          },... (set the log level to DEBUG or TRACE to see the full content) 
 </msg>
<msg time="2025-05-20T22:54:22.616377" level="INFO">${response} = &lt;Response [200]&gt;</msg>
<var>${response}</var>
<arg>Session</arg>
<arg>${RESERVATION_AVAILABILITY_URL}</arg>
<arg>params=${query_params}</arg>
<doc>Sends a GET request on a previously created HTTP Session.</doc>
<status status="PASS" start="2025-05-20T22:54:19.288983" elapsed="3.327394"/>
</kw>
<kw name="Should Be Equal As Strings" owner="BuiltIn">
<msg time="2025-05-20T22:54:22.616377" level="INFO">Argument types are:
&lt;class 'int'&gt;
&lt;class 'str'&gt;</msg>
<arg>${response.status_code}</arg>
<arg>200</arg>
<doc>Fails if objects are unequal after converting them to strings.</doc>
<status status="PASS" start="2025-05-20T22:54:22.616377" elapsed="0.000000"/>
</kw>
<kw name="Set Variable" owner="BuiltIn">
<msg time="2025-05-20T22:54:22.616377" level="INFO">${json} = [{'propertyCode': 'dislb', 'priority': 2, 'name': 'Holiday Inn Orlando - Disney Springs Area', 'hasAda': True, 'isResort': False, 'shortFusePeriod': 0, 'roomTypes': [{'propertyRoomTypeId': 52, 'roomTy...</msg>
<var>${json}</var>
<arg>${response.json()}</arg>
<doc>Returns the given values which can then be assigned to a variables.</doc>
<status status="PASS" start="2025-05-20T22:54:22.616377" elapsed="0.000000"/>
</kw>
<kw name="Parse Reservation Response" owner="GET_API_Requests">
<kw name="Set Variable" owner="BuiltIn">
<msg time="2025-05-20T22:54:22.627781" level="INFO">${first_property} = {'propertyCode': 'dislb', 'priority': 2, 'name': 'Holiday Inn Orlando - Disney Springs Area', 'hasAda': True, 'isResort': False, 'shortFusePeriod': 0, 'roomTypes': [{'propertyRoomTypeId': 52, 'roomTyp...</msg>
<var>${first_property}</var>
<arg>${json}[0]</arg>
<doc>Returns the given values which can then be assigned to a variables.</doc>
<status status="PASS" start="2025-05-20T22:54:22.627781" elapsed="0.000000"/>
</kw>
<kw name="Set Variable" owner="BuiltIn">
<msg time="2025-05-20T22:54:22.630693" level="INFO">${first_room_type} = {'propertyRoomTypeId': 52, 'roomTypeCode': 'Upgrade-1K', 'description': 'Upgrade 1 King', 'occupancy': 2, 'adults': 2, 'children': 0, 'noOfBedrooms': 0, 'periods': [{'firstNight': '2025-06-01', 'lastN...</msg>
<var>${first_room_type}</var>
<arg>${first_property}[roomTypes][0]</arg>
<doc>Returns the given values which can then be assigned to a variables.</doc>
<status status="PASS" start="2025-05-20T22:54:22.627781" elapsed="0.003558"/>
</kw>
<kw name="Set Suite Variable" owner="BuiltIn">
<msg time="2025-05-20T22:54:22.631339" level="INFO">${propertyCode} = dislb</msg>
<arg>${propertyCode}</arg>
<arg>${first_property}[propertyCode]</arg>
<doc>Makes a variable available everywhere within the scope of the current suite.</doc>
<status status="PASS" start="2025-05-20T22:54:22.631339" elapsed="0.000000"/>
</kw>
<kw name="Set Suite Variable" owner="BuiltIn">
<msg time="2025-05-20T22:54:22.631339" level="INFO">${propertyRoomTypeId} = 52</msg>
<arg>${propertyRoomTypeId}</arg>
<arg>${first_room_type}[propertyRoomTypeId]</arg>
<doc>Makes a variable available everywhere within the scope of the current suite.</doc>
<status status="PASS" start="2025-05-20T22:54:22.631339" elapsed="0.000000"/>
</kw>
<kw name="Set Suite Variable" owner="BuiltIn">
<msg time="2025-05-20T22:54:22.631339" level="INFO">${roomTypeCode} = Upgrade-1K</msg>
<arg>${roomTypeCode}</arg>
<arg>${first_room_type}[roomTypeCode]</arg>
<doc>Makes a variable available everywhere within the scope of the current suite.</doc>
<status status="PASS" start="2025-05-20T22:54:22.631339" elapsed="0.000000"/>
</kw>
<kw name="Extract Inventories" owner="GET_API_Requests">
<kw name="Create List" owner="BuiltIn">
<msg time="2025-05-20T22:54:22.631339" level="INFO">${inventories} = []</msg>
<var>${inventories}</var>
<doc>Returns a list containing given items.</doc>
<status status="PASS" start="2025-05-20T22:54:22.631339" elapsed="0.000000"/>
</kw>
<for flavor="IN">
<iter>
<kw name="Run Keyword And Return Status" owner="BuiltIn">
<kw name="Dictionary Should Contain Key" owner="Collections">
<arg>${period}</arg>
<arg>inventories</arg>
<doc>Fails if ``key`` is not found from ``dictionary``.</doc>
<status status="PASS" start="2025-05-20T22:54:22.631339" elapsed="0.000000"/>
</kw>
<msg time="2025-05-20T22:54:22.631339" level="INFO">${has_inventories} = True</msg>
<var>${has_inventories}</var>
<arg>Dictionary Should Contain Key</arg>
<arg>${period}</arg>
<arg>inventories</arg>
<doc>Runs the given keyword with given arguments and returns the status as a Boolean value.</doc>
<status status="PASS" start="2025-05-20T22:54:22.631339" elapsed="0.000000"/>
</kw>
<if>
<branch type="IF" condition="${has_inventories}">
<for flavor="IN">
<iter>
<kw name="Create Inventory Dictionary" owner="GET_API_Requests">
<kw name="Run Keyword And Return Status" owner="BuiltIn">
<kw name="Dictionary Should Contain Key" owner="Collections">
<arg>${inventory}</arg>
<arg>inventoryId</arg>
<doc>Fails if ``key`` is not found from ``dictionary``.</doc>
<status status="PASS" start="2025-05-20T22:54:22.631339" elapsed="0.000000"/>
</kw>
<msg time="2025-05-20T22:54:22.631339" level="INFO">${has_inventory_id} = True</msg>
<var>${has_inventory_id}</var>
<arg>Dictionary Should Contain Key</arg>
<arg>${inventory}</arg>
<arg>inventoryId</arg>
<doc>Runs the given keyword with given arguments and returns the status as a Boolean value.</doc>
<status status="PASS" start="2025-05-20T22:54:22.631339" elapsed="0.000000"/>
</kw>
<kw name="Set Variable" owner="BuiltIn">
<msg time="2025-05-20T22:54:22.644069" level="INFO">${date_available} = 2025-06-01</msg>
<var>${date_available}</var>
<arg>${inventory}[dateAvailable]</arg>
<doc>Returns the given values which can then be assigned to a variables.</doc>
<status status="PASS" start="2025-05-20T22:54:22.643054" elapsed="0.001015"/>
</kw>
<if>
<branch type="IF" condition="${has_inventory_id}">
<kw name="Create Dictionary" owner="BuiltIn">
<msg time="2025-05-20T22:54:22.644069" level="INFO">${inv} = {'inventoryId': 153081, 'night': '2025-06-01'}</msg>
<var>${inv}</var>
<arg>inventoryId=${inventory}[inventoryId]</arg>
<arg>night=${date_available}</arg>
<doc>Creates and returns a dictionary based on the given ``items``.</doc>
<status status="PASS" start="2025-05-20T22:54:22.644069" elapsed="0.000000"/>
</kw>
<status status="PASS" start="2025-05-20T22:54:22.644069" elapsed="0.000000"/>
</branch>
<branch type="ELSE">
<kw name="Create Dictionary" owner="BuiltIn">
<var>${inv}</var>
<arg>inventoryId=null</arg>
<arg>night=${date_available}</arg>
<doc>Creates and returns a dictionary based on the given ``items``.</doc>
<status status="NOT RUN" start="2025-05-20T22:54:22.644069" elapsed="0.003821"/>
</kw>
<status status="NOT RUN" start="2025-05-20T22:54:22.644069" elapsed="0.003821"/>
[...]
<arg>inventories=${inventories}</arg>
<doc>Creates and returns a dictionary based on the given ``items``.</doc>
<status status="PASS" start="2025-05-20T22:54:48.356588" elapsed="0.000000"/>
</kw>
<return>
<value>${reservation_request}</value>
<status status="PASS" start="2025-05-20T22:54:48.356588" elapsed="0.013769"/>
</return>
<msg time="2025-05-20T22:54:48.370357" level="INFO">${reservation_request} = {'checkin': '2025-05-30', 'checkout': '2025-06-09', 'lengthOfStay': 10, 'numberOfGuests': 6, 'propertyCode': 'dislb', 'propertyRoomTypeId': 52, 'roomTypeCode': 'Upgrade-1K', 'inventories': [{'inventor...</msg>
<var>${reservation_request}</var>
<status status="PASS" start="2025-05-20T22:54:48.356588" elapsed="0.013769"/>
</kw>
<kw name="Set To Dictionary" owner="Collections">
<arg>${json_body}</arg>
<arg>campaignId=${campaignId}</arg>
<arg>tourWaveAllotmentId=${tourWaveAllotmentId}</arg>
<arg>packageProductId=${packageId}</arg>
<arg>contactId=${contact_id}</arg>
<arg>destination=${destination}</arg>
<arg>primaryPreferredArrivalDate=${checkIn_date}</arg>
<arg>reservationRequest=${reservation_request}</arg>
<doc>Adds the given ``key_value_pairs`` and/or ``items`` to the ``dictionary``.</doc>
<status status="PASS" start="2025-05-20T22:54:48.370357" elapsed="0.000000"/>
</kw>
<kw name="POST On Session" owner="RequestsLibrary">
<msg time="2025-05-20T22:55:10.303679" level="INFO">POST Request : url=https://internal-test-apis.orangelake.com/hicv-partners-exp/reservations/bookings 
 path_url=/hicv-partners-exp/reservations/bookings 
 headers={'User-Agent': 'python-requests/2.32.3', 'Accept-Encoding': 'gzip, deflate', 'Accept': 'application/json', 'Connection': 'keep-alive', 'X-Env': 'qa', 'Authorization': 'Bearer eyJraWQiOiJ0OTdvMEtxR2s4X0gwSUFicjZST1NtaDdBZEl4MGtfVFFtRHdiZnY2R2ljIiwiYWxnIjoiUlMyNTYifQ.eyJ2ZXIiOjEsImp0aSI6IkFULkV5RkEyWV82MVhvVHRQT0tmV0FZd2ZfVHhmLVI3Yl9iQ2h6N3hnOTVzSnMiLCJpc3MiOiJodHRwczovL29yYW5nZWxha2Uub2t0YS5jb20vb2F1dGgyL2F1czYycWhtbnJ5d1lnTmR1MnA3IiwiYXVkIjoiMG9hNjJ2ZTZ4bkRlQnhqMksycDciLCJpYXQiOjE3NDc3NjE4NjQsImV4cCI6MTc0Nzc2NTQ2NCwiY2lkIjoiMG9hMTFhYjM1NXdxMm5NQXEycDgiLCJzY3AiOlsiQ2xpZW50X0NyZWRlbnRpYWwiXSwic3ViIjoiMG9hMTFhYjM1NXdxMm5NQXEycDgiLCJJc093bmVyIjpmYWxzZX0.ExtCZrUsdrl04JkfHDtG5b7YVJlajdpuNlaO31zK45nzkCRrqL7SreLJ0DNZiSl_dsXhKiGOy4eR3OvI9ll3vmUKzc0Zxw_eV40yKjhLZ27mxZeb0BC2Sm2UToCQbym1uggzHempGqe54kM0R_jIkvb6abE4SjVwY1MDeBOmbVH9E2QzKDCR1-4mgj2EGTaEKFJrlZBJJ9hfaTppHg0p8ALv5AxgZBXy7F0uCrjmyK1n7AAH9xcg0tZOudWnGXGqVZVdwcc6YEofOE6QhZDtg7fVVpOX0b-8g4LDW7bNT4xOr33DqZ0cwS8o27FuHoI5nYt0Ygn6F3SkNVvs_Ds0-Q', 'Content-Length': '5931', 'Content-Type': 'application/json'} 
 body=b'{"campaignId": "701WD000006YmphYAC", "tourWaveAllotmentId": 2138698, "packageProductId": "01t3s000005q5rdAAA", "contactId": "003WD00000U9fKPYAZ", "destination": "CENTRAL FLORIDA", "reservationRequest": {"checkin": "2025-05-30", "checkout": "2025-06-09", "lengthOfStay": 10, "numberOfGuests": 6, "propertyCode": "dislb", "propertyRoomTypeId": 52, "roomTypeCode": "Upgrade-1K", "inventories": [{"inventoryId": 153081, "night": "2025-06-01"}, {"inventoryId": 1373675, "night": "2025-06-02"}, {"inventoryId": 1373677, "night": "2025-06-03"}, {"inventoryId": 1373678, "night": "2025-06-04"}, {"inventoryId": 1373679, "night": "2025-06-07"}, {"inventoryId": 1373680, "night": "2025-06-05"}, {"inventoryId": 1373681, "night": "2025-06-09"}, {"inventoryId": 1373682, "night": "2025-06-08"}, {"inventoryId": 1373683, "night": "2025-06-10"}, {"inventoryId": 1373684, "night": "2025-06-06"}, {"inventoryId": 153081, "night": "2025-06-01"}, {"inventoryId": 1373672, "night": "2025-05-30"}, {"inventoryId": 1373675, "night": "2025-06-02"}, {"inventoryId": 1373676, "night": "2025-05-31"}, {"inventoryId": 1373677, "night": "2025-06-03"}, {"inventoryId": 1373678, "night": "2025-06-04"}, {"inventoryId": 1373679, "night": "2025-06-07"}, {"inventoryId": 1373680, "night": "2025-06-05"}, {"inventoryId": 1373682, "night": "2025-06-08"}, {"inventoryId": 1373684, "night": "2025-06-06"}, {"inventoryId": 153081, "night": "2025-06-01"}, {"inventoryId": 1373675, "night": "2025-06-02"}, {"inventoryId": 1373676, "night": "2025-05-31"}, {"inventoryId": 1373677, "night": "2025-06-03"}, {"inventoryId": 1373678, "night": "2025-06-04"}, {"inventoryId": 1373679, "night": "2025-06-07"}, {"inventoryId": 1373680, "night": "2025-06-05"}, {"inventoryId": 1373681, "night": "2025-06-09"}, {"inventoryId": 1373682, "night": "2025-06-08"}, {"inventoryId": 1373684, "night": "2025-06-06"}, {"inventoryId": 1373675, "night": "2025-06-02"}, {"inventoryId": 1373677, "night": "2025-06-03"}, {"inventoryId": 1373678, "night": "2025-06-04"}, {"inventoryId": 1373679, "night": "2025-06-07"}, {"inventoryId": 1373680, "night": "2025-06-05"}, {"inventoryId": 1373681, "night": "2025-06-09"}, {"inventoryId": 1373682, "night": "2025-06-08"}, {"inventoryId": 1373683, "night": "2025-06-10"}, {"inventoryId": 1373684, "night": "2025-06-06"}, {"inventoryId": 1373685, "night": "2025-06-11"}, {"inventoryId": 1373678, "night": "2025-06-04"}, {"inventoryId": 1373679, "night": "2025-06-07"}, {"inventoryId": 1373680, "night": "2025-06-05"}, {"inventoryId": 1373681, "night": "2025-06-09"}, {"inventoryId": 1373682, "night": "2025-06-08"}, {"inventoryId": 1373683, "night": "2025-06-10"}, {"inventoryId": 1373684, "night": "2025-06-06"}, {"inventoryId": 1373685, "night": "2025-06-11"}, {"inventoryId": 1373686, "night": "2025-06-12"}, {"inventoryId": 1373687, "night": "2025-06-13"}, {"inventoryId": 1373677, "night": "2025-06-03"}, {"inventoryId": 1373678, "night": "2025-06-04"}, {"inventoryId": 1373679, "night": "2025-06-07"}, {"inventoryId": 1373680, "night": "2025-06-05"}, {"inventoryId": 1373681, "night": "2025-06-09"}, {"inventoryId": 1373682, "night": "2025-06-08"}, {"inventoryId": 1373683, "night": "2025-06-10"}, {"inventoryId": 1373684, "night": "2025-06-06"}, {"inventoryId": 1373685, "night": "2025-06-11"}, {"inventoryId": 1373686, "night": "2025-06-12"}, {"inventoryId": 1373679, "night": "2025-06-07"}, {"inventoryId": 1373681, "night": "2025-06-09"}, {"inventoryId": 1373682, "night": "2025-06-08"}, {"inventoryId": 1373683, "night": "2025-06-10"}, {"inventoryId": 1373685, "night": "2025-06-11"}, {"inventoryId": 1373686, "night": "2025-06-12"}, {"inventoryId": 1373687, "night": "2025-06-13"}, {"inventoryId": 1373688, "night": "2025-06-15"}, {"inventoryId": 1373689, "night": "2025-06-14"}, {"inventoryId": 1373692, "night": "2025-06-16"}, {"inventoryId": 1373679, "night": "2025-06-07"}, {"inventoryId": 1373680, "night": "2025-06-05"}, {"inventoryId": 1373681, "night": "2025-06-09"}, {"inventoryId": 1373682, "night": "2025-06-08"}, {"inventoryId": 1373683, "night": "2025-06-10"}, {"inventoryId": 1373684, "night": "2025-06-06"}, {"inventoryId": 1373685, "night": "2025-06-11"}, {"inventoryId": 1373686, "night": "2025-06-12"}, {"inventoryId": 1373687, "night": "2025-06-13"}, {"inventoryId": 1373689, "night": "2025-06-14"}, {"inventoryId": 1373679, "night": "2025-06-07"}, {"inventoryId": 1373681, "night": "2025-06-09"}, {"inventoryId": 1373682, "night": "2025-06-08"}, {"inventoryId": 1373683, "night": "2025-06-10"}, {"inventoryId": 1373684, "night": "2025-06-06"}, {"inventoryId": 1373685, "night": "2025-06-11"}, {"inventoryId": 1373686, "night": "2025-06-12"}, {"inventoryId": 1373687, "night": "2025-06-13"}, {"inventoryId": 1373688, "night": "2025-06-15"}, {"inventoryId": 1373689, "night": "2025-06-14"}, {"inventoryId": 1373681, "night": "2025-06-09"}, {"inventoryId": 1373683, "night": "2025-06-10"}, {"inventoryId": 1373685, "night": "2025-06-11"}, {"inventoryId": 1373686, "night": "2025-06-12"}, {"inventoryId": 1373687, "night": "2025-06-13"}, {"inventoryId": 1373688, "night": "2025-06-15"}, {"inventoryId": 1373689, "night": "2025-06-14"}, {"inventoryId": 1373690, "night": "2025-06-18"}, {"inventoryId": 1373691, "night": "2025-06-17"}, {"inventoryId": 1373692, "night": "2025-06-16"}, {"inventoryId": 1373681, "night": "2025-06-09"}, {"inventoryId": 1373682, "night": "2025-06-08"}, {"inventoryId": 1373683, "night": "2025-06-10"}, {"inventoryId": 1373685, "night": "2025-06-11"}, {"inventoryId": 1373686, "night": "2025-06-12"}, {"inventoryId": 1373687, "night": "2025-06-13"}, {"inventoryId": 1373688, "night": "2025-06-15"}, {"inventoryId": 1373689, "night": "2025-06-14"}, {"inventoryId": 1373691, "night": "2025-06-17"}, {"inventoryId": 1373692, "night": "2025-06-16"}]}, "primaryPreferredArrivalDate": "2025-05-30", "consent": {"hasReadDetailsOfParticipation": false, "acknowledgesQualificationsAndDefaultCharge": false}}' 
 </msg>
<msg time="2025-05-20T22:55:10.305373" level="INFO">POST Response : url=https://internal-test-apis.orangelake.com/hicv-partners-exp/reservations/bookings 
 status=202, reason=Accepted 
 headers={'Content-Type': 'application/json; charset=UTF-8', 'Content-Length': '251', 'Date': 'Tue, 20 May 2025 17:25:10 GMT', 'x-correlation-id': '53961686-18cb-4ed4-b94e-314dd18b4485', 'Strict-Transport-Security': 'max-age=31536000; includeSubdomains', 'Connection': 'Keep-Alive'} 
 body={
  "stayNumber": "STAY-957261",
  "staySalesforceId": "a5nWD00000AlxTVYAZ",
  "reservationRequestId": "a5mWD000000VipZYAS",
  "tourRequestId": "a5oWD000000HZJ7YAO",
  "opportunityId": "006WD00000CVcmrYAD",
  "message": "Your Stay has been created."
} 
 </msg>
<msg time="2025-05-20T22:55:10.305373" level="INFO">${response} = &lt;Response [202]&gt;</msg>
<var>${response}</var>
<arg>Session</arg>
<arg>${RESERVATION_BOOKING_URL}</arg>
<arg>json=${json_body}</arg>
<doc>Sends a POST request on a previously created HTTP Session.</doc>
<status status="PASS" start="2025-05-20T22:54:48.370357" elapsed="21.935016"/>
</kw>
<kw name="Handle Reservation Response" owner="POST_API_Requests">
<if>
<branch type="IF" condition="'${response.status_code}' == '${ACCEPTED_STATUS_CODE}'">
<kw name="Get From Dictionary" owner="Collections">
<msg time="2025-05-20T22:55:10.309530" level="INFO">${opportunity_id} = 006WD00000CVcmrYAD</msg>
<var>${opportunity_id}</var>
<arg>${response.json()}</arg>
<arg>opportunityId</arg>
<doc>Returns a value from the given ``dictionary`` based on the given ``key``.</doc>
<status status="PASS" start="2025-05-20T22:55:10.309530" elapsed="0.003725"/>
</kw>
<kw name="Get From Dictionary" owner="Collections">
<msg time="2025-05-20T22:55:10.315893" level="INFO">${message} = Your Stay has been created.</msg>
<var>${message}</var>
<arg>${response.json()}</arg>
<arg>message</arg>
<doc>Returns a value from the given ``dictionary`` based on the given ``key``.</doc>
<status status="PASS" start="2025-05-20T22:55:10.313841" elapsed="0.003157"/>
</kw>
<kw name="Should Be Equal As Strings" owner="BuiltIn">
<arg>${message}</arg>
<arg>Your Stay has been created.</arg>
<doc>Fails if objects are unequal after converting them to strings.</doc>
<status status="PASS" start="2025-05-20T22:55:10.318564" elapsed="0.000000"/>
</kw>
<kw name="Set Suite Variable" owner="BuiltIn">
<msg time="2025-05-20T22:55:10.320195" level="INFO">${opportunityId} = 006WD00000CVcmrYAD</msg>
<arg>${opportunityId}</arg>
<arg>${opportunity_id}</arg>
<doc>Makes a variable available everywhere within the scope of the current suite.</doc>
<status status="PASS" start="2025-05-20T22:55:10.320195" elapsed="0.000000"/>
</kw>
<status status="PASS" start="2025-05-20T22:55:10.308797" elapsed="0.011398"/>
</branch>
<branch type="ELSE">
<kw name="Log" owner="BuiltIn">
<arg>*HTML* &lt;font color="red"&gt;Reservation Failed with Status Code: ${response.status_code}&lt;/font&gt;</arg>
<arg>level=ERROR</arg>
<doc>Logs the given message with the given level.</doc>
<status status="NOT RUN" start="2025-05-20T22:55:10.320195" elapsed="0.000000"/>
</kw>
<kw name="Log" owner="BuiltIn">
<arg>*HTML* &lt;font color="red"&gt;Error Response: ${response.text}&lt;/font&gt;</arg>
<arg>level=ERROR</arg>
<doc>Logs the given message with the given level.</doc>
<status status="NOT RUN" start="2025-05-20T22:55:10.324880" elapsed="0.000512"/>
</kw>
<kw name="Fail" owner="BuiltIn">
<arg>Reservation request failed</arg>
<doc>Fails the test with the given message and optionally alters its tags.</doc>
<status status="NOT RUN" start="2025-05-20T22:55:10.325392" elapsed="0.000000"/>
</kw>
<status status="NOT RUN" start="2025-05-20T22:55:10.320195" elapsed="0.005197"/>
</branch>
<status status="PASS" start="2025-05-20T22:55:10.308797" elapsed="0.016595"/>
</if>
<arg>${response}</arg>
<status status="PASS" start="2025-05-20T22:55:10.307557" elapsed="0.017835"/>
</kw>
<doc>POST Reservations Bookings</doc>
<status status="PASS" start="2025-05-20T22:54:48.349015" elapsed="21.976377"/>
</kw>
<doc>Creates final reservation</doc>
<status status="PASS" start="2025-05-20T22:54:48.349015" elapsed="21.976377"/>
</kw>
<arg>${vendor}</arg>
<doc>Handles the complete booking flow</doc>
<status status="PASS" start="2025-05-20T22:54:25.182898" elapsed="45.142494"/>
</kw>
<msg time="2025-05-20T22:55:10.325392" level="INFO">${status} = True</msg>
<var>${status}</var>
<arg>Complete Booking Process</arg>
<arg>${vendor}</arg>
<doc>Runs the given keyword with given arguments and returns the status as a Boolean value.</doc>
<status status="PASS" start="2025-05-20T22:54:25.182898" elapsed="45.142494"/>
</kw>
<kw name="Run Keyword If" owner="BuiltIn">
<kw name="Cancel Reservation Booking" owner="POST_API_Requests">
<kw name="Create Dictionary" owner="BuiltIn">
<msg time="2025-05-20T22:55:10.325392" level="INFO">${headers} = {'x-correlation-id': 'qa-2f3854a4-6a4c-44c8-af21-c810e7b26de6'}</msg>
<var>${headers}</var>
<arg>x-correlation-id=${X_ENV_VALUE}-${uuid}</arg>
<doc>Creates and returns a dictionary based on the given ``items``.</doc>
<status status="PASS" start="2025-05-20T22:55:10.325392" elapsed="0.000000"/>
</kw>
<kw name="Create Session" owner="RequestsLibrary">
<msg time="2025-05-20T22:55:10.325392" level="INFO">Creating Session using : alias=Session, url=https://internal-test-apis.orangelake.com, headers={'x-correlation-id': 'qa-2f3854a4-6a4c-44c8-af21-c810e7b26de6'},                     cookies={}, auth=None, timeout=None, proxies=None, verify=True,                     debug=0 </msg>
<arg>Session</arg>
<arg>${BASE_URL}</arg>
<arg>headers=${headers}</arg>
<arg>verify=true</arg>
<doc>Create Session: create a HTTP session to a server</doc>
<status status="PASS" start="2025-05-20T22:55:10.325392" elapsed="0.000000"/>
</kw>
<kw name="DELETE On Session" owner="RequestsLibrary">
<msg time="2025-05-20T22:55:14.414154" level="INFO">DELETE Request : url=https://internal-test-apis.orangelake.com/hicv-package-proc/brokers/packages/bookings/006WD00000CVcmrYAD 
 path_url=/hicv-package-proc/brokers/packages/bookings/006WD00000CVcmrYAD 
 headers={'User-Agent': 'python-requests/2.32.3', 'Accept-Encoding': 'gzip, deflate', 'Accept': '*/*', 'Connection': 'keep-alive', 'x-correlation-id': 'qa-2f3854a4-6a4c-44c8-af21-c810e7b26de6', 'Content-Length': '0'} 
 body=None 
 </msg>
<msg time="2025-05-20T22:55:14.415027" level="INFO">DELETE Response : url=https://internal-test-apis.orangelake.com/hicv-package-proc/brokers/packages/bookings/006WD00000CVcmrYAD 
 status=202, reason=Accepted 
 headers={'Content-Type': 'application/json; charset=UTF-8', 'Content-Length': '76', 'Date': 'Tue, 20 May 2025 17:25:14 GMT', 'x-correlation-id': 'qa-2f3854a4-6a4c-44c8-af21-c810e7b26de6', 'Strict-Transport-Security': 'max-age=31536000; includeSubdomains', 'Connection': 'Keep-Alive'} 
 body={
  "status": "Success",
  "message": "Reservation Cancelled Successfully"
} 
 </msg>
<msg time="2025-05-20T22:55:14.415027" level="INFO">${response} = &lt;Response [202]&gt;</msg>
<var>${response}</var>
<arg>Session</arg>
<arg>${CANCEL_RESERVATION_URL}${opportunityId}</arg>
<doc>Sends a DELETE request on a previously created HTTP Session.</doc>
<status status="PASS" start="2025-05-20T22:55:10.325392" elapsed="4.089635"/>
</kw>
<kw name="Set Variable" owner="BuiltIn">
<msg time="2025-05-20T22:55:14.415027" level="INFO">${json} = {'status': 'Success', 'message': 'Reservation Cancelled Successfully'}</msg>
<var>${json}</var>
<arg>${response.json()}</arg>
<doc>Returns the given values which can then be assigned to a variables.</doc>
<status status="PASS" start="2025-05-20T22:55:14.415027" elapsed="0.000000"/>
</kw>
<kw name="Run Keyword If" owner="BuiltIn">
<kw name="Verify Cancellation Success" owner="POST_API_Requests">
<kw name="Get From Dictionary" owner="Collections">
<msg time="2025-05-20T22:55:14.421991" level="INFO">${status} = Success</msg>
<var>${status}</var>
<arg>${json}</arg>
<arg>status</arg>
<doc>Returns a value from the given ``dictionary`` based on the given ``key``.</doc>
<status status="PASS" start="2025-05-20T22:55:14.421991" elapsed="0.000000"/>
</kw>
<kw name="Get From Dictionary" owner="Collections">
<msg time="2025-05-20T22:55:14.423425" level="INFO">${message} = Reservation Cancelled Successfully</msg>
<var>${message}</var>
<arg>${json}</arg>
<arg>message</arg>
<doc>Returns a value from the given ``dictionary`` based on the given ``key``.</doc>
<status status="PASS" start="2025-05-20T22:55:14.423425" elapsed="0.000000"/>
</kw>
<kw name="Should Be Equal As Strings" owner="BuiltIn">
<arg>${status}</arg>
<arg>${SUCCESS_STATUS}</arg>
<doc>Fails if objects are unequal after converting them to strings.</doc>
<status status="PASS" start="2025-05-20T22:55:14.423425" elapsed="0.003692"/>
</kw>
<kw name="Should Be Equal As Strings" owner="BuiltIn">
<arg>${message}</arg>
<arg>Reservation Cancelled Successfully</arg>
<doc>Fails if objects are unequal after converting them to strings.</doc>
<status status="PASS" start="2025-05-20T22:55:14.427117" elapsed="0.000000"/>
</kw>
<arg>${json}</arg>
<status status="PASS" start="2025-05-20T22:55:14.420725" elapsed="0.006392"/>
</kw>
<arg>'${response.status_code}' == '${ACCEPTED_STATUS_CODE}'</arg>
<arg>Verify Cancellation Success</arg>
<arg>${json}</arg>
<arg>ELSE</arg>
<arg>Handle Cancellation Failure</arg>
<arg>${response.status_code}</arg>
<arg>${json}</arg>
<doc>Runs the given keyword with the given arguments, if ``condition`` is true.</doc>
<status status="PASS" start="2025-05-20T22:55:14.418930" elapsed="0.008187"/>
</kw>
<doc>Cancel an existing reservation</doc>
<status status="PASS" start="2025-05-20T22:55:10.325392" elapsed="4.101725"/>
</kw>
<arg>${status}</arg>
<arg>Cancel Reservation Booking</arg>
<arg>ELSE</arg>
<arg>Fail</arg>
<arg>Booking process failed</arg>
<doc>Runs the given keyword with the given arguments, if ``condition`` is true.</doc>
<status status="PASS" start="2025-05-20T22:55:10.325392" elapsed="4.101725"/>
</kw>
<arg>${vendor}</arg>
<doc>Executes complete broker cancellation flow</doc>
<status status="PASS" start="2025-05-20T22:54:23.897745" elapsed="50.529372"/>
</kw>
<arg>MonsterRes</arg>
<doc>Executes end-to-end broker self service cancellation tests</doc>
<status status="PASS" start="2025-05-20T22:54:06.480052" elapsed="67.947065"/>
</kw>
<tag>BrokerSelfService</tag>
<tag>Cancellation</tag>
<status status="PASS" start="2025-05-20T22:54:06.473484" elapsed="67.953633"/>
</test>
<doc>Broker Self Service Cancellation Tests</doc>
<status status="PASS" start="2025-05-20T22:54:04.848235" elapsed="69.578882"/>
</suite>
<status status="PASS" start="2025-05-20T22:54:04.839367" elapsed="69.595472"/>
</suite>
<status status="PASS" start="2025-05-20T22:54:04.814254" elapsed="69.620585"/>
</suite>
<statistics>
<total>
<stat pass="1" fail="0" skip="0">All Tests</stat>
</total>
<tag>
<stat pass="1" fail="0" skip="0">BrokerSelfService</stat>
<stat pass="1" fail="0" skip="0">Cancellation</stat>
</tag>
<suite>
<stat name="Broker SelfService Automation" id="s1" pass="1" fail="0" skip="0">Broker SelfService Automation</stat>
<stat name="Tests" id="s1-s1" pass="1" fail="0" skip="0">Broker SelfService Automation.Tests</stat>
<stat name="BrokerSelfService Cancellation" id="s1-s1-s1" pass="1" fail="0" skip="0">Broker SelfService Automation.Tests.BrokerSelfService Cancellation</stat>
</suite>
</statistics>
<errors>
</errors>
</robot>
